<?xml version="1.0" encoding="UTF-8"?>
<robot generator="Robot 7.2.2 (Python 3.12.8 on darwin)" generated="2025-02-21T21:06:53.052397" rpa="false" schemaversion="5">
<suite id="s1" name="1 In" source="/Users/user/Documents/PycharmProjects/robot-basic-pycharm/tests/F-FOR-Loops/1_in.robot">
<test id="s1-t1" name="Loop over list" line="11">
<kw name="Log To Console" owner="BuiltIn">
<arg>Four mamals:</arg>
<doc>Logs the given message to the console.</doc>
<status status="PASS" start="2025-02-21T21:06:53.083130" elapsed="0.000130"/>
</kw>
<for flavor="IN">
<iter>
<kw name="Log To Console" owner="BuiltIn">
<arg>${var}</arg>
<doc>Logs the given message to the console.</doc>
<status status="PASS" start="2025-02-21T21:06:53.083497" elapsed="0.000085"/>
</kw>
<var name="${var}">cat</var>
<status status="PASS" start="2025-02-21T21:06:53.083446" elapsed="0.000161"/>
</iter>
<iter>
<kw name="Log To Console" owner="BuiltIn">
<arg>${var}</arg>
<doc>Logs the given message to the console.</doc>
<status status="PASS" start="2025-02-21T21:06:53.083691" elapsed="0.000069"/>
</kw>
<var name="${var}">dog</var>
<status status="PASS" start="2025-02-21T21:06:53.083655" elapsed="0.000123"/>
</iter>
<iter>
<kw name="Log To Console" owner="BuiltIn">
<arg>${var}</arg>
<doc>Logs the given message to the console.</doc>
<status status="PASS" start="2025-02-21T21:06:53.083846" elapsed="0.000063"/>
</kw>
<var name="${var}">cow</var>
<status status="PASS" start="2025-02-21T21:06:53.083816" elapsed="0.000110"/>
</iter>
<var>${var}</var>
<value>@{mammals}</value>
<status status="PASS" start="2025-02-21T21:06:53.083336" elapsed="0.000604"/>
</for>
<status status="PASS" start="2025-02-21T21:06:53.082686" elapsed="0.001322"/>
</test>
<test id="s1-t2" name="Loop over two lists after each other" line="17">
<kw name="Log To Console" owner="BuiltIn">
<arg>Four mamals &amp; four birds:</arg>
<doc>Logs the given message to the console.</doc>
<status status="PASS" start="2025-02-21T21:06:53.084242" elapsed="0.000054"/>
</kw>
<for flavor="IN">
<iter>
<kw name="Log To Console" owner="BuiltIn">
<arg>${var}</arg>
<doc>Logs the given message to the console.</doc>
<status status="PASS" start="2025-02-21T21:06:53.084432" elapsed="0.000138"/>
</kw>
<var name="${var}">cat</var>
<status status="PASS" start="2025-02-21T21:06:53.084402" elapsed="0.000185"/>
</iter>
<iter>
<kw name="Log To Console" owner="BuiltIn">
<arg>${var}</arg>
<doc>Logs the given message to the console.</doc>
<status status="PASS" start="2025-02-21T21:06:53.084655" elapsed="0.000057"/>
</kw>
<var name="${var}">dog</var>
<status status="PASS" start="2025-02-21T21:06:53.084624" elapsed="0.000104"/>
</iter>
<iter>
<kw name="Log To Console" owner="BuiltIn">
<arg>${var}</arg>
<doc>Logs the given message to the console.</doc>
<status status="PASS" start="2025-02-21T21:06:53.084790" elapsed="0.000054"/>
</kw>
<var name="${var}">cow</var>
<status status="PASS" start="2025-02-21T21:06:53.084760" elapsed="0.000099"/>
</iter>
<iter>
<kw name="Log To Console" owner="BuiltIn">
<arg>${var}</arg>
<doc>Logs the given message to the console.</doc>
<status status="PASS" start="2025-02-21T21:06:53.084919" elapsed="0.000060"/>
</kw>
<var name="${var}">eagle</var>
<status status="PASS" start="2025-02-21T21:06:53.084892" elapsed="0.000100"/>
</iter>
<iter>
<kw name="Log To Console" owner="BuiltIn">
<arg>${var}</arg>
<doc>Logs the given message to the console.</doc>
<status status="PASS" start="2025-02-21T21:06:53.085048" elapsed="0.000053"/>
</kw>
<var name="${var}">falcon</var>
<status status="PASS" start="2025-02-21T21:06:53.085022" elapsed="0.000093"/>
</iter>
<iter>
<kw name="Log To Console" owner="BuiltIn">
<arg>${var}</arg>
<doc>Logs the given message to the console.</doc>
<status status="PASS" start="2025-02-21T21:06:53.085173" elapsed="0.000055"/>
</kw>
<var name="${var}">ladybird</var>
<status status="PASS" start="2025-02-21T21:06:53.085147" elapsed="0.000094"/>
</iter>
<var>${var}</var>
<value>@{mammals}</value>
<value>@{birds}</value>
<status status="PASS" start="2025-02-21T21:06:53.084333" elapsed="0.000920"/>
</for>
<status status="PASS" start="2025-02-21T21:06:53.084107" elapsed="0.001205"/>
</test>
<test id="s1-t3" name="Loop over multiple values" line="23">
<kw name="Log To Console" owner="BuiltIn">
<arg>Four users:</arg>
<doc>Logs the given message to the console.</doc>
<status status="PASS" start="2025-02-21T21:06:53.085517" elapsed="0.000048"/>
</kw>
<for flavor="IN">
<iter>
<kw name="Log To Console" owner="BuiltIn">
<arg>${var}</arg>
<doc>Logs the given message to the console.</doc>
<status status="PASS" start="2025-02-21T21:06:53.085690" elapsed="0.000059"/>
</kw>
<var name="${var}">cat</var>
<status status="PASS" start="2025-02-21T21:06:53.085661" elapsed="0.000103"/>
</iter>
<iter>
<kw name="Log To Console" owner="BuiltIn">
<arg>${var}</arg>
<doc>Logs the given message to the console.</doc>
<status status="PASS" start="2025-02-21T21:06:53.085823" elapsed="0.000054"/>
</kw>
<var name="${var}">dog</var>
<status status="PASS" start="2025-02-21T21:06:53.085796" elapsed="0.000096"/>
</iter>
<iter>
<kw name="Log To Console" owner="BuiltIn">
<arg>${var}</arg>
<doc>Logs the given message to the console.</doc>
<status status="PASS" start="2025-02-21T21:06:53.085954" elapsed="0.000054"/>
</kw>
<var name="${var}">cow</var>
<status status="PASS" start="2025-02-21T21:06:53.085925" elapsed="0.000096"/>
</iter>
<iter>
<kw name="Log To Console" owner="BuiltIn">
<arg>${var}</arg>
<doc>Logs the given message to the console.</doc>
<status status="PASS" start="2025-02-21T21:06:53.086078" elapsed="0.003433"/>
</kw>
<var name="${var}">eagle</var>
<status status="PASS" start="2025-02-21T21:06:53.086052" elapsed="0.003504"/>
</iter>
<iter>
<kw name="Log To Console" owner="BuiltIn">
<arg>${var}</arg>
<doc>Logs the given message to the console.</doc>
<status status="PASS" start="2025-02-21T21:06:53.089712" elapsed="0.000114"/>
</kw>
<var name="${var}">falcon</var>
<status status="PASS" start="2025-02-21T21:06:53.089643" elapsed="0.000201"/>
</iter>
<iter>
<kw name="Log To Console" owner="BuiltIn">
<arg>${var}</arg>
<doc>Logs the given message to the console.</doc>
<status status="PASS" start="2025-02-21T21:06:53.089919" elapsed="0.000072"/>
</kw>
<var name="${var}">ladybird</var>
<status status="PASS" start="2025-02-21T21:06:53.089885" elapsed="0.000122"/>
</iter>
<var>${var}</var>
<value>@{mammals}</value>
<value>@{birds}</value>
<status status="PASS" start="2025-02-21T21:06:53.085598" elapsed="0.004423"/>
</for>
<status status="PASS" start="2025-02-21T21:06:53.085399" elapsed="0.004704"/>
</test>
<status status="PASS" start="2025-02-21T21:06:53.053788" elapsed="0.036538"/>
</suite>
<statistics>
<total>
<stat pass="3" fail="0" skip="0">All Tests</stat>
</total>
<tag>
</tag>
<suite>
<stat name="1 In" id="s1" pass="3" fail="0" skip="0">1 In</stat>
</suite>
</statistics>
<errors>
</errors>
</robot>
