<?xml version="1.0" encoding="UTF-8"?>
<robot generator="Robot 7.2.2 (Python 3.12.8 on darwin)" generated="2025-02-21T20:27:23.940376" rpa="false" schemaversion="5">
<suite id="s1" name="1 Scalar" source="/Users/user/Documents/PycharmProjects/robot-basic-pycharm/tests/E-Variables/1_Scalar.robot">
<test id="s1-t1" name="Test Case With Variables" line="7">
<kw name="Log" owner="BuiltIn">
<msg time="2025-02-21T20:27:23.963943" level="INFO">This is a global variable!</msg>
<arg>${GLOBAL_VAR1}</arg>
<doc>Logs the given message with the given level.</doc>
<status status="PASS" start="2025-02-21T20:27:23.963802" elapsed="0.000184"/>
</kw>
<kw name="Log" owner="BuiltIn">
<msg time="2025-02-21T20:27:23.964177" level="INFO">String concadination Is simple with "This is a global variable!" and "Equal sign is optional but sometimes helpful."</msg>
<arg>String concadination Is simple with "${GLOBAL_VAR1}" and "${ANOTHER_GLOBAL}"</arg>
<doc>Logs the given message with the given level.</doc>
<status status="PASS" start="2025-02-21T20:27:23.964084" elapsed="0.000117"/>
</kw>
<kw name="Log" owner="BuiltIn">
<msg time="2025-02-21T20:27:23.964319" level="INFO">Escaping with backslash. Then you can use names like ${GLOBAL_VAR1}</msg>
<arg>Escaping with backslash. Then you can use names like \${GLOBAL_VAR1}</arg>
<doc>Logs the given message with the given level.</doc>
<status status="PASS" start="2025-02-21T20:27:23.964268" elapsed="0.000070"/>
</kw>
<status status="PASS" start="2025-02-21T20:27:23.963289" elapsed="0.001116"/>
</test>
<test id="s1-t2" name="Test with Numbers" line="12">
<kw name="Log" owner="BuiltIn">
<msg time="2025-02-21T20:27:23.964833" level="INFO">1 is a string and 1 is an integer...</msg>
<arg>1 is a string and ${1} is an integer...</arg>
<doc>Logs the given message with the given level.</doc>
<status status="PASS" start="2025-02-21T20:27:23.964638" elapsed="0.000216"/>
</kw>
<kw name="Evaluate" owner="BuiltIn">
<msg time="2025-02-21T20:27:23.965031" level="INFO">${result} = 2</msg>
<var>${result}</var>
<arg>1 + 1</arg>
<doc>Evaluates the given expression in Python and returns the result.</doc>
<status status="PASS" start="2025-02-21T20:27:23.964919" elapsed="0.000123"/>
</kw>
<kw name="Should Be Equal" owner="BuiltIn">
<arg>${result}</arg>
<arg>${2}</arg>
<doc>Fails if the given objects are unequal.</doc>
<status status="PASS" start="2025-02-21T20:27:23.965100" elapsed="0.000253"/>
</kw>
<kw name="Should Not Be Equal" owner="BuiltIn">
<msg time="2025-02-21T20:27:23.965464" level="INFO">Argument types are:
&lt;class 'int'&gt;
&lt;class 'str'&gt;</msg>
<arg>${result}</arg>
<arg>2</arg>
<doc>Fails if the given objects are equal.</doc>
<status status="PASS" start="2025-02-21T20:27:23.965409" elapsed="0.000078"/>
</kw>
<status status="PASS" start="2025-02-21T20:27:23.964507" elapsed="0.001036"/>
</test>
<test id="s1-t3" name="Test Case with Return Values" line="18">
<kw name="Log" owner="BuiltIn">
<msg time="2025-02-21T20:27:23.965870" level="INFO">Return Values can be assigned to Variables</msg>
<arg>Return Values can be assigned to Variables</arg>
<doc>Logs the given message with the given level.</doc>
<status status="PASS" start="2025-02-21T20:27:23.965757" elapsed="0.000132"/>
</kw>
<kw name="Get Hello World As Text">
<kw name="Log" owner="BuiltIn">
<msg time="2025-02-21T20:27:23.966183" level="INFO">this keyword just returns the string "Hello World"</msg>
<arg>this keyword just returns the string "Hello World"</arg>
<doc>Logs the given message with the given level.</doc>
<status status="PASS" start="2025-02-21T20:27:23.966147" elapsed="0.000055"/>
</kw>
<return>
<value>Hello World</value>
<status status="PASS" start="2025-02-21T20:27:23.966226" elapsed="0.000029"/>
</return>
<msg time="2025-02-21T20:27:23.966306" level="INFO">${the_returned_text} = Hello World</msg>
<var>${the_returned_text}</var>
<status status="PASS" start="2025-02-21T20:27:23.966018" elapsed="0.000299"/>
</kw>
<kw name="Log To Console" owner="BuiltIn">
<arg>${the_returned_text}</arg>
<doc>Logs the given message to the console.</doc>
<status status="PASS" start="2025-02-21T20:27:23.966367" elapsed="0.000067"/>
</kw>
<status status="PASS" start="2025-02-21T20:27:23.965634" elapsed="0.000848"/>
</test>
<test id="s1-t4" name="Test With Arguments and Return Values" line="23">
<kw name="Count the Length and Log To Console">
<kw name="Get Length" owner="BuiltIn">
<msg time="2025-02-21T20:27:23.966864" level="INFO">Length is 32.</msg>
<msg time="2025-02-21T20:27:23.966894" level="INFO">${length} = 32</msg>
<var>${length}</var>
<arg>${text}</arg>
<doc>Returns and logs the length of the given item as an integer.</doc>
<status status="PASS" start="2025-02-21T20:27:23.966817" elapsed="0.000087"/>
</kw>
<kw name="Log To Console" owner="BuiltIn">
<arg>\nThe Text "${text}" has ${length} characters...</arg>
<doc>Logs the given message to the console.</doc>
<status status="PASS" start="2025-02-21T20:27:23.966942" elapsed="0.000082"/>
</kw>
<return>
<value>${length}</value>
<status status="PASS" start="2025-02-21T20:27:23.967045" elapsed="0.000019"/>
</return>
<msg time="2025-02-21T20:27:23.967116" level="INFO">${len} = 32</msg>
<var>${len}</var>
<arg>Hello Robot Framework Community!</arg>
<status status="PASS" start="2025-02-21T20:27:23.966713" elapsed="0.000413"/>
</kw>
<kw name="Should Be Equal" owner="BuiltIn">
<arg>${len}</arg>
<arg>${32}</arg>
<doc>Fails if the given objects are unequal.</doc>
<status status="PASS" start="2025-02-21T20:27:23.967179" elapsed="0.000178"/>
</kw>
<status status="PASS" start="2025-02-21T20:27:23.966557" elapsed="0.000852"/>
</test>
<test id="s1-t5" name="Test With Environment Variables" line="27">
<kw name="Log" owner="BuiltIn">
<msg time="2025-02-21T20:27:23.967649" level="INFO">Environment Variables are prefixed with % sign.</msg>
<arg>Environment Variables are prefixed with % sign.</arg>
<doc>Logs the given message with the given level.</doc>
<status status="PASS" start="2025-02-21T20:27:23.967609" elapsed="0.000059"/>
</kw>
<kw name="Log To Console" owner="BuiltIn">
<arg>The /%{USER} is: %{USER}</arg>
<doc>Logs the given message to the console.</doc>
<status status="PASS" start="2025-02-21T20:27:23.967717" elapsed="0.000074"/>
</kw>
<kw name="Log To Console" owner="BuiltIn">
<arg>The /%{HOME} is: %{HOME}</arg>
<doc>Logs the given message to the console.</doc>
<status status="PASS" start="2025-02-21T20:27:23.967838" elapsed="0.000060"/>
</kw>
<status status="PASS" start="2025-02-21T20:27:23.967488" elapsed="0.000457"/>
</test>
<test id="s1-t6" name="Test with BuiltIn Variables of Robot Framework" line="32">
<kw name="Log Variables" owner="BuiltIn">
<msg time="2025-02-21T20:27:23.968591" level="INFO">${/} = /</msg>
<msg time="2025-02-21T20:27:23.968609" level="INFO">${:} = :</msg>
<msg time="2025-02-21T20:27:23.968621" level="INFO">${\n} = 
</msg>
<msg time="2025-02-21T20:27:23.968632" level="INFO">${ANOTHER_GLOBAL} = Equal sign is optional but sometimes helpful.</msg>
<msg time="2025-02-21T20:27:23.968643" level="INFO">${DEBUG_FILE} = NONE</msg>
<msg time="2025-02-21T20:27:23.968652" level="INFO">${EXECDIR} = /Users/user/Documents/PycharmProjects/robot-basic-pycharm</msg>
<msg time="2025-02-21T20:27:23.968663" level="INFO">${False} = False</msg>
<msg time="2025-02-21T20:27:23.968673" level="INFO">${GLOBAL_VAR1} = This is a global variable!</msg>
<msg time="2025-02-21T20:27:23.968683" level="INFO">${LOG_FILE} = /Users/user/Documents/PycharmProjects/robot-basic-pycharm/tests/E-Variables/reports/log.html</msg>
<msg time="2025-02-21T20:27:23.968693" level="INFO">${LOG_LEVEL} = INFO</msg>
<msg time="2025-02-21T20:27:23.968702" level="INFO">${None} = None</msg>
<msg time="2025-02-21T20:27:23.968712" level="INFO">${null} = None</msg>
<msg time="2025-02-21T20:27:23.968735" level="INFO">&amp;{OPTIONS} = { include=[] | exclude=[] | skip=[] | skip_on_failure=[] | console_width=78 }</msg>
<msg time="2025-02-21T20:27:23.968746" level="INFO">${OUTPUT_DIR} = /Users/user/Documents/PycharmProjects/robot-basic-pycharm/tests/E-Variables/reports</msg>
<msg time="2025-02-21T20:27:23.968756" level="INFO">${OUTPUT_FILE} = /Users/user/Documents/PycharmProjects/robot-basic-pycharm/tests/E-Variables/reports/output.xml</msg>
<msg time="2025-02-21T20:27:23.968993" level="INFO">${PREV_TEST_MESSAGE} = </msg>
<msg time="2025-02-21T20:27:23.969005" level="INFO">${PREV_TEST_NAME} = Test With Environment Variables</msg>
<msg time="2025-02-21T20:27:23.969015" level="INFO">${PREV_TEST_STATUS} = PASS</msg>
<msg time="2025-02-21T20:27:23.969025" level="INFO">${REPORT_FILE} = /Users/user/Documents/PycharmProjects/robot-basic-pycharm/tests/E-Variables/reports/report.html</msg>
<msg time="2025-02-21T20:27:23.969035" level="INFO">${SPACE} =  </msg>
<msg time="2025-02-21T20:27:23.969045" level="INFO">${SUITE_DOCUMENTATION} = </msg>
<msg time="2025-02-21T20:27:23.969059" level="INFO">&amp;{SUITE_METADATA} = { }</msg>
<msg time="2025-02-21T20:27:23.969069" level="INFO">${SUITE_NAME} = 1 Scalar</msg>
<msg time="2025-02-21T20:27:23.969078" level="INFO">${SUITE_SOURCE} = /Users/user/Documents/PycharmProjects/robot-basic-pycharm/tests/E-Variables/1_Scalar.robot</msg>
<msg time="2025-02-21T20:27:23.969088" level="INFO">${TEMPDIR} = /var/folders/yc/9p16v6_x74j8ydb5q_h3twb40000gn/T</msg>
<msg time="2025-02-21T20:27:23.969098" level="INFO">${TEST_DOCUMENTATION} = </msg>
<msg time="2025-02-21T20:27:23.969107" level="INFO">${TEST_NAME} = Test with BuiltIn Variables of Robot Framework</msg>
<msg time="2025-02-21T20:27:23.969121" level="INFO">@{TEST_TAGS} = [ ]</msg>
<msg time="2025-02-21T20:27:23.969132" level="INFO">${True} = True</msg>
<doc>Logs all variables in the current scope with given log level.</doc>
<status status="PASS" start="2025-02-21T20:27:23.968147" elapsed="0.001006"/>
</kw>
<kw name="Get Variables" owner="BuiltIn">
<msg time="2025-02-21T20:27:23.969407" level="INFO">${all_vars} = {'${/}': '/', '${:}': ':', '${\\n}': '\n', '${ANOTHER_GLOBAL}': 'Equal sign is optional but sometimes helpful.', '${DEBUG_FILE}': 'NONE', '${EXECDIR}': '/Users/user/Documents/PycharmProjects/robot-bas...</msg>
<var>${all_vars}</var>
<doc>Returns a dictionary containing all variables in the current scope.</doc>
<status status="PASS" start="2025-02-21T20:27:23.969222" elapsed="0.000198"/>
</kw>
<for flavor="IN">
<iter>
<kw name="Get Variable Value" owner="BuiltIn">
<msg time="2025-02-21T20:27:23.969712" level="INFO">${value} = /</msg>
<var>${value}</var>
<arg>${var}</arg>
<doc>Returns variable value or ``default`` if the variable does not exist.</doc>
<status status="PASS" start="2025-02-21T20:27:23.969623" elapsed="0.000101"/>
</kw>
<kw name="Log To Console" owner="BuiltIn">
<arg>${var} : ${value}</arg>
<doc>Logs the given message to the console.</doc>
<status status="PASS" start="2025-02-21T20:27:23.969765" elapsed="0.000082"/>
</kw>
<var name="${var}">${/}</var>
<status status="PASS" start="2025-02-21T20:27:23.969578" elapsed="0.000285"/>
</iter>
<iter>
<kw name="Get Variable Value" owner="BuiltIn">
<msg time="2025-02-21T20:27:23.970022" level="INFO">${value} = :</msg>
<var>${value}</var>
<arg>${var}</arg>
<doc>Returns variable value or ``default`` if the variable does not exist.</doc>
<status status="PASS" start="2025-02-21T20:27:23.969946" elapsed="0.000087"/>
</kw>
<kw name="Log To Console" owner="BuiltIn">
<arg>${var} : ${value}</arg>
<doc>Logs the given message to the console.</doc>
<status status="PASS" start="2025-02-21T20:27:23.970070" elapsed="0.000075"/>
</kw>
<var name="${var}">${:}</var>
<status status="PASS" start="2025-02-21T20:27:23.969910" elapsed="0.000251"/>
</iter>
<iter>
<kw name="Get Variable Value" owner="BuiltIn">
<msg time="2025-02-21T20:27:23.970310" level="INFO">${value} = 
</msg>
<var>${value}</var>
<arg>${var}</arg>
<doc>Returns variable value or ``default`` if the variable does not exist.</doc>
<status status="PASS" start="2025-02-21T20:27:23.970233" elapsed="0.000088"/>
</kw>
<kw name="Log To Console" owner="BuiltIn">
<arg>${var} : ${value}</arg>
<doc>Logs the given message to the console.</doc>
<status status="PASS" start="2025-02-21T20:27:23.970357" elapsed="0.000072"/>
</kw>
<var name="${var}">${\n}</var>
<status status="PASS" start="2025-02-21T20:27:23.970201" elapsed="0.000289"/>
</iter>
<iter>
<kw name="Get Variable Value" owner="BuiltIn">
<msg time="2025-02-21T20:27:23.970802" level="INFO">${value} = Equal sign is optional but sometimes helpful.</msg>
<var>${value}</var>
<arg>${var}</arg>
<doc>Returns variable value or ``default`` if the variable does not exist.</doc>
<status status="PASS" start="2025-02-21T20:27:23.970677" elapsed="0.000140"/>
</kw>
<kw name="Log To Console" owner="BuiltIn">
<arg>${var} : ${value}</arg>
<doc>Logs the given message to the console.</doc>
<status status="PASS" start="2025-02-21T20:27:23.970868" elapsed="0.000106"/>
</kw>
<var name="${var}">${ANOTHER_GLOBAL}</var>
<status status="PASS" start="2025-02-21T20:27:23.970597" elapsed="0.000395"/>
</iter>
<iter>
<kw name="Get Variable Value" owner="BuiltIn">
<msg time="2025-02-21T20:27:23.971165" level="INFO">${value} = NONE</msg>
<var>${value}</var>
<arg>${var}</arg>
<doc>Returns variable value or ``default`` if the variable does not exist.</doc>
<status status="PASS" start="2025-02-21T20:27:23.971080" elapsed="0.000114"/>
</kw>
<kw name="Log To Console" owner="BuiltIn">
<arg>${var} : ${value}</arg>
<doc>Logs the given message to the console.</doc>
<status status="PASS" start="2025-02-21T20:27:23.971264" elapsed="0.000128"/>
</kw>
<var name="${var}">${DEBUG_FILE}</var>
<status status="PASS" start="2025-02-21T20:27:23.971040" elapsed="0.000375"/>
</iter>
<iter>
<kw name="Get Variable Value" owner="BuiltIn">
<msg time="2025-02-21T20:27:23.971600" level="INFO">${value} = /Users/user/Documents/PycharmProjects/robot-basic-pycharm</msg>
<var>${value}</var>
<arg>${var}</arg>
<doc>Returns variable value or ``default`` if the variable does not exist.</doc>
<status status="PASS" start="2025-02-21T20:27:23.971517" elapsed="0.000096"/>
</kw>
<kw name="Log To Console" owner="BuiltIn">
<arg>${var} : ${value}</arg>
<doc>Logs the given message to the console.</doc>
<status status="PASS" start="2025-02-21T20:27:23.971654" elapsed="0.000092"/>
</kw>
<var name="${var}">${EXECDIR}</var>
<status status="PASS" start="2025-02-21T20:27:23.971475" elapsed="0.000311"/>
</iter>
<iter>
<kw name="Get Variable Value" owner="BuiltIn">
<msg time="2025-02-21T20:27:23.972003" level="INFO">${value} = False</msg>
<var>${value}</var>
<arg>${var}</arg>
<doc>Returns variable value or ``default`` if the variable does not exist.</doc>
<status status="PASS" start="2025-02-21T20:27:23.971903" elapsed="0.000115"/>
</kw>
<kw name="Log To Console" owner="BuiltIn">
<arg>${var} : ${value}</arg>
<doc>Logs the given message to the console.</doc>
<status status="PASS" start="2025-02-21T20:27:23.972067" elapsed="0.000121"/>
</kw>
<var name="${var}">${False}</var>
<status status="PASS" start="2025-02-21T20:27:23.971853" elapsed="0.000352"/>
</iter>
<iter>
<kw name="Get Variable Value" owner="BuiltIn">
<msg time="2025-02-21T20:27:23.972519" level="INFO">${value} = This is a global variable!</msg>
<var>${value}</var>
<arg>${var}</arg>
<doc>Returns variable value or ``default`` if the variable does not exist.</doc>
<status status="PASS" start="2025-02-21T20:27:23.972391" elapsed="0.000147"/>
</kw>
<kw name="Log To Console" owner="BuiltIn">
<arg>${var} : ${value}</arg>
<doc>Logs the given message to the console.</doc>
<status status="PASS" start="2025-02-21T20:27:23.972591" elapsed="0.000102"/>
</kw>
<var name="${var}">${GLOBAL_VAR1}</var>
<status status="PASS" start="2025-02-21T20:27:23.972308" elapsed="0.000402"/>
</iter>
<iter>
<kw name="Get Variable Value" owner="BuiltIn">
<msg time="2025-02-21T20:27:23.972882" level="INFO">${value} = /Users/user/Documents/PycharmProjects/robot-basic-pycharm/tests/E-Variables/reports/log.html</msg>
<var>${value}</var>
<arg>${var}</arg>
<doc>Returns variable value or ``default`` if the variable does not exist.</doc>
<status status="PASS" start="2025-02-21T20:27:23.972803" elapsed="0.000095"/>
</kw>
<kw name="Log To Console" owner="BuiltIn">
<arg>${var} : ${value}</arg>
<doc>Logs the given message to the console.</doc>
<status status="PASS" start="2025-02-21T20:27:23.972940" elapsed="0.000074"/>
</kw>
<var name="${var}">${LOG_FILE}</var>
<status status="PASS" start="2025-02-21T20:27:23.972765" elapsed="0.000264"/>
</iter>
<iter>
<kw name="Get Variable Value" owner="BuiltIn">
<msg time="2025-02-21T20:27:23.973232" level="INFO">${value} = INFO</msg>
<var>${value}</var>
<arg>${var}</arg>
<doc>Returns variable value or ``default`` if the variable does not exist.</doc>
<status status="PASS" start="2025-02-21T20:27:23.973156" elapsed="0.000088"/>
</kw>
<kw name="Log To Console" owner="BuiltIn">
<arg>${var} : ${value}</arg>
<doc>Logs the given message to the console.</doc>
<status status="PASS" start="2025-02-21T20:27:23.973282" elapsed="0.000076"/>
</kw>
<var name="${var}">${LOG_LEVEL}</var>
<status status="PASS" start="2025-02-21T20:27:23.973122" elapsed="0.000252"/>
</iter>
<iter>
<kw name="Get Variable Value" owner="BuiltIn">
<msg time="2025-02-21T20:27:23.973516" level="INFO">${value} = None</msg>
<var>${value}</var>
<arg>${var}</arg>
<doc>Returns variable value or ``default`` if the variable does not exist.</doc>
<status status="PASS" start="2025-02-21T20:27:23.973442" elapsed="0.000085"/>
</kw>
<kw name="Log To Console" owner="BuiltIn">
<arg>${var} : ${value}</arg>
<doc>Logs the given message to the console.</doc>
<status status="PASS" start="2025-02-21T20:27:23.973564" elapsed="0.000073"/>
</kw>
<var name="${var}">${None}</var>
<status status="PASS" start="2025-02-21T20:27:23.973411" elapsed="0.000241"/>
</iter>
<iter>
<kw name="Get Variable Value" owner="BuiltIn">
<msg time="2025-02-21T20:27:23.973790" level="INFO">${value} = None</msg>
<var>${value}</var>
<arg>${var}</arg>
<doc>Returns variable value or ``default`` if the variable does not exist.</doc>
<status status="PASS" start="2025-02-21T20:27:23.973720" elapsed="0.000081"/>
</kw>
<kw name="Log To Console" owner="BuiltIn">
<arg>${var} : ${value}</arg>
<doc>Logs the given message to the console.</doc>
<status status="PASS" start="2025-02-21T20:27:23.973837" elapsed="0.000071"/>
</kw>
<var name="${var}">${null}</var>
<status status="PASS" start="2025-02-21T20:27:23.973688" elapsed="0.000236"/>
</iter>
<iter>
<kw name="Get Variable Value" owner="BuiltIn">
<msg time="2025-02-21T20:27:23.974066" level="INFO">${value} = /Users/user/Documents/PycharmProjects/robot-basic-pycharm/tests/E-Variables/reports</msg>
<var>${value}</var>
<arg>${var}</arg>
<doc>Returns variable value or ``default`` if the variable does not exist.</doc>
<status status="PASS" start="2025-02-21T20:27:23.973993" elapsed="0.000084"/>
</kw>
<kw name="Log To Console" owner="BuiltIn">
<arg>${var} : ${value}</arg>
<doc>Logs the given message to the console.</doc>
<status status="PASS" start="2025-02-21T20:27:23.974149" elapsed="0.000610"/>
</kw>
<var name="${var}">${OUTPUT_DIR}</var>
<status status="PASS" start="2025-02-21T20:27:23.973961" elapsed="0.000829"/>
</iter>
<iter>
<kw name="Get Variable Value" owner="BuiltIn">
<msg time="2025-02-21T20:27:23.975021" level="INFO">${value} = /Users/user/Documents/PycharmProjects/robot-basic-pycharm/tests/E-Variables/reports/output.xml</msg>
<var>${value}</var>
<arg>${var}</arg>
<doc>Returns variable value or ``default`` if the variable does not exist.</doc>
<status status="PASS" start="2025-02-21T20:27:23.974919" elapsed="0.000116"/>
</kw>
<kw name="Log To Console" owner="BuiltIn">
<arg>${var} : ${value}</arg>
<doc>Logs the given message to the console.</doc>
<status status="PASS" start="2025-02-21T20:27:23.975079" elapsed="0.000087"/>
</kw>
<var name="${var}">${OUTPUT_FILE}</var>
<status status="PASS" start="2025-02-21T20:27:23.974859" elapsed="0.000324"/>
</iter>
<iter>
<kw name="Get Variable Value" owner="BuiltIn">
<msg time="2025-02-21T20:27:23.975339" level="INFO">${value} = </msg>
<var>${value}</var>
<arg>${var}</arg>
<doc>Returns variable value or ``default`` if the variable does not exist.</doc>
<status status="PASS" start="2025-02-21T20:27:23.975261" elapsed="0.000089"/>
</kw>
<kw name="Log To Console" owner="BuiltIn">
<arg>${var} : ${value}</arg>
<doc>Logs the given message to the console.</doc>
<status status="PASS" start="2025-02-21T20:27:23.975388" elapsed="0.000079"/>
</kw>
<var name="${var}">${PREV_TEST_MESSAGE}</var>
<status status="PASS" start="2025-02-21T20:27:23.975226" elapsed="0.000257"/>
</iter>
<iter>
<kw name="Get Variable Value" owner="BuiltIn">
<msg time="2025-02-21T20:27:23.975625" level="INFO">${value} = Test With Environment Variables</msg>
<var>${value}</var>
<arg>${var}</arg>
<doc>Returns variable value or ``default`` if the variable does not exist.</doc>
<status status="PASS" start="2025-02-21T20:27:23.975551" elapsed="0.000085"/>
</kw>
<kw name="Log To Console" owner="BuiltIn">
<arg>${var} : ${value}</arg>
<doc>Logs the given message to the console.</doc>
<status status="PASS" start="2025-02-21T20:27:23.975672" elapsed="0.000074"/>
</kw>
<var name="${var}">${PREV_TEST_NAME}</var>
<status status="PASS" start="2025-02-21T20:27:23.975520" elapsed="0.000242"/>
</iter>
<iter>
<kw name="Get Variable Value" owner="BuiltIn">
<msg time="2025-02-21T20:27:23.975910" level="INFO">${value} = PASS</msg>
<var>${value}</var>
<arg>${var}</arg>
<doc>Returns variable value or ``default`` if the variable does not exist.</doc>
<status status="PASS" start="2025-02-21T20:27:23.975830" elapsed="0.000091"/>
</kw>
<kw name="Log To Console" owner="BuiltIn">
<arg>${var} : ${value}</arg>
<doc>Logs the given message to the console.</doc>
<status status="PASS" start="2025-02-21T20:27:23.975958" elapsed="0.000075"/>
</kw>
<var name="${var}">${PREV_TEST_STATUS}</var>
<status status="PASS" start="2025-02-21T20:27:23.975799" elapsed="0.000249"/>
</iter>
<iter>
<kw name="Get Variable Value" owner="BuiltIn">
<msg time="2025-02-21T20:27:23.976311" level="INFO">${value} = /Users/user/Documents/PycharmProjects/robot-basic-pycharm/tests/E-Variables/reports/report.html</msg>
<var>${value}</var>
<arg>${var}</arg>
<doc>Returns variable value or ``default`` if the variable does not exist.</doc>
<status status="PASS" start="2025-02-21T20:27:23.976114" elapsed="0.000210"/>
</kw>
<kw name="Log To Console" owner="BuiltIn">
<arg>${var} : ${value}</arg>
<doc>Logs the given message to the console.</doc>
<status status="PASS" start="2025-02-21T20:27:23.976365" elapsed="0.000074"/>
</kw>
<var name="${var}">${REPORT_FILE}</var>
<status status="PASS" start="2025-02-21T20:27:23.976084" elapsed="0.000372"/>
</iter>
<iter>
<kw name="Get Variable Value" owner="BuiltIn">
<msg time="2025-02-21T20:27:23.976597" level="INFO">${value} =  </msg>
<var>${value}</var>
<arg>${var}</arg>
<doc>Returns variable value or ``default`` if the variable does not exist.</doc>
<status status="PASS" start="2025-02-21T20:27:23.976526" elapsed="0.000082"/>
</kw>
<kw name="Log To Console" owner="BuiltIn">
<arg>${var} : ${value}</arg>
<doc>Logs the given message to the console.</doc>
<status status="PASS" start="2025-02-21T20:27:23.976645" elapsed="0.000073"/>
</kw>
<var name="${var}">${SPACE}</var>
<status status="PASS" start="2025-02-21T20:27:23.976494" elapsed="0.000240"/>
</iter>
<iter>
<kw name="Get Variable Value" owner="BuiltIn">
<msg time="2025-02-21T20:27:23.976878" level="INFO">${value} = </msg>
<var>${value}</var>
<arg>${var}</arg>
<doc>Returns variable value or ``default`` if the variable does not exist.</doc>
<status status="PASS" start="2025-02-21T20:27:23.976802" elapsed="0.000086"/>
</kw>
<kw name="Log To Console" owner="BuiltIn">
<arg>${var} : ${value}</arg>
<doc>Logs the given message to the console.</doc>
<status status="PASS" start="2025-02-21T20:27:23.976924" elapsed="0.000067"/>
</kw>
<var name="${var}">${SUITE_DOCUMENTATION}</var>
<status status="PASS" start="2025-02-21T20:27:23.976771" elapsed="0.000235"/>
</iter>
<iter>
<kw name="Get Variable Value" owner="BuiltIn">
<msg time="2025-02-21T20:27:23.977142" level="INFO">${value} = 1 Scalar</msg>
<var>${value}</var>
<arg>${var}</arg>
<doc>Returns variable value or ``default`` if the variable does not exist.</doc>
<status status="PASS" start="2025-02-21T20:27:23.977073" elapsed="0.000080"/>
</kw>
<kw name="Log To Console" owner="BuiltIn">
<arg>${var} : ${value}</arg>
<doc>Logs the given message to the console.</doc>
<status status="PASS" start="2025-02-21T20:27:23.977189" elapsed="0.000068"/>
</kw>
<var name="${var}">${SUITE_NAME}</var>
<status status="PASS" start="2025-02-21T20:27:23.977043" elapsed="0.000228"/>
</iter>
<iter>
<kw name="Get Variable Value" owner="BuiltIn">
<msg time="2025-02-21T20:27:23.977451" level="INFO">${value} = /Users/user/Documents/PycharmProjects/robot-basic-pycharm/tests/E-Variables/1_Scalar.robot</msg>
<var>${value}</var>
<arg>${var}</arg>
<doc>Returns variable value or ``default`` if the variable does not exist.</doc>
<status status="PASS" start="2025-02-21T20:27:23.977376" elapsed="0.000087"/>
</kw>
<kw name="Log To Console" owner="BuiltIn">
<arg>${var} : ${value}</arg>
<doc>Logs the given message to the console.</doc>
<status status="PASS" start="2025-02-21T20:27:23.977499" elapsed="0.000068"/>
</kw>
<var name="${var}">${SUITE_SOURCE}</var>
<status status="PASS" start="2025-02-21T20:27:23.977345" elapsed="0.000237"/>
</iter>
<iter>
<kw name="Get Variable Value" owner="BuiltIn">
<msg time="2025-02-21T20:27:23.977721" level="INFO">${value} = /var/folders/yc/9p16v6_x74j8ydb5q_h3twb40000gn/T</msg>
<var>${value}</var>
<arg>${var}</arg>
<doc>Returns variable value or ``default`` if the variable does not exist.</doc>
<status status="PASS" start="2025-02-21T20:27:23.977648" elapsed="0.000084"/>
</kw>
<kw name="Log To Console" owner="BuiltIn">
<arg>${var} : ${value}</arg>
<doc>Logs the given message to the console.</doc>
<status status="PASS" start="2025-02-21T20:27:23.977769" elapsed="0.000070"/>
</kw>
<var name="${var}">${TEMPDIR}</var>
<status status="PASS" start="2025-02-21T20:27:23.977617" elapsed="0.000237"/>
</iter>
<iter>
<kw name="Get Variable Value" owner="BuiltIn">
<msg time="2025-02-21T20:27:23.978190" level="INFO">${value} = </msg>
<var>${value}</var>
<arg>${var}</arg>
<doc>Returns variable value or ``default`` if the variable does not exist.</doc>
<status status="PASS" start="2025-02-21T20:27:23.978059" elapsed="0.000147"/>
</kw>
<kw name="Log To Console" owner="BuiltIn">
<arg>${var} : ${value}</arg>
<doc>Logs the given message to the console.</doc>
<status status="PASS" start="2025-02-21T20:27:23.978263" elapsed="0.000102"/>
</kw>
<var name="${var}">${TEST_DOCUMENTATION}</var>
<status status="PASS" start="2025-02-21T20:27:23.977889" elapsed="0.000497"/>
</iter>
<iter>
<kw name="Get Variable Value" owner="BuiltIn">
<msg time="2025-02-21T20:27:23.978556" level="INFO">${value} = Test with BuiltIn Variables of Robot Framework</msg>
<var>${value}</var>
<arg>${var}</arg>
<doc>Returns variable value or ``default`` if the variable does not exist.</doc>
<status status="PASS" start="2025-02-21T20:27:23.978475" elapsed="0.000093"/>
</kw>
<kw name="Log To Console" owner="BuiltIn">
<arg>${var} : ${value}</arg>
<doc>Logs the given message to the console.</doc>
<status status="PASS" start="2025-02-21T20:27:23.978609" elapsed="0.000079"/>
</kw>
<var name="${var}">${TEST_NAME}</var>
<status status="PASS" start="2025-02-21T20:27:23.978437" elapsed="0.000267"/>
</iter>
<iter>
<kw name="Get Variable Value" owner="BuiltIn">
<msg time="2025-02-21T20:27:23.978853" level="INFO">${value} = True</msg>
<var>${value}</var>
<arg>${var}</arg>
<doc>Returns variable value or ``default`` if the variable does not exist.</doc>
<status status="PASS" start="2025-02-21T20:27:23.978778" elapsed="0.000086"/>
</kw>
<kw name="Log To Console" owner="BuiltIn">
<arg>${var} : ${value}</arg>
<doc>Logs the given message to the console.</doc>
<status status="PASS" start="2025-02-21T20:27:23.978902" elapsed="0.000073"/>
</kw>
<var name="${var}">${True}</var>
<status status="PASS" start="2025-02-21T20:27:23.978745" elapsed="0.000244"/>
</iter>
<iter>
<kw name="Get Variable Value" owner="BuiltIn">
<msg time="2025-02-21T20:27:23.979200" level="INFO">${value} = {'include': [], 'exclude': [], 'skip': [], 'skip_on_failure': [], 'console_width': 78}</msg>
<var>${value}</var>
<arg>${var}</arg>
<doc>Returns variable value or ``default`` if the variable does not exist.</doc>
<status status="PASS" start="2025-02-21T20:27:23.979061" elapsed="0.000152"/>
</kw>
<kw name="Log To Console" owner="BuiltIn">
<arg>${var} : ${value}</arg>
<doc>Logs the given message to the console.</doc>
<status status="PASS" start="2025-02-21T20:27:23.979253" elapsed="0.000076"/>
</kw>
<var name="${var}">&amp;{OPTIONS}</var>
<status status="PASS" start="2025-02-21T20:27:23.979029" elapsed="0.000314"/>
</iter>
<iter>
<kw name="Get Variable Value" owner="BuiltIn">
<msg time="2025-02-21T20:27:23.979503" level="INFO">${value} = {}</msg>
<var>${value}</var>
<arg>${var}</arg>
<doc>Returns variable value or ``default`` if the variable does not exist.</doc>
<status status="PASS" start="2025-02-21T20:27:23.979416" elapsed="0.000099"/>
</kw>
<kw name="Log To Console" owner="BuiltIn">
<arg>${var} : ${value}</arg>
<doc>Logs the given message to the console.</doc>
<status status="PASS" start="2025-02-21T20:27:23.979551" elapsed="0.000080"/>
</kw>
<var name="${var}">&amp;{SUITE_METADATA}</var>
<status status="PASS" start="2025-02-21T20:27:23.979384" elapsed="0.000261"/>
</iter>
<iter>
<kw name="Get Variable Value" owner="BuiltIn">
<msg time="2025-02-21T20:27:23.979789" level="INFO">${value} = []</msg>
<var>${value}</var>
<arg>${var}</arg>
<doc>Returns variable value or ``default`` if the variable does not exist.</doc>
<status status="PASS" start="2025-02-21T20:27:23.979711" elapsed="0.000089"/>
</kw>
<kw name="Log To Console" owner="BuiltIn">
<arg>${var} : ${value}</arg>
<doc>Logs the given message to the console.</doc>
<status status="PASS" start="2025-02-21T20:27:23.979835" elapsed="0.000068"/>
</kw>
<var name="${var}">@{TEST_TAGS}</var>
<status status="PASS" start="2025-02-21T20:27:23.979682" elapsed="0.000236"/>
</iter>
<var>${var}</var>
<value>@{all_vars}</value>
<status status="PASS" start="2025-02-21T20:27:23.969474" elapsed="0.010459"/>
</for>
<status status="PASS" start="2025-02-21T20:27:23.968022" elapsed="0.011989"/>
</test>
<status status="PASS" start="2025-02-21T20:27:23.941341" elapsed="0.038891"/>
</suite>
<statistics>
<total>
<stat pass="6" fail="0" skip="0">All Tests</stat>
</total>
<tag>
</tag>
<suite>
<stat name="1 Scalar" id="s1" pass="6" fail="0" skip="0">1 Scalar</stat>
</suite>
</statistics>
<errors>
<msg time="2025-02-21T20:27:23.938848" level="WARN">Error in file '/Users/user/Documents/PycharmProjects/robot-basic-pycharm/tests/E-Variables/1_Scalar.robot' on line 44: The '[Return]' setting is deprecated. Use the 'RETURN' statement instead.</msg>
<msg time="2025-02-21T20:27:23.938965" level="WARN">Error in file '/Users/user/Documents/PycharmProjects/robot-basic-pycharm/tests/E-Variables/1_Scalar.robot' on line 50: The '[Return]' setting is deprecated. Use the 'RETURN' statement instead.</msg>
</errors>
</robot>
