<?xml version="1.0" encoding="UTF-8"?>
<robot generator="Robot 7.2.2 (Python 3.12.8 on darwin)" generated="2025-02-21T21:06:53.052409" rpa="false" schemaversion="5">
<suite id="s1" name="1 Scalar" source="/Users/user/Documents/PycharmProjects/robot-basic-pycharm/tests/E-Variables/1_Scalar.robot">
<test id="s1-t1" name="Test Case With Variables" line="7">
<kw name="Log" owner="BuiltIn">
<msg time="2025-02-21T21:06:53.090681" level="INFO">This is a global variable!</msg>
<arg>${GLOBAL_VAR1}</arg>
<doc>Logs the given message with the given level.</doc>
<status status="PASS" start="2025-02-21T21:06:53.090545" elapsed="0.000174"/>
</kw>
<kw name="Log" owner="BuiltIn">
<msg time="2025-02-21T21:06:53.090901" level="INFO">String concadination Is simple with "This is a global variable!" and "Equal sign is optional but sometimes helpful."</msg>
<arg>String concadination Is simple with "${GLOBAL_VAR1}" and "${ANOTHER_GLOBAL}"</arg>
<doc>Logs the given message with the given level.</doc>
<status status="PASS" start="2025-02-21T21:06:53.090807" elapsed="0.000119"/>
</kw>
<kw name="Log" owner="BuiltIn">
<msg time="2025-02-21T21:06:53.091042" level="INFO">Escaping with backslash. Then you can use names like ${GLOBAL_VAR1}</msg>
<arg>Escaping with backslash. Then you can use names like \${GLOBAL_VAR1}</arg>
<doc>Logs the given message with the given level.</doc>
<status status="PASS" start="2025-02-21T21:06:53.090991" elapsed="0.000070"/>
</kw>
<status status="PASS" start="2025-02-21T21:06:53.090095" elapsed="0.001036"/>
</test>
<test id="s1-t2" name="Test with Numbers" line="12">
<kw name="Log" owner="BuiltIn">
<msg time="2025-02-21T21:06:53.093046" level="INFO">1 is a string and 1 is an integer...</msg>
<arg>1 is a string and ${1} is an integer...</arg>
<doc>Logs the given message with the given level.</doc>
<status status="PASS" start="2025-02-21T21:06:53.092155" elapsed="0.000942"/>
</kw>
<kw name="Evaluate" owner="BuiltIn">
<msg time="2025-02-21T21:06:53.094353" level="INFO">${result} = 2</msg>
<var>${result}</var>
<arg>1 + 1</arg>
<doc>Evaluates the given expression in Python and returns the result.</doc>
<status status="PASS" start="2025-02-21T21:06:53.093581" elapsed="0.000798"/>
</kw>
<kw name="Should Be Equal" owner="BuiltIn">
<arg>${result}</arg>
<arg>${2}</arg>
<doc>Fails if the given objects are unequal.</doc>
<status status="PASS" start="2025-02-21T21:06:53.094656" elapsed="0.000273"/>
</kw>
<kw name="Should Not Be Equal" owner="BuiltIn">
<msg time="2025-02-21T21:06:53.095080" level="INFO">Argument types are:
&lt;class 'int'&gt;
&lt;class 'str'&gt;</msg>
<arg>${result}</arg>
<arg>2</arg>
<doc>Fails if the given objects are equal.</doc>
<status status="PASS" start="2025-02-21T21:06:53.095008" elapsed="0.000141"/>
</kw>
<status status="PASS" start="2025-02-21T21:06:53.091229" elapsed="0.003993"/>
</test>
<test id="s1-t3" name="Test Case with Return Values" line="18">
<kw name="Log" owner="BuiltIn">
<msg time="2025-02-21T21:06:53.095597" level="INFO">Return Values can be assigned to Variables</msg>
<arg>Return Values can be assigned to Variables</arg>
<doc>Logs the given message with the given level.</doc>
<status status="PASS" start="2025-02-21T21:06:53.095467" elapsed="0.000153"/>
</kw>
<kw name="Get Hello World As Text">
<kw name="Log" owner="BuiltIn">
<msg time="2025-02-21T21:06:53.095951" level="INFO">this keyword just returns the string "Hello World"</msg>
<arg>this keyword just returns the string "Hello World"</arg>
<doc>Logs the given message with the given level.</doc>
<status status="PASS" start="2025-02-21T21:06:53.095910" elapsed="0.000062"/>
</kw>
<return>
<value>Hello World</value>
<status status="PASS" start="2025-02-21T21:06:53.095999" elapsed="0.000035"/>
</return>
<msg time="2025-02-21T21:06:53.096095" level="INFO">${the_returned_text} = Hello World</msg>
<var>${the_returned_text}</var>
<status status="PASS" start="2025-02-21T21:06:53.095763" elapsed="0.000343"/>
</kw>
<kw name="Log To Console" owner="BuiltIn">
<arg>${the_returned_text}</arg>
<doc>Logs the given message to the console.</doc>
<status status="PASS" start="2025-02-21T21:06:53.096262" elapsed="0.000205"/>
</kw>
<status status="PASS" start="2025-02-21T21:06:53.095322" elapsed="0.001224"/>
</test>
<test id="s1-t4" name="Test With Arguments and Return Values" line="23">
<kw name="Count the Length and Log To Console">
<kw name="Get Length" owner="BuiltIn">
<msg time="2025-02-21T21:06:53.097390" level="INFO">Length is 32.</msg>
<msg time="2025-02-21T21:06:53.097438" level="INFO">${length} = 32</msg>
<var>${length}</var>
<arg>${text}</arg>
<doc>Returns and logs the length of the given item as an integer.</doc>
<status status="PASS" start="2025-02-21T21:06:53.097312" elapsed="0.000138"/>
</kw>
<kw name="Log To Console" owner="BuiltIn">
<arg>\nThe Text "${text}" has ${length} characters...</arg>
<doc>Logs the given message to the console.</doc>
<status status="PASS" start="2025-02-21T21:06:53.097505" elapsed="0.000103"/>
</kw>
<return>
<value>${length}</value>
<status status="PASS" start="2025-02-21T21:06:53.097635" elapsed="0.000027"/>
</return>
<msg time="2025-02-21T21:06:53.097728" level="INFO">${len} = 32</msg>
<var>${len}</var>
<arg>Hello Robot Framework Community!</arg>
<status status="PASS" start="2025-02-21T21:06:53.097116" elapsed="0.000624"/>
</kw>
<kw name="Should Be Equal" owner="BuiltIn">
<arg>${len}</arg>
<arg>${32}</arg>
<doc>Fails if the given objects are unequal.</doc>
<status status="PASS" start="2025-02-21T21:06:53.097808" elapsed="0.000219"/>
</kw>
<status status="PASS" start="2025-02-21T21:06:53.096637" elapsed="0.001451"/>
</test>
<test id="s1-t5" name="Test With Environment Variables" line="27">
<kw name="Log" owner="BuiltIn">
<msg time="2025-02-21T21:06:53.098365" level="INFO">Environment Variables are prefixed with % sign.</msg>
<arg>Environment Variables are prefixed with % sign.</arg>
<doc>Logs the given message with the given level.</doc>
<status status="PASS" start="2025-02-21T21:06:53.098319" elapsed="0.000066"/>
</kw>
<kw name="Log To Console" owner="BuiltIn">
<arg>The /%{USER} is: %{USER}</arg>
<doc>Logs the given message to the console.</doc>
<status status="PASS" start="2025-02-21T21:06:53.098436" elapsed="0.000085"/>
</kw>
<kw name="Log To Console" owner="BuiltIn">
<arg>The /%{HOME} is: %{HOME}</arg>
<doc>Logs the given message to the console.</doc>
<status status="PASS" start="2025-02-21T21:06:53.098572" elapsed="0.000063"/>
</kw>
<status status="PASS" start="2025-02-21T21:06:53.098175" elapsed="0.000510"/>
</test>
<test id="s1-t6" name="Test with BuiltIn Variables of Robot Framework" line="32">
<kw name="Log Variables" owner="BuiltIn">
<msg time="2025-02-21T21:06:53.099345" level="INFO">${/} = /</msg>
<msg time="2025-02-21T21:06:53.099365" level="INFO">${:} = :</msg>
<msg time="2025-02-21T21:06:53.099377" level="INFO">${\n} = 
</msg>
<msg time="2025-02-21T21:06:53.099389" level="INFO">${ANOTHER_GLOBAL} = Equal sign is optional but sometimes helpful.</msg>
<msg time="2025-02-21T21:06:53.099399" level="INFO">${DEBUG_FILE} = NONE</msg>
<msg time="2025-02-21T21:06:53.099409" level="INFO">${EXECDIR} = /Users/user/Documents/PycharmProjects/robot-basic-pycharm</msg>
<msg time="2025-02-21T21:06:53.099420" level="INFO">${False} = False</msg>
<msg time="2025-02-21T21:06:53.099429" level="INFO">${GLOBAL_VAR1} = This is a global variable!</msg>
<msg time="2025-02-21T21:06:53.099439" level="INFO">${LOG_FILE} = /Users/user/Documents/PycharmProjects/robot-basic-pycharm/tests/E-Variables/reports/1_Scalar/log.html</msg>
<msg time="2025-02-21T21:06:53.099449" level="INFO">${LOG_LEVEL} = INFO</msg>
<msg time="2025-02-21T21:06:53.099459" level="INFO">${None} = None</msg>
<msg time="2025-02-21T21:06:53.099469" level="INFO">${null} = None</msg>
<msg time="2025-02-21T21:06:53.099490" level="INFO">&amp;{OPTIONS} = { include=[] | exclude=[] | skip=[] | skip_on_failure=[] | console_width=78 }</msg>
<msg time="2025-02-21T21:06:53.099501" level="INFO">${OUTPUT_DIR} = /Users/user/Documents/PycharmProjects/robot-basic-pycharm/tests/E-Variables/reports/1_Scalar</msg>
<msg time="2025-02-21T21:06:53.099511" level="INFO">${OUTPUT_FILE} = /Users/user/Documents/PycharmProjects/robot-basic-pycharm/tests/E-Variables/reports/1_Scalar/output.xml</msg>
<msg time="2025-02-21T21:06:53.099553" level="INFO">${PREV_TEST_MESSAGE} = </msg>
<msg time="2025-02-21T21:06:53.099564" level="INFO">${PREV_TEST_NAME} = Test With Environment Variables</msg>
<msg time="2025-02-21T21:06:53.099574" level="INFO">${PREV_TEST_STATUS} = PASS</msg>
<msg time="2025-02-21T21:06:53.099584" level="INFO">${REPORT_FILE} = /Users/user/Documents/PycharmProjects/robot-basic-pycharm/tests/E-Variables/reports/1_Scalar/report.html</msg>
<msg time="2025-02-21T21:06:53.099594" level="INFO">${SPACE} =  </msg>
<msg time="2025-02-21T21:06:53.099603" level="INFO">${SUITE_DOCUMENTATION} = </msg>
<msg time="2025-02-21T21:06:53.099617" level="INFO">&amp;{SUITE_METADATA} = { }</msg>
<msg time="2025-02-21T21:06:53.099627" level="INFO">${SUITE_NAME} = 1 Scalar</msg>
<msg time="2025-02-21T21:06:53.099637" level="INFO">${SUITE_SOURCE} = /Users/user/Documents/PycharmProjects/robot-basic-pycharm/tests/E-Variables/1_Scalar.robot</msg>
<msg time="2025-02-21T21:06:53.099646" level="INFO">${TEMPDIR} = /var/folders/yc/9p16v6_x74j8ydb5q_h3twb40000gn/T</msg>
<msg time="2025-02-21T21:06:53.099656" level="INFO">${TEST_DOCUMENTATION} = </msg>
<msg time="2025-02-21T21:06:53.099665" level="INFO">${TEST_NAME} = Test with BuiltIn Variables of Robot Framework</msg>
<msg time="2025-02-21T21:06:53.099680" level="INFO">@{TEST_TAGS} = [ ]</msg>
<msg time="2025-02-21T21:06:53.099690" level="INFO">${True} = True</msg>
<doc>Logs all variables in the current scope with given log level.</doc>
<status status="PASS" start="2025-02-21T21:06:53.098895" elapsed="0.000814"/>
</kw>
<kw name="Get Variables" owner="BuiltIn">
<msg time="2025-02-21T21:06:53.099954" level="INFO">${all_vars} = {'${/}': '/', '${:}': ':', '${\\n}': '\n', '${ANOTHER_GLOBAL}': 'Equal sign is optional but sometimes helpful.', '${DEBUG_FILE}': 'NONE', '${EXECDIR}': '/Users/user/Documents/PycharmProjects/robot-bas...</msg>
<var>${all_vars}</var>
<doc>Returns a dictionary containing all variables in the current scope.</doc>
<status status="PASS" start="2025-02-21T21:06:53.099774" elapsed="0.000193"/>
</kw>
<for flavor="IN">
<iter>
<kw name="Get Variable Value" owner="BuiltIn">
<msg time="2025-02-21T21:06:53.100261" level="INFO">${value} = /</msg>
<var>${value}</var>
<arg>${var}</arg>
<doc>Returns variable value or ``default`` if the variable does not exist.</doc>
<status status="PASS" start="2025-02-21T21:06:53.100170" elapsed="0.000103"/>
</kw>
<kw name="Log To Console" owner="BuiltIn">
<arg>${var} : ${value}</arg>
<doc>Logs the given message to the console.</doc>
<status status="PASS" start="2025-02-21T21:06:53.100315" elapsed="0.000079"/>
</kw>
<var name="${var}">${/}</var>
<status status="PASS" start="2025-02-21T21:06:53.100121" elapsed="0.000289"/>
</iter>
<iter>
<kw name="Get Variable Value" owner="BuiltIn">
<msg time="2025-02-21T21:06:53.100571" level="INFO">${value} = :</msg>
<var>${value}</var>
<arg>${var}</arg>
<doc>Returns variable value or ``default`` if the variable does not exist.</doc>
<status status="PASS" start="2025-02-21T21:06:53.100493" elapsed="0.000089"/>
</kw>
<kw name="Log To Console" owner="BuiltIn">
<arg>${var} : ${value}</arg>
<doc>Logs the given message to the console.</doc>
<status status="PASS" start="2025-02-21T21:06:53.100619" elapsed="0.000074"/>
</kw>
<var name="${var}">${:}</var>
<status status="PASS" start="2025-02-21T21:06:53.100456" elapsed="0.000252"/>
</iter>
<iter>
<kw name="Get Variable Value" owner="BuiltIn">
<msg time="2025-02-21T21:06:53.100859" level="INFO">${value} = 
</msg>
<var>${value}</var>
<arg>${var}</arg>
<doc>Returns variable value or ``default`` if the variable does not exist.</doc>
<status status="PASS" start="2025-02-21T21:06:53.100780" elapsed="0.000089"/>
</kw>
<kw name="Log To Console" owner="BuiltIn">
<arg>${var} : ${value}</arg>
<doc>Logs the given message to the console.</doc>
<status status="PASS" start="2025-02-21T21:06:53.100906" elapsed="0.000074"/>
</kw>
<var name="${var}">${\n}</var>
<status status="PASS" start="2025-02-21T21:06:53.100747" elapsed="0.000247"/>
</iter>
<iter>
<kw name="Get Variable Value" owner="BuiltIn">
<msg time="2025-02-21T21:06:53.101135" level="INFO">${value} = Equal sign is optional but sometimes helpful.</msg>
<var>${value}</var>
<arg>${var}</arg>
<doc>Returns variable value or ``default`` if the variable does not exist.</doc>
<status status="PASS" start="2025-02-21T21:06:53.101062" elapsed="0.000084"/>
</kw>
<kw name="Log To Console" owner="BuiltIn">
<arg>${var} : ${value}</arg>
<doc>Logs the given message to the console.</doc>
<status status="PASS" start="2025-02-21T21:06:53.101182" elapsed="0.000071"/>
</kw>
<var name="${var}">${ANOTHER_GLOBAL}</var>
<status status="PASS" start="2025-02-21T21:06:53.101031" elapsed="0.000238"/>
</iter>
<iter>
<kw name="Get Variable Value" owner="BuiltIn">
<msg time="2025-02-21T21:06:53.101410" level="INFO">${value} = NONE</msg>
<var>${value}</var>
<arg>${var}</arg>
<doc>Returns variable value or ``default`` if the variable does not exist.</doc>
<status status="PASS" start="2025-02-21T21:06:53.101337" elapsed="0.000084"/>
</kw>
<kw name="Log To Console" owner="BuiltIn">
<arg>${var} : ${value}</arg>
<doc>Logs the given message to the console.</doc>
<status status="PASS" start="2025-02-21T21:06:53.101457" elapsed="0.000074"/>
</kw>
<var name="${var}">${DEBUG_FILE}</var>
<status status="PASS" start="2025-02-21T21:06:53.101305" elapsed="0.000241"/>
</iter>
<iter>
<kw name="Get Variable Value" owner="BuiltIn">
<msg time="2025-02-21T21:06:53.101685" level="INFO">${value} = /Users/user/Documents/PycharmProjects/robot-basic-pycharm</msg>
<var>${value}</var>
<arg>${var}</arg>
<doc>Returns variable value or ``default`` if the variable does not exist.</doc>
<status status="PASS" start="2025-02-21T21:06:53.101613" elapsed="0.000083"/>
</kw>
<kw name="Log To Console" owner="BuiltIn">
<arg>${var} : ${value}</arg>
<doc>Logs the given message to the console.</doc>
<status status="PASS" start="2025-02-21T21:06:53.101732" elapsed="0.000069"/>
</kw>
<var name="${var}">${EXECDIR}</var>
<status status="PASS" start="2025-02-21T21:06:53.101583" elapsed="0.000232"/>
</iter>
<iter>
<kw name="Get Variable Value" owner="BuiltIn">
<msg time="2025-02-21T21:06:53.101950" level="INFO">${value} = False</msg>
<var>${value}</var>
<arg>${var}</arg>
<doc>Returns variable value or ``default`` if the variable does not exist.</doc>
<status status="PASS" start="2025-02-21T21:06:53.101880" elapsed="0.000081"/>
</kw>
<kw name="Log To Console" owner="BuiltIn">
<arg>${var} : ${value}</arg>
<doc>Logs the given message to the console.</doc>
<status status="PASS" start="2025-02-21T21:06:53.101995" elapsed="0.000069"/>
</kw>
<var name="${var}">${False}</var>
<status status="PASS" start="2025-02-21T21:06:53.101850" elapsed="0.000229"/>
</iter>
<iter>
<kw name="Get Variable Value" owner="BuiltIn">
<msg time="2025-02-21T21:06:53.102415" level="INFO">${value} = This is a global variable!</msg>
<var>${value}</var>
<arg>${var}</arg>
<doc>Returns variable value or ``default`` if the variable does not exist.</doc>
<status status="PASS" start="2025-02-21T21:06:53.102145" elapsed="0.000296"/>
</kw>
<kw name="Log To Console" owner="BuiltIn">
<arg>${var} : ${value}</arg>
<doc>Logs the given message to the console.</doc>
<status status="PASS" start="2025-02-21T21:06:53.102526" elapsed="0.000192"/>
</kw>
<var name="${var}">${GLOBAL_VAR1}</var>
<status status="PASS" start="2025-02-21T21:06:53.102115" elapsed="0.000629"/>
</iter>
<iter>
<kw name="Get Variable Value" owner="BuiltIn">
<msg time="2025-02-21T21:06:53.103079" level="INFO">${value} = /Users/user/Documents/PycharmProjects/robot-basic-pycharm/tests/E-Variables/reports/1_Scalar/log.html</msg>
<var>${value}</var>
<arg>${var}</arg>
<doc>Returns variable value or ``default`` if the variable does not exist.</doc>
<status status="PASS" start="2025-02-21T21:06:53.102949" elapsed="0.000148"/>
</kw>
<kw name="Log To Console" owner="BuiltIn">
<arg>${var} : ${value}</arg>
<doc>Logs the given message to the console.</doc>
<status status="PASS" start="2025-02-21T21:06:53.103154" elapsed="0.000098"/>
</kw>
<var name="${var}">${LOG_FILE}</var>
<status status="PASS" start="2025-02-21T21:06:53.102858" elapsed="0.000414"/>
</iter>
<iter>
<kw name="Get Variable Value" owner="BuiltIn">
<msg time="2025-02-21T21:06:53.103482" level="INFO">${value} = INFO</msg>
<var>${value}</var>
<arg>${var}</arg>
<doc>Returns variable value or ``default`` if the variable does not exist.</doc>
<status status="PASS" start="2025-02-21T21:06:53.103399" elapsed="0.000096"/>
</kw>
<kw name="Log To Console" owner="BuiltIn">
<arg>${var} : ${value}</arg>
<doc>Logs the given message to the console.</doc>
<status status="PASS" start="2025-02-21T21:06:53.103539" elapsed="0.000078"/>
</kw>
<var name="${var}">${LOG_LEVEL}</var>
<status status="PASS" start="2025-02-21T21:06:53.103356" elapsed="0.000280"/>
</iter>
<iter>
<kw name="Get Variable Value" owner="BuiltIn">
<msg time="2025-02-21T21:06:53.103791" level="INFO">${value} = None</msg>
<var>${value}</var>
<arg>${var}</arg>
<doc>Returns variable value or ``default`` if the variable does not exist.</doc>
<status status="PASS" start="2025-02-21T21:06:53.103712" elapsed="0.000090"/>
</kw>
<kw name="Log To Console" owner="BuiltIn">
<arg>${var} : ${value}</arg>
<doc>Logs the given message to the console.</doc>
<status status="PASS" start="2025-02-21T21:06:53.103842" elapsed="0.000073"/>
</kw>
<var name="${var}">${None}</var>
<status status="PASS" start="2025-02-21T21:06:53.103678" elapsed="0.000255"/>
</iter>
<iter>
<kw name="Get Variable Value" owner="BuiltIn">
<msg time="2025-02-21T21:06:53.104093" level="INFO">${value} = None</msg>
<var>${value}</var>
<arg>${var}</arg>
<doc>Returns variable value or ``default`` if the variable does not exist.</doc>
<status status="PASS" start="2025-02-21T21:06:53.104020" elapsed="0.000084"/>
</kw>
<kw name="Log To Console" owner="BuiltIn">
<arg>${var} : ${value}</arg>
<doc>Logs the given message to the console.</doc>
<status status="PASS" start="2025-02-21T21:06:53.104142" elapsed="0.000074"/>
</kw>
<var name="${var}">${null}</var>
<status status="PASS" start="2025-02-21T21:06:53.103972" elapsed="0.000260"/>
</iter>
<iter>
<kw name="Get Variable Value" owner="BuiltIn">
<msg time="2025-02-21T21:06:53.104377" level="INFO">${value} = /Users/user/Documents/PycharmProjects/robot-basic-pycharm/tests/E-Variables/reports/1_Scalar</msg>
<var>${value}</var>
<arg>${var}</arg>
<doc>Returns variable value or ``default`` if the variable does not exist.</doc>
<status status="PASS" start="2025-02-21T21:06:53.104303" elapsed="0.000085"/>
</kw>
<kw name="Log To Console" owner="BuiltIn">
<arg>${var} : ${value}</arg>
<doc>Logs the given message to the console.</doc>
<status status="PASS" start="2025-02-21T21:06:53.104426" elapsed="0.000067"/>
</kw>
<var name="${var}">${OUTPUT_DIR}</var>
<status status="PASS" start="2025-02-21T21:06:53.104271" elapsed="0.000237"/>
</iter>
<iter>
<kw name="Get Variable Value" owner="BuiltIn">
<msg time="2025-02-21T21:06:53.104648" level="INFO">${value} = /Users/user/Documents/PycharmProjects/robot-basic-pycharm/tests/E-Variables/reports/1_Scalar/output.xml</msg>
<var>${value}</var>
<arg>${var}</arg>
<doc>Returns variable value or ``default`` if the variable does not exist.</doc>
<status status="PASS" start="2025-02-21T21:06:53.104575" elapsed="0.000084"/>
</kw>
<kw name="Log To Console" owner="BuiltIn">
<arg>${var} : ${value}</arg>
<doc>Logs the given message to the console.</doc>
<status status="PASS" start="2025-02-21T21:06:53.104695" elapsed="0.000066"/>
</kw>
<var name="${var}">${OUTPUT_FILE}</var>
<status status="PASS" start="2025-02-21T21:06:53.104545" elapsed="0.000230"/>
</iter>
<iter>
<kw name="Get Variable Value" owner="BuiltIn">
<msg time="2025-02-21T21:06:53.104917" level="INFO">${value} = </msg>
<var>${value}</var>
<arg>${var}</arg>
<doc>Returns variable value or ``default`` if the variable does not exist.</doc>
<status status="PASS" start="2025-02-21T21:06:53.104840" elapsed="0.000088"/>
</kw>
<kw name="Log To Console" owner="BuiltIn">
<arg>${var} : ${value}</arg>
<doc>Logs the given message to the console.</doc>
<status status="PASS" start="2025-02-21T21:06:53.104964" elapsed="0.000066"/>
</kw>
<var name="${var}">${PREV_TEST_MESSAGE}</var>
<status status="PASS" start="2025-02-21T21:06:53.104810" elapsed="0.000234"/>
</iter>
<iter>
<kw name="Get Variable Value" owner="BuiltIn">
<msg time="2025-02-21T21:06:53.105183" level="INFO">${value} = Test With Environment Variables</msg>
<var>${value}</var>
<arg>${var}</arg>
<doc>Returns variable value or ``default`` if the variable does not exist.</doc>
<status status="PASS" start="2025-02-21T21:06:53.105108" elapsed="0.000086"/>
</kw>
<kw name="Log To Console" owner="BuiltIn">
<arg>${var} : ${value}</arg>
<doc>Logs the given message to the console.</doc>
<status status="PASS" start="2025-02-21T21:06:53.105230" elapsed="0.000068"/>
</kw>
<var name="${var}">${PREV_TEST_NAME}</var>
<status status="PASS" start="2025-02-21T21:06:53.105078" elapsed="0.000235"/>
</iter>
<iter>
<kw name="Get Variable Value" owner="BuiltIn">
<msg time="2025-02-21T21:06:53.105450" level="INFO">${value} = PASS</msg>
<var>${value}</var>
<arg>${var}</arg>
<doc>Returns variable value or ``default`` if the variable does not exist.</doc>
<status status="PASS" start="2025-02-21T21:06:53.105378" elapsed="0.000082"/>
</kw>
<kw name="Log To Console" owner="BuiltIn">
<arg>${var} : ${value}</arg>
<doc>Logs the given message to the console.</doc>
<status status="PASS" start="2025-02-21T21:06:53.105495" elapsed="0.000068"/>
</kw>
<var name="${var}">${PREV_TEST_STATUS}</var>
<status status="PASS" start="2025-02-21T21:06:53.105347" elapsed="0.000230"/>
</iter>
<iter>
<kw name="Get Variable Value" owner="BuiltIn">
<msg time="2025-02-21T21:06:53.105808" level="INFO">${value} = /Users/user/Documents/PycharmProjects/robot-basic-pycharm/tests/E-Variables/reports/1_Scalar/report.html</msg>
<var>${value}</var>
<arg>${var}</arg>
<doc>Returns variable value or ``default`` if the variable does not exist.</doc>
<status status="PASS" start="2025-02-21T21:06:53.105644" elapsed="0.000176"/>
</kw>
<kw name="Log To Console" owner="BuiltIn">
<arg>${var} : ${value}</arg>
<doc>Logs the given message to the console.</doc>
<status status="PASS" start="2025-02-21T21:06:53.105859" elapsed="0.000071"/>
</kw>
<var name="${var}">${REPORT_FILE}</var>
<status status="PASS" start="2025-02-21T21:06:53.105613" elapsed="0.000332"/>
</iter>
<iter>
<kw name="Get Variable Value" owner="BuiltIn">
<msg time="2025-02-21T21:06:53.106082" level="INFO">${value} =  </msg>
<var>${value}</var>
<arg>${var}</arg>
<doc>Returns variable value or ``default`` if the variable does not exist.</doc>
<status status="PASS" start="2025-02-21T21:06:53.106012" elapsed="0.000081"/>
</kw>
<kw name="Log To Console" owner="BuiltIn">
<arg>${var} : ${value}</arg>
<doc>Logs the given message to the console.</doc>
<status status="PASS" start="2025-02-21T21:06:53.106129" elapsed="0.000069"/>
</kw>
<var name="${var}">${SPACE}</var>
<status status="PASS" start="2025-02-21T21:06:53.105981" elapsed="0.000231"/>
</iter>
<iter>
<kw name="Get Variable Value" owner="BuiltIn">
<msg time="2025-02-21T21:06:53.106350" level="INFO">${value} = </msg>
<var>${value}</var>
<arg>${var}</arg>
<doc>Returns variable value or ``default`` if the variable does not exist.</doc>
<status status="PASS" start="2025-02-21T21:06:53.106276" elapsed="0.000084"/>
</kw>
<kw name="Log To Console" owner="BuiltIn">
<arg>${var} : ${value}</arg>
<doc>Logs the given message to the console.</doc>
<status status="PASS" start="2025-02-21T21:06:53.106396" elapsed="0.000069"/>
</kw>
<var name="${var}">${SUITE_DOCUMENTATION}</var>
<status status="PASS" start="2025-02-21T21:06:53.106247" elapsed="0.000232"/>
</iter>
<iter>
<kw name="Get Variable Value" owner="BuiltIn">
<msg time="2025-02-21T21:06:53.106612" level="INFO">${value} = 1 Scalar</msg>
<var>${value}</var>
<arg>${var}</arg>
<doc>Returns variable value or ``default`` if the variable does not exist.</doc>
<status status="PASS" start="2025-02-21T21:06:53.106543" elapsed="0.000079"/>
</kw>
<kw name="Log To Console" owner="BuiltIn">
<arg>${var} : ${value}</arg>
<doc>Logs the given message to the console.</doc>
<status status="PASS" start="2025-02-21T21:06:53.106657" elapsed="0.000067"/>
</kw>
<var name="${var}">${SUITE_NAME}</var>
<status status="PASS" start="2025-02-21T21:06:53.106514" elapsed="0.000225"/>
</iter>
<iter>
<kw name="Get Variable Value" owner="BuiltIn">
<msg time="2025-02-21T21:06:53.106908" level="INFO">${value} = /Users/user/Documents/PycharmProjects/robot-basic-pycharm/tests/E-Variables/1_Scalar.robot</msg>
<var>${value}</var>
<arg>${var}</arg>
<doc>Returns variable value or ``default`` if the variable does not exist.</doc>
<status status="PASS" start="2025-02-21T21:06:53.106834" elapsed="0.000085"/>
</kw>
<kw name="Log To Console" owner="BuiltIn">
<arg>${var} : ${value}</arg>
<doc>Logs the given message to the console.</doc>
<status status="PASS" start="2025-02-21T21:06:53.106956" elapsed="0.018399"/>
</kw>
<var name="${var}">${SUITE_SOURCE}</var>
<status status="PASS" start="2025-02-21T21:06:53.106803" elapsed="0.018603"/>
</iter>
<iter>
<kw name="Get Variable Value" owner="BuiltIn">
<msg time="2025-02-21T21:06:53.127490" level="INFO">${value} = /var/folders/yc/9p16v6_x74j8ydb5q_h3twb40000gn/T</msg>
<var>${value}</var>
<arg>${var}</arg>
<doc>Returns variable value or ``default`` if the variable does not exist.</doc>
<status status="PASS" start="2025-02-21T21:06:53.127339" elapsed="0.000173"/>
</kw>
<kw name="Log To Console" owner="BuiltIn">
<arg>${var} : ${value}</arg>
<doc>Logs the given message to the console.</doc>
<status status="PASS" start="2025-02-21T21:06:53.127576" elapsed="0.000134"/>
</kw>
<var name="${var}">${TEMPDIR}</var>
<status status="PASS" start="2025-02-21T21:06:53.127223" elapsed="0.000509"/>
</iter>
<iter>
<kw name="Get Variable Value" owner="BuiltIn">
<msg time="2025-02-21T21:06:53.127987" level="INFO">${value} = </msg>
<var>${value}</var>
<arg>${var}</arg>
<doc>Returns variable value or ``default`` if the variable does not exist.</doc>
<status status="PASS" start="2025-02-21T21:06:53.127882" elapsed="0.005927"/>
</kw>
<kw name="Log To Console" owner="BuiltIn">
<arg>${var} : ${value}</arg>
<doc>Logs the given message to the console.</doc>
<status status="PASS" start="2025-02-21T21:06:53.133969" elapsed="0.000192"/>
</kw>
<var name="${var}">${TEST_DOCUMENTATION}</var>
<status status="PASS" start="2025-02-21T21:06:53.127825" elapsed="0.006360"/>
</iter>
<iter>
<kw name="Get Variable Value" owner="BuiltIn">
<msg time="2025-02-21T21:06:53.134486" level="INFO">${value} = Test with BuiltIn Variables of Robot Framework</msg>
<var>${value}</var>
<arg>${var}</arg>
<doc>Returns variable value or ``default`` if the variable does not exist.</doc>
<status status="PASS" start="2025-02-21T21:06:53.134312" elapsed="0.000195"/>
</kw>
<kw name="Log To Console" owner="BuiltIn">
<arg>${var} : ${value}</arg>
<doc>Logs the given message to the console.</doc>
<status status="PASS" start="2025-02-21T21:06:53.134612" elapsed="0.000278"/>
</kw>
<var name="${var}">${TEST_NAME}</var>
<status status="PASS" start="2025-02-21T21:06:53.134261" elapsed="0.000657"/>
</iter>
<iter>
<kw name="Get Variable Value" owner="BuiltIn">
<msg time="2025-02-21T21:06:53.135127" level="INFO">${value} = True</msg>
<var>${value}</var>
<arg>${var}</arg>
<doc>Returns variable value or ``default`` if the variable does not exist.</doc>
<status status="PASS" start="2025-02-21T21:06:53.135033" elapsed="0.000108"/>
</kw>
<kw name="Log To Console" owner="BuiltIn">
<arg>${var} : ${value}</arg>
<doc>Logs the given message to the console.</doc>
<status status="PASS" start="2025-02-21T21:06:53.135187" elapsed="0.000089"/>
</kw>
<var name="${var}">${True}</var>
<status status="PASS" start="2025-02-21T21:06:53.134979" elapsed="0.000314"/>
</iter>
<iter>
<kw name="Get Variable Value" owner="BuiltIn">
<msg time="2025-02-21T21:06:53.135541" level="INFO">${value} = {'include': [], 'exclude': [], 'skip': [], 'skip_on_failure': [], 'console_width': 78}</msg>
<var>${value}</var>
<arg>${var}</arg>
<doc>Returns variable value or ``default`` if the variable does not exist.</doc>
<status status="PASS" start="2025-02-21T21:06:53.135377" elapsed="0.000179"/>
</kw>
<kw name="Log To Console" owner="BuiltIn">
<arg>${var} : ${value}</arg>
<doc>Logs the given message to the console.</doc>
<status status="PASS" start="2025-02-21T21:06:53.135600" elapsed="0.000090"/>
</kw>
<var name="${var}">&amp;{OPTIONS}</var>
<status status="PASS" start="2025-02-21T21:06:53.135340" elapsed="0.000367"/>
</iter>
<iter>
<kw name="Get Variable Value" owner="BuiltIn">
<msg time="2025-02-21T21:06:53.135882" level="INFO">${value} = {}</msg>
<var>${value}</var>
<arg>${var}</arg>
<doc>Returns variable value or ``default`` if the variable does not exist.</doc>
<status status="PASS" start="2025-02-21T21:06:53.135788" elapsed="0.000106"/>
</kw>
<kw name="Log To Console" owner="BuiltIn">
<arg>${var} : ${value}</arg>
<doc>Logs the given message to the console.</doc>
<status status="PASS" start="2025-02-21T21:06:53.135934" elapsed="0.000081"/>
</kw>
<var name="${var}">&amp;{SUITE_METADATA}</var>
<status status="PASS" start="2025-02-21T21:06:53.135751" elapsed="0.000280"/>
</iter>
<iter>
<kw name="Get Variable Value" owner="BuiltIn">
<msg time="2025-02-21T21:06:53.136181" level="INFO">${value} = []</msg>
<var>${value}</var>
<arg>${var}</arg>
<doc>Returns variable value or ``default`` if the variable does not exist.</doc>
<status status="PASS" start="2025-02-21T21:06:53.136105" elapsed="0.000088"/>
</kw>
<kw name="Log To Console" owner="BuiltIn">
<arg>${var} : ${value}</arg>
<doc>Logs the given message to the console.</doc>
<status status="PASS" start="2025-02-21T21:06:53.136232" elapsed="0.000068"/>
</kw>
<var name="${var}">@{TEST_TAGS}</var>
<status status="PASS" start="2025-02-21T21:06:53.136071" elapsed="0.000248"/>
</iter>
<var>${var}</var>
<value>@{all_vars}</value>
<status status="PASS" start="2025-02-21T21:06:53.100017" elapsed="0.036318"/>
</for>
<status status="PASS" start="2025-02-21T21:06:53.098764" elapsed="0.037657"/>
</test>
<status status="PASS" start="2025-02-21T21:06:53.053857" elapsed="0.082809"/>
</suite>
<statistics>
<total>
<stat pass="6" fail="0" skip="0">All Tests</stat>
</total>
<tag>
</tag>
<suite>
<stat name="1 Scalar" id="s1" pass="6" fail="0" skip="0">1 Scalar</stat>
</suite>
</statistics>
<errors>
<msg time="2025-02-21T21:06:53.050595" level="WARN">Error in file '/Users/user/Documents/PycharmProjects/robot-basic-pycharm/tests/E-Variables/1_Scalar.robot' on line 44: The '[Return]' setting is deprecated. Use the 'RETURN' statement instead.</msg>
<msg time="2025-02-21T21:06:53.050718" level="WARN">Error in file '/Users/user/Documents/PycharmProjects/robot-basic-pycharm/tests/E-Variables/1_Scalar.robot' on line 50: The '[Return]' setting is deprecated. Use the 'RETURN' statement instead.</msg>
</errors>
</robot>
