<?xml version="1.0" encoding="UTF-8"?>
<robot generator="Robot 7.2.2 (Python 3.12.8 on darwin)" generated="2025-02-20T23:02:43.794908" rpa="false" schemaversion="5">
<suite id="s1" name="4 In Zip" source="/Users/user/Documents/PycharmProjects/robot-basic-pycharm/tests/F-FOR-Loops/4_in_zip.robot">
<test id="s1-t1" name="Combine Two Loops" line="7">
<kw name="Log To Console" owner="BuiltIn">
<arg>Full Names:</arg>
<doc>Logs the given message to the console.</doc>
<status status="PASS" start="2025-02-20T23:02:43.812815" elapsed="0.000125"/>
</kw>
<for flavor="IN ZIP">
<iter>
<kw name="Log To Console" owner="BuiltIn">
<arg>${first} ${last}</arg>
<doc>Logs the given message to the console.</doc>
<status status="PASS" start="2025-02-20T23:02:43.813185" elapsed="0.000095"/>
</kw>
<var name="${first}">Bruce</var>
<var name="${last}">Banner</var>
<status status="PASS" start="2025-02-20T23:02:43.813138" elapsed="0.000165"/>
</iter>
<iter>
<kw name="Log To Console" owner="BuiltIn">
<arg>${first} ${last}</arg>
<doc>Logs the given message to the console.</doc>
<status status="PASS" start="2025-02-20T23:02:43.813391" elapsed="0.000078"/>
</kw>
<var name="${first}">Steve</var>
<var name="${last}">Rogers</var>
<status status="PASS" start="2025-02-20T23:02:43.813357" elapsed="0.000128"/>
</iter>
<iter>
<kw name="Log To Console" owner="BuiltIn">
<arg>${first} ${last}</arg>
<doc>Logs the given message to the console.</doc>
<status status="PASS" start="2025-02-20T23:02:43.813558" elapsed="0.000071"/>
</kw>
<var name="${first}">Peter</var>
<var name="${last}">Parker</var>
<status status="PASS" start="2025-02-20T23:02:43.813529" elapsed="0.000115"/>
</iter>
<var>${first}</var>
<var>${last}</var>
<value>${First Name}</value>
<value>${Last Name}</value>
<status status="PASS" start="2025-02-20T23:02:43.813019" elapsed="0.000640"/>
</for>
<status status="PASS" start="2025-02-20T23:02:43.812428" elapsed="0.001299"/>
</test>
<status status="PASS" start="2025-02-20T23:02:43.795649" elapsed="0.018256"/>
</suite>
<statistics>
<total>
<stat pass="1" fail="0" skip="0">All Tests</stat>
</total>
<tag>
</tag>
<suite>
<stat name="4 In Zip" id="s1" pass="1" fail="0" skip="0">4 In Zip</stat>
</suite>
</statistics>
<errors>
</errors>
</robot>
