<?xml version="1.0" encoding="UTF-8"?>
<robot generator="Robot 7.2.2 (Python 3.12.8 on darwin)" generated="2025-02-20T21:38:29.539744" rpa="false" schemaversion="5">
<suite id="s1" name="TestSuite" source="/Users/user/Documents/PycharmProjects/robot-basic-pycharm/tests/H-Custom/TestSuite.robot">
<test id="s1-t1" name="Test Case 1" line="6">
<kw name="Say Hello World" owner="keyword">
<kw name="Log To Console" owner="BuiltIn">
<arg>Hello World</arg>
<doc>Logs the given message to the console.</doc>
<status status="PASS" start="2025-02-20T21:38:29.561350" elapsed="0.000137"/>
</kw>
<status status="PASS" start="2025-02-20T21:38:29.560947" elapsed="0.000598"/>
</kw>
<status status="PASS" start="2025-02-20T21:38:29.560581" elapsed="0.001052"/>
</test>
<status status="PASS" start="2025-02-20T21:38:29.540697" elapsed="0.021137"/>
</suite>
<statistics>
<total>
<stat pass="1" fail="0" skip="0">All Tests</stat>
</total>
<tag>
</tag>
<suite>
<stat name="TestSuite" id="s1" pass="1" fail="0" skip="0">TestSuite</stat>
</suite>
</statistics>
<errors>
</errors>
</robot>
