<?xml version="1.0" encoding="UTF-8"?>
<robot generator="Robot 7.2.2 (Python 3.12.8 on darwin)" generated="2025-02-20T15:10:16.136032" rpa="false" schemaversion="5">
<suite id="s1" name="Test" source="/Users/user/Documents/PycharmProjects/robot-basic-pycharm/tests/B-simple-example-2/test.robot">
<test id="s1-t1" name="Simple Test Case" line="9">
<kw name="Should Be Title Case" owner="String">
<arg>Robot Framework</arg>
<doc>Fails if given ``string`` is not title.</doc>
<status status="PASS" start="2025-02-20T15:10:16.162903" elapsed="0.000205"/>
</kw>
<kw name="Should Be Equal" owner="BuiltIn">
<arg>Text123</arg>
<arg>Text123</arg>
<doc>Fails if the given objects are unequal.</doc>
<status status="PASS" start="2025-02-20T15:10:16.163223" elapsed="0.000136"/>
</kw>
<kw name="Should Be True" owner="BuiltIn">
<arg>5+5 == 10</arg>
<doc>Fails if the given condition is not true.</doc>
<status status="PASS" start="2025-02-20T15:10:16.163435" elapsed="0.000123"/>
</kw>
<doc>Shows some assertion keywords</doc>
<status status="PASS" start="2025-02-20T15:10:16.162360" elapsed="0.001270"/>
</test>
<test id="s1-t2" name="Test with Keywords" line="15">
<kw name="Store Text" owner="keywords">
<kw name="Log" owner="BuiltIn">
<msg time="2025-02-20T15:10:16.164667" level="INFO">The text "Hail Our Robot" will be store in the varialbe ${stored_text}.</msg>
<arg>The text "${text}" will be store in the varialbe \${stored_text}.</arg>
<doc>Logs the given message with the given level.</doc>
<status status="PASS" start="2025-02-20T15:10:16.164515" elapsed="0.001102"/>
</kw>
<kw name="Set Suite Variable" owner="BuiltIn">
<msg time="2025-02-20T15:10:16.166179" level="INFO">${stored_text} = Hail Our Robot</msg>
<arg>${stored_text}</arg>
<arg>${text}</arg>
<doc>Makes a variable available everywhere within the scope of the current suite.</doc>
<status status="PASS" start="2025-02-20T15:10:16.165725" elapsed="0.000516"/>
</kw>
<arg>Hail Our Robot</arg>
<status status="PASS" start="2025-02-20T15:10:16.164265" elapsed="0.002037"/>
</kw>
<kw name="Add Text to Stored Text" owner="keywords">
<kw name="Set Variable" owner="BuiltIn">
<msg time="2025-02-20T15:10:16.166705" level="INFO">${full_text} = Hail Our Robot Overlords!</msg>
<var>${full_text}</var>
<arg>${stored_text} ${text}</arg>
<doc>Returns the given values which can then be assigned to a variables.</doc>
<status status="PASS" start="2025-02-20T15:10:16.166572" elapsed="0.000170"/>
</kw>
<kw name="Log" owner="BuiltIn">
<msg time="2025-02-20T15:10:16.166895" level="INFO">The resulting text is: Hail Our Robot Overlords!</msg>
<arg>The resulting text is: ${full_text}</arg>
<doc>Logs the given message with the given level.</doc>
<status status="PASS" start="2025-02-20T15:10:16.166808" elapsed="0.000130"/>
</kw>
<kw name="Set Suite Variable" owner="BuiltIn">
<msg time="2025-02-20T15:10:16.167117" level="INFO">${stored_text} = Hail Our Robot Overlords!</msg>
<arg>${stored_text}</arg>
<arg>${full_text}</arg>
<doc>Makes a variable available everywhere within the scope of the current suite.</doc>
<status status="PASS" start="2025-02-20T15:10:16.167004" elapsed="0.000155"/>
</kw>
<arg>Overlords!</arg>
<status status="PASS" start="2025-02-20T15:10:16.166403" elapsed="0.000800"/>
</kw>
<kw name="Verify Stored Text Length" owner="keywords">
<kw name="Length Should Be" owner="BuiltIn">
<msg time="2025-02-20T15:10:16.168101" level="INFO">Length is 25.</msg>
<arg>${stored_text}</arg>
<arg>${expected_length}</arg>
<doc>Verifies that the length of the given item is correct.</doc>
<status status="PASS" start="2025-02-20T15:10:16.167407" elapsed="0.000742"/>
</kw>
<arg>25</arg>
<status status="PASS" start="2025-02-20T15:10:16.167273" elapsed="0.000923"/>
</kw>
<kw name="Get Stored Text" owner="keywords">
<return>
<value>${stored_text}</value>
<status status="PASS" start="2025-02-20T15:10:16.168391" elapsed="0.000063"/>
</return>
<msg time="2025-02-20T15:10:16.168533" level="INFO">${current_text} = Hail Our Robot Overlords!</msg>
<var>${current_text}</var>
<status status="PASS" start="2025-02-20T15:10:16.168280" elapsed="0.000286"/>
</kw>
<kw name="Should Be Equal" owner="BuiltIn">
<arg>${current_text}</arg>
<arg>Hail Our Robot Overlords!</arg>
<doc>Fails if the given objects are unequal.</doc>
<status status="PASS" start="2025-02-20T15:10:16.168631" elapsed="0.000109"/>
</kw>
<status status="PASS" start="2025-02-20T15:10:16.163942" elapsed="0.004861"/>
</test>
<test id="s1-t3" name="Test for the year 2022" line="22">
<kw name="Get Current Date" owner="DateTime">
<msg time="2025-02-20T15:10:16.169357" level="INFO">${date} = 2025-02-20 15:10:16.169320</msg>
<var>${date}</var>
<arg>result_format=datetime</arg>
<doc>Returns current local or UTC time with an optional increment.</doc>
<status status="PASS" start="2025-02-20T15:10:16.169219" elapsed="0.000176"/>
</kw>
<kw name="Log" owner="BuiltIn">
<msg time="2025-02-20T15:10:16.169538" level="INFO">2025-02-20 15:10:16.169320</msg>
<arg>${date}</arg>
<doc>Logs the given message with the given level.</doc>
<status status="PASS" start="2025-02-20T15:10:16.169458" elapsed="0.000119"/>
</kw>
<kw name="Should Be Equal As Strings" owner="BuiltIn">
<msg time="2025-02-20T15:10:16.169911" level="INFO">Argument types are:
&lt;class 'int'&gt;
&lt;class 'str'&gt;</msg>
<msg time="2025-02-20T15:10:16.169992" level="FAIL">2025 != 2022</msg>
<arg>${date.year}</arg>
<arg>2022</arg>
<doc>Fails if objects are unequal after converting them to strings.</doc>
<status status="FAIL" start="2025-02-20T15:10:16.169633" elapsed="0.000466">2025 != 2022</status>
</kw>
<doc>Tests if it is still 2022...</doc>
<status status="FAIL" start="2025-02-20T15:10:16.169043" elapsed="0.001149">2025 != 2022</status>
</test>
<doc>This . robot file is a suite

Keywords are imported from the resource file</doc>
<status status="FAIL" start="2025-02-20T15:10:16.143810" elapsed="0.026767"/>
</suite>
<statistics>
<total>
<stat pass="2" fail="1" skip="0">All Tests</stat>
</total>
<tag>
</tag>
<suite>
<stat name="Test" id="s1" pass="2" fail="1" skip="0">Test</stat>
</suite>
</statistics>
<errors>
<msg time="2025-02-20T15:10:16.155607" level="WARN">Error in file '/Users/user/Documents/PycharmProjects/robot-basic-pycharm/tests/B-simple-example-2/keywords.resource' on line 23: The '[Return]' setting is deprecated. Use the 'RETURN' statement instead.</msg>
</errors>
</robot>
