<?xml version="1.0" encoding="UTF-8"?>
<robot generator="Robot 7.2.2 (Python 3.12.8 on darwin)" generated="2025-02-20T23:55:08.807038" rpa="false" schemaversion="5">
<suite id="s1" name="Test" source="/Users/user/Documents/PycharmProjects/robot-basic-pycharm/tests/B-simple-example-2/test.robot">
<test id="s1-t1" name="Test with Keywords" line="15">
<kw name="Store Text" owner="keywords">
<kw name="Log" owner="BuiltIn">
<msg time="2025-02-20T23:55:08.838795" level="INFO">The text "Hail Our Robot" will be store in the varialbe ${stored_text}.</msg>
<arg>The text "${text}" will be store in the varialbe \${stored_text}.</arg>
<doc>Logs the given message with the given level.</doc>
<status status="PASS" start="2025-02-20T23:55:08.838629" elapsed="0.000920"/>
</kw>
<kw name="Set Suite Variable" owner="BuiltIn">
<msg time="2025-02-20T23:55:08.840167" level="INFO">${stored_text} = Hail Our Robot</msg>
<arg>${stored_text}</arg>
<arg>${text}</arg>
<doc>Makes a variable available everywhere within the scope of the current suite.</doc>
<status status="PASS" start="2025-02-20T23:55:08.839684" elapsed="0.000559"/>
</kw>
<arg>Hail Our Robot</arg>
<status status="PASS" start="2025-02-20T23:55:08.838161" elapsed="0.002156"/>
</kw>
<kw name="Add Text to Stored Text" owner="keywords">
<kw name="Set Variable" owner="BuiltIn">
<msg time="2025-02-20T23:55:08.840760" level="INFO">${full_text} = Hail Our Robot Overlords!</msg>
<var>${full_text}</var>
<arg>${stored_text} ${text}</arg>
<doc>Returns the given values which can then be assigned to a variables.</doc>
<status status="PASS" start="2025-02-20T23:55:08.840613" elapsed="0.000190"/>
</kw>
<kw name="Log" owner="BuiltIn">
<msg time="2025-02-20T23:55:08.841039" level="INFO">The resulting text is: Hail Our Robot Overlords!</msg>
<arg>The resulting text is: ${full_text}</arg>
<doc>Logs the given message with the given level.</doc>
<status status="PASS" start="2025-02-20T23:55:08.840874" elapsed="0.000231"/>
</kw>
<kw name="Set Suite Variable" owner="BuiltIn">
<msg time="2025-02-20T23:55:08.841357" level="INFO">${stored_text} = Hail Our Robot Overlords!</msg>
<arg>${stored_text}</arg>
<arg>${full_text}</arg>
<doc>Makes a variable available everywhere within the scope of the current suite.</doc>
<status status="PASS" start="2025-02-20T23:55:08.841211" elapsed="0.000193"/>
</kw>
<arg>Overlords!</arg>
<status status="PASS" start="2025-02-20T23:55:08.840428" elapsed="0.001029"/>
</kw>
<kw name="Verify Stored Text Length" owner="keywords">
<kw name="Length Should Be" owner="BuiltIn">
<msg time="2025-02-20T23:55:08.841811" level="INFO">Length is 25.</msg>
<arg>${stored_text}</arg>
<arg>${expected_length}</arg>
<doc>Verifies that the length of the given item is correct.</doc>
<status status="PASS" start="2025-02-20T23:55:08.841696" elapsed="0.000161"/>
</kw>
<arg>25</arg>
<status status="PASS" start="2025-02-20T23:55:08.841541" elapsed="0.000360"/>
</kw>
<kw name="Get Stored Text" owner="keywords">
<return>
<value>${stored_text}</value>
<status status="PASS" start="2025-02-20T23:55:08.842099" elapsed="0.000069"/>
</return>
<msg time="2025-02-20T23:55:08.842257" level="INFO">${current_text} = Hail Our Robot Overlords!</msg>
<var>${current_text}</var>
<status status="PASS" start="2025-02-20T23:55:08.841987" elapsed="0.000304"/>
</kw>
<kw name="Should Be Equal" owner="BuiltIn">
<arg>${current_text}</arg>
<arg>Hail Our Robot Overlords!</arg>
<doc>Fails if the given objects are unequal.</doc>
<status status="PASS" start="2025-02-20T23:55:08.842360" elapsed="0.000809"/>
</kw>
<status status="PASS" start="2025-02-20T23:55:08.837579" elapsed="0.005669"/>
</test>
<doc>This . robot file is a suite

Keywords are imported from the resource file</doc>
<status status="PASS" start="2025-02-20T23:55:08.816691" elapsed="0.026859"/>
</suite>
<statistics>
<total>
<stat pass="1" fail="0" skip="0">All Tests</stat>
</total>
<tag>
</tag>
<suite>
<stat name="Test" id="s1" pass="1" fail="0" skip="0">Test</stat>
</suite>
</statistics>
<errors>
<msg time="2025-02-20T23:55:08.829513" level="WARN">Error in file '/Users/user/Documents/PycharmProjects/robot-basic-pycharm/tests/B-simple-example-2/keywords.resource' on line 23: The '[Return]' setting is deprecated. Use the 'RETURN' statement instead.</msg>
</errors>
</robot>
