<?xml version="1.0" encoding="UTF-8"?>
<robot generator="Robot 7.2.2 (Python 3.12.8 on darwin)" generated="2025-02-21T21:06:53.042324" rpa="false" schemaversion="5">
<suite id="s1" name="Calculator Test Suite" source="/Users/user/Documents/PycharmProjects/robot-basic-pycharm/tests/D-BDD-example/Calculator_Test_Suite.robot">
<test id="s1-t1" name="Test Calculator With BDD Syntax" line="6">
<kw name="Given The Calculator is Running" owner="Calc_keywords">
<kw name="Log" owner="BuiltIn">
<msg time="2025-02-21T21:06:53.074156" level="INFO">Opening Calculator</msg>
<arg>Opening Calculator</arg>
<doc>Logs the given message with the given level.</doc>
<status status="PASS" start="2025-02-21T21:06:53.073667" elapsed="0.000783"/>
</kw>
<status status="PASS" start="2025-02-21T21:06:53.073380" elapsed="0.001200"/>
</kw>
<kw name="When The User Enters The Term &quot;1 + 1&quot;" owner="Calc_keywords" source_name="The User Enters The Term &quot;${term}&quot;">
<kw name="Log" owner="BuiltIn">
<msg time="2025-02-21T21:06:53.075532" level="INFO">Entering 1 + 1</msg>
<arg>Entering ${term}</arg>
<doc>Logs the given message with the given level.</doc>
<status status="PASS" start="2025-02-21T21:06:53.075351" elapsed="0.000238"/>
</kw>
<kw name="Set Test Variable" owner="BuiltIn">
<msg time="2025-02-21T21:06:53.075871" level="INFO">${term} = 1 + 1</msg>
<arg>${term}</arg>
<doc>Makes a variable available everywhere within the scope of the current test.</doc>
<status status="PASS" start="2025-02-21T21:06:53.075743" elapsed="0.000153"/>
</kw>
<status status="PASS" start="2025-02-21T21:06:53.074907" elapsed="0.001026"/>
</kw>
<kw name="And The User Triggers The Calculation" owner="Calc_keywords">
<kw name="Log" owner="BuiltIn">
<msg time="2025-02-21T21:06:53.076219" level="INFO">Triggering Calculation</msg>
<arg>Triggering Calculation</arg>
<doc>Logs the given message with the given level.</doc>
<status status="PASS" start="2025-02-21T21:06:53.076166" elapsed="0.000077"/>
</kw>
<kw name="Calculate Term" owner="Calculator">
<msg time="2025-02-21T21:06:53.076485" level="INFO">Calculating Term: 1 + 1</msg>
<msg time="2025-02-21T21:06:53.076525" level="INFO">${result} = 2</msg>
<var>${result}</var>
<arg>${term}</arg>
<doc>Interpret term as a mathematical expression
and return the result</doc>
<status status="PASS" start="2025-02-21T21:06:53.076288" elapsed="0.000247"/>
</kw>
<kw name="Set Test Variable" owner="BuiltIn">
<msg time="2025-02-21T21:06:53.076662" level="INFO">${result} = 2</msg>
<arg>${result}</arg>
<doc>Makes a variable available everywhere within the scope of the current test.</doc>
<status status="PASS" start="2025-02-21T21:06:53.076586" elapsed="0.000094"/>
</kw>
<status status="PASS" start="2025-02-21T21:06:53.076043" elapsed="0.000663"/>
</kw>
<kw name="Then The Result Should Be &quot;2&quot;" owner="Calc_keywords" source_name="The Result Should Be &quot;${expected}&quot;">
<kw name="Log" owner="BuiltIn">
<msg time="2025-02-21T21:06:53.076952" level="INFO">Checking Result</msg>
<arg>Checking Result</arg>
<doc>Logs the given message with the given level.</doc>
<status status="PASS" start="2025-02-21T21:06:53.076910" elapsed="0.000060"/>
</kw>
<kw name="Should Be Equal As Numbers" owner="BuiltIn">
<msg time="2025-02-21T21:06:53.077079" level="INFO">Argument types are:
&lt;class 'int'&gt;
&lt;class 'str'&gt;</msg>
<arg>${result}</arg>
<arg>${expected}</arg>
<doc>Fails if objects are unequal after converting them to real numbers.</doc>
<status status="PASS" start="2025-02-21T21:06:53.077012" elapsed="0.000098"/>
</kw>
<status status="PASS" start="2025-02-21T21:06:53.076791" elapsed="0.000345"/>
</kw>
<status status="PASS" start="2025-02-21T21:06:53.072990" elapsed="0.004205"/>
</test>
<status status="PASS" start="2025-02-21T21:06:53.043273" elapsed="0.034130"/>
</suite>
<statistics>
<total>
<stat pass="1" fail="0" skip="0">All Tests</stat>
</total>
<tag>
</tag>
<suite>
<stat name="Calculator Test Suite" id="s1" pass="1" fail="0" skip="0">Calculator Test Suite</stat>
</suite>
</statistics>
<errors>
</errors>
</robot>
