<?xml version="1.0" encoding="UTF-8"?>
<robot generator="Robot 7.2.2 (Python 3.12.8 on darwin)" generated="2025-02-21T21:06:53.041120" rpa="false" schemaversion="5">
<suite id="s1" name="Test" source="/Users/user/Documents/PycharmProjects/robot-basic-pycharm/tests/B-simple-example-2/test.robot">
<test id="s1-t1" name="Simple Test Case" line="9">
<kw name="Should Be Title Case" owner="String">
<arg>Robot Framework</arg>
<doc>Fails if given ``string`` is not title.</doc>
<status status="PASS" start="2025-02-21T21:06:53.075449" elapsed="0.000178"/>
</kw>
<kw name="Should Be Equal" owner="BuiltIn">
<arg>Text123</arg>
<arg>Text123</arg>
<doc>Fails if the given objects are unequal.</doc>
<status status="PASS" start="2025-02-21T21:06:53.075749" elapsed="0.000168"/>
</kw>
<kw name="Should Be True" owner="BuiltIn">
<arg>5+5 == 10</arg>
<doc>Fails if the given condition is not true.</doc>
<status status="PASS" start="2025-02-21T21:06:53.076025" elapsed="0.000123"/>
</kw>
<doc>Shows some assertion keywords</doc>
<status status="PASS" start="2025-02-21T21:06:53.074356" elapsed="0.001880"/>
</test>
<test id="s1-t2" name="Test with Keywords" line="15">
<kw name="Store Text" owner="keywords">
<kw name="Log" owner="BuiltIn">
<msg time="2025-02-21T21:06:53.076816" level="INFO">The text "Hail Our Robot" will be store in the varialbe ${stored_text}.</msg>
<arg>The text "${text}" will be store in the varialbe \${stored_text}.</arg>
<doc>Logs the given message with the given level.</doc>
<status status="PASS" start="2025-02-21T21:06:53.076734" elapsed="0.000108"/>
</kw>
<kw name="Set Suite Variable" owner="BuiltIn">
<msg time="2025-02-21T21:06:53.077270" level="INFO">${stored_text} = Hail Our Robot</msg>
<arg>${stored_text}</arg>
<arg>${text}</arg>
<doc>Makes a variable available everywhere within the scope of the current suite.</doc>
<status status="PASS" start="2025-02-21T21:06:53.076902" elapsed="0.000391"/>
</kw>
<arg>Hail Our Robot</arg>
<status status="PASS" start="2025-02-21T21:06:53.076570" elapsed="0.000756"/>
</kw>
<kw name="Add Text to Stored Text" owner="keywords">
<kw name="Set Variable" owner="BuiltIn">
<msg time="2025-02-21T21:06:53.078613" level="INFO">${full_text} = Hail Our Robot Overlords!</msg>
<var>${full_text}</var>
<arg>${stored_text} ${text}</arg>
<doc>Returns the given values which can then be assigned to a variables.</doc>
<status status="PASS" start="2025-02-21T21:06:53.078328" elapsed="0.000389"/>
</kw>
<kw name="Log" owner="BuiltIn">
<msg time="2025-02-21T21:06:53.078967" level="INFO">The resulting text is: Hail Our Robot Overlords!</msg>
<arg>The resulting text is: ${full_text}</arg>
<doc>Logs the given message with the given level.</doc>
<status status="PASS" start="2025-02-21T21:06:53.078834" elapsed="0.000196"/>
</kw>
<kw name="Set Suite Variable" owner="BuiltIn">
<msg time="2025-02-21T21:06:53.079348" level="INFO">${stored_text} = Hail Our Robot Overlords!</msg>
<arg>${stored_text}</arg>
<arg>${full_text}</arg>
<doc>Makes a variable available everywhere within the scope of the current suite.</doc>
<status status="PASS" start="2025-02-21T21:06:53.079146" elapsed="0.000228"/>
</kw>
<arg>Overlords!</arg>
<status status="PASS" start="2025-02-21T21:06:53.077690" elapsed="0.001730"/>
</kw>
<kw name="Verify Stored Text Length" owner="keywords">
<kw name="Length Should Be" owner="BuiltIn">
<msg time="2025-02-21T21:06:53.079753" level="INFO">Length is 25.</msg>
<arg>${stored_text}</arg>
<arg>${expected_length}</arg>
<doc>Verifies that the length of the given item is correct.</doc>
<status status="PASS" start="2025-02-21T21:06:53.079668" elapsed="0.000108"/>
</kw>
<arg>25</arg>
<status status="PASS" start="2025-02-21T21:06:53.079530" elapsed="0.000275"/>
</kw>
<kw name="Get Stored Text" owner="keywords">
<return>
<value>${stored_text}</value>
<status status="PASS" start="2025-02-21T21:06:53.080015" elapsed="0.000041"/>
</return>
<msg time="2025-02-21T21:06:53.081620" level="INFO">${current_text} = Hail Our Robot Overlords!</msg>
<var>${current_text}</var>
<status status="PASS" start="2025-02-21T21:06:53.079894" elapsed="0.001766"/>
</kw>
<kw name="Should Be Equal" owner="BuiltIn">
<arg>${current_text}</arg>
<arg>Hail Our Robot Overlords!</arg>
<doc>Fails if the given objects are unequal.</doc>
<status status="PASS" start="2025-02-21T21:06:53.081786" elapsed="0.008052"/>
</kw>
<status status="PASS" start="2025-02-21T21:06:53.076353" elapsed="0.013605"/>
</test>
<test id="s1-t3" name="Test for the year 2022clea" line="22">
<kw name="Get Current Date" owner="DateTime">
<msg time="2025-02-21T21:06:53.090545" level="INFO">${date} = 2025-02-21 21:06:53.090502</msg>
<var>${date}</var>
<arg>result_format=datetime</arg>
<doc>Returns current local or UTC time with an optional increment.</doc>
<status status="PASS" start="2025-02-21T21:06:53.090417" elapsed="0.000143"/>
</kw>
<kw name="Log" owner="BuiltIn">
<msg time="2025-02-21T21:06:53.090697" level="INFO">2025-02-21 21:06:53.090502</msg>
<arg>${date}</arg>
<doc>Logs the given message with the given level.</doc>
<status status="PASS" start="2025-02-21T21:06:53.090632" elapsed="0.000085"/>
</kw>
<kw name="Should Be Equal As Strings" owner="BuiltIn">
<msg time="2025-02-21T21:06:53.091023" level="INFO">Argument types are:
&lt;class 'int'&gt;
&lt;class 'str'&gt;</msg>
<msg time="2025-02-21T21:06:53.091101" level="FAIL">2025 != 2022</msg>
<arg>${date.year}</arg>
<arg>2022</arg>
<doc>Fails if objects are unequal after converting them to strings.</doc>
<status status="FAIL" start="2025-02-21T21:06:53.090776" elapsed="0.001154">2025 != 2022</status>
</kw>
<doc>Tests if it is still 2022...</doc>
<status status="FAIL" start="2025-02-21T21:06:53.090080" elapsed="0.001991">2025 != 2022</status>
</test>
<test id="s1-t4" name="Test Case that fails" line="28">
<kw name="Check Correct Greeting" owner="keywords">
<if>
<branch type="IF" condition="$greeting == 'Hail Our Robot Overlods!'">
<kw name="Log To Console" owner="BuiltIn">
<arg>\nYou may proceed...</arg>
<doc>Logs the given message to the console.</doc>
<status status="NOT RUN" start="2025-02-21T21:06:53.099518" elapsed="0.000018"/>
</kw>
<status status="NOT RUN" start="2025-02-21T21:06:53.099255" elapsed="0.000307"/>
</branch>
<branch type="ELSE">
<kw name="Fail" owner="BuiltIn">
<msg time="2025-02-21T21:06:53.099934" level="FAIL">Sorry. But that was the wrong answer... Bye Bye...</msg>
<arg>Sorry. But that was the wrong answer... Bye Bye...</arg>
<doc>Fails the test with the given message and optionally alters its tags.</doc>
<status status="FAIL" start="2025-02-21T21:06:53.099701" elapsed="0.000340">Sorry. But that was the wrong answer... Bye Bye...</status>
</kw>
<status status="FAIL" start="2025-02-21T21:06:53.099581" elapsed="0.000525">Sorry. But that was the wrong answer... Bye Bye...</status>
</branch>
<status status="FAIL" start="2025-02-21T21:06:53.099213" elapsed="0.000913">Sorry. But that was the wrong answer... Bye Bye...</status>
</if>
<arg>Hail Our Robot Overlords!</arg>
<status status="FAIL" start="2025-02-21T21:06:53.097715" elapsed="0.002500">Sorry. But that was the wrong answer... Bye Bye...</status>
</kw>
<kw name="Check Correct Greeting" owner="keywords">
<arg>Hello World!</arg>
<status status="NOT RUN" start="2025-02-21T21:06:53.100454" elapsed="0.000016"/>
</kw>
<status status="FAIL" start="2025-02-21T21:06:53.092180" elapsed="0.008427">Sorry. But that was the wrong answer... Bye Bye...</status>
</test>
<doc>This . robot file is a suite

Keywords are imported from the resource file</doc>
<status status="FAIL" start="2025-02-21T21:06:53.043085" elapsed="0.057833"/>
</suite>
<statistics>
<total>
<stat pass="2" fail="2" skip="0">All Tests</stat>
</total>
<tag>
</tag>
<suite>
<stat name="Test" id="s1" pass="2" fail="2" skip="0">Test</stat>
</suite>
</statistics>
<errors>
<msg time="2025-02-21T21:06:53.066216" level="WARN">Error in file '/Users/user/Documents/PycharmProjects/robot-basic-pycharm/tests/B-simple-example-2/keywords.resource' on line 23: The '[Return]' setting is deprecated. Use the 'RETURN' statement instead.</msg>
</errors>
</robot>
