<?xml version="1.0" encoding="UTF-8"?>
<robot generator="Robot 7.2.2 (Python 3.12.8 on darwin)" generated="2025-02-23T08:41:06.324336" rpa="false" schemaversion="5">
<suite id="s1" name="3 Dictionaries" source="/Users/user/Documents/PycharmProjects/robot-basic-pycharm/tests/E-Variables/3_Dictionaries/3_Dictionaries.robot">
<test id="s1-t1" name="Test that accesses Dictionaries using Log To Console" line="15">
<kw name="Log To Console" owner="BuiltIn">
<arg>\nLogs Spiderman</arg>
<doc>Logs the given message to the console.</doc>
<status status="PASS" start="2025-02-23T08:41:06.343013" elapsed="0.000102"/>
</kw>
<kw name="Log To Console" owner="BuiltIn">
<arg>${SPIDERMAN}</arg>
<doc>Logs the given message to the console.</doc>
<status status="PASS" start="2025-02-23T08:41:06.343207" elapsed="0.000092"/>
</kw>
<kw name="Log To Console" owner="BuiltIn">
<arg>Login: ${SPIDERMAN}[login]</arg>
<doc>Logs the given message to the console.</doc>
<status status="PASS" start="2025-02-23T08:41:06.343363" elapsed="0.000081"/>
</kw>
<kw name="Log To Console" owner="BuiltIn">
<arg>Name: ${SPIDERMAN}[name]</arg>
<doc>Logs the given message to the console.</doc>
<status status="PASS" start="2025-02-23T08:41:06.343497" elapsed="0.000097"/>
</kw>
<kw name="Log To Console" owner="BuiltIn">
<arg>Right: ${SPIDERMAN.right}</arg>
<doc>Logs the given message to the console.</doc>
<status status="PASS" start="2025-02-23T08:41:06.343646" elapsed="0.000244"/>
</kw>
<kw name="Set Variable" owner="BuiltIn">
<msg time="2025-02-23T08:41:06.344003" level="INFO">${var} = active</msg>
<var>${var}</var>
<arg>active</arg>
<doc>Returns the given values which can then be assigned to a variables.</doc>
<status status="PASS" start="2025-02-23T08:41:06.343947" elapsed="0.000072"/>
</kw>
<kw name="Log To Console" owner="BuiltIn">
<arg>Active: ${SPIDERMAN}[${var}]</arg>
<doc>Logs the given message to the console.</doc>
<status status="PASS" start="2025-02-23T08:41:06.344071" elapsed="0.000075"/>
</kw>
<status status="PASS" start="2025-02-23T08:41:06.342537" elapsed="0.001665"/>
</test>
<test id="s1-t2" name="Test that accesses Dictionaries using Log" line="24">
<kw name="Log" owner="BuiltIn">
<msg time="2025-02-23T08:41:06.344487" level="INFO">
Logs Spiderman</msg>
<arg>\nLogs Spiderman</arg>
<doc>Logs the given message with the given level.</doc>
<status status="PASS" start="2025-02-23T08:41:06.344440" elapsed="0.000067"/>
</kw>
<kw name="Log" owner="BuiltIn">
<msg time="2025-02-23T08:41:06.344613" level="INFO">{'login': 'spider', 'password': '123spiderman321', 'name': 'Peter Parker', 'right': 'user', 'active': True}</msg>
<arg>${SPIDERMAN}</arg>
<doc>Logs the given message with the given level.</doc>
<status status="PASS" start="2025-02-23T08:41:06.344559" elapsed="0.000072"/>
</kw>
<kw name="Log" owner="BuiltIn">
<msg time="2025-02-23T08:41:06.344738" level="INFO">Login: spider</msg>
<arg>Login: ${SPIDERMAN}[login]</arg>
<doc>Logs the given message with the given level.</doc>
<status status="PASS" start="2025-02-23T08:41:06.344683" elapsed="0.000072"/>
</kw>
<kw name="Log" owner="BuiltIn">
<msg time="2025-02-23T08:41:06.344855" level="INFO">Name: Peter Parker</msg>
<arg>Name: ${SPIDERMAN}[name]</arg>
<doc>Logs the given message with the given level.</doc>
<status status="PASS" start="2025-02-23T08:41:06.344806" elapsed="0.000065"/>
</kw>
<kw name="Log" owner="BuiltIn">
<msg time="2025-02-23T08:41:06.345176" level="INFO">Right: user</msg>
<arg>Right: ${SPIDERMAN.right}</arg>
<doc>Logs the given message with the given level.</doc>
<status status="PASS" start="2025-02-23T08:41:06.344923" elapsed="0.000271"/>
</kw>
<kw name="Set Variable" owner="BuiltIn">
<msg time="2025-02-23T08:41:06.345303" level="INFO">${var} = active</msg>
<var>${var}</var>
<arg>active</arg>
<doc>Returns the given values which can then be assigned to a variables.</doc>
<status status="PASS" start="2025-02-23T08:41:06.345251" elapsed="0.000063"/>
</kw>
<kw name="Log" owner="BuiltIn">
<msg time="2025-02-23T08:41:06.345424" level="INFO">Active: True</msg>
<arg>Active: ${SPIDERMAN}[${var}]</arg>
<doc>Logs the given message with the given level.</doc>
<status status="PASS" start="2025-02-23T08:41:06.345363" elapsed="0.000077"/>
</kw>
<status status="PASS" start="2025-02-23T08:41:06.344297" elapsed="0.001196"/>
</test>
<test id="s1-t3" name="Test with Dictionaries as Arguments" line="33">
<kw name="Log A Person">
<kw name="Log To Console" owner="BuiltIn">
<arg>\n The User "${person.login}" belongs to ${person.name} and the password is "${person.password}"</arg>
<doc>Logs the given message to the console.</doc>
<status status="PASS" start="2025-02-23T08:41:06.345889" elapsed="0.000476"/>
</kw>
<arg>${SPIDERMAN}</arg>
<status status="PASS" start="2025-02-23T08:41:06.345754" elapsed="0.000643"/>
</kw>
<kw name="Log A Person">
<kw name="Log To Console" owner="BuiltIn">
<arg>\n The User "${person.login}" belongs to ${person.name} and the password is "${person.password}"</arg>
<doc>Logs the given message to the console.</doc>
<status status="PASS" start="2025-02-23T08:41:06.346582" elapsed="0.000436"/>
</kw>
<arg>${IRONMAN}</arg>
<status status="PASS" start="2025-02-23T08:41:06.346468" elapsed="0.000577"/>
</kw>
<status status="PASS" start="2025-02-23T08:41:06.345574" elapsed="0.001518"/>
</test>
<test id="s1-t4" name="Test with Dictionaries as Arguments using Log" line="37">
<kw name="Log Person">
<kw name="Log" owner="BuiltIn">
<msg time="2025-02-23T08:41:06.347904" level="INFO">
 The User "spider" belongs to Peter Parker and the password is "123spiderman321"</msg>
<arg>\n The User "${person.login}" belongs to ${person.name} and the password is "${person.password}"</arg>
<doc>Logs the given message with the given level.</doc>
<status status="PASS" start="2025-02-23T08:41:06.347415" elapsed="0.000529"/>
</kw>
<arg>${SPIDERMAN}</arg>
<status status="PASS" start="2025-02-23T08:41:06.347309" elapsed="0.000672"/>
</kw>
<kw name="Log Person">
<kw name="Log" owner="BuiltIn">
<msg time="2025-02-23T08:41:06.348731" level="INFO">
 The User "ironman" belongs to Tony Stark and the password is "1234567890"</msg>
<arg>\n The User "${person.login}" belongs to ${person.name} and the password is "${person.password}"</arg>
<doc>Logs the given message with the given level.</doc>
<status status="PASS" start="2025-02-23T08:41:06.348222" elapsed="0.000533"/>
</kw>
<arg>${IRONMAN}</arg>
<status status="PASS" start="2025-02-23T08:41:06.348076" elapsed="0.000710"/>
</kw>
<status status="PASS" start="2025-02-23T08:41:06.347167" elapsed="0.001680"/>
</test>
<test id="s1-t5" name="Dictionaries for named arguments" line="41">
<kw name="Log To Console" owner="BuiltIn">
<arg>\n Multiple arguments</arg>
<doc>Logs the given message to the console.</doc>
<status status="PASS" start="2025-02-23T08:41:06.349080" elapsed="0.000075"/>
</kw>
<kw name="Log Dictionary">
<kw name="Log To Console" owner="BuiltIn">
<arg>${name} | ${login} | ${password} | ${right} | ${active}</arg>
<doc>Logs the given message to the console.</doc>
<status status="PASS" start="2025-02-23T08:41:06.349377" elapsed="0.000204"/>
</kw>
<kw name="Log" owner="BuiltIn">
<msg time="2025-02-23T08:41:06.349721" level="INFO">Bruce Banner | hulk | HULK...SMASH!!! | user | True</msg>
<arg>${name} | ${login} | ${password} | ${right} | ${active}</arg>
<doc>Logs the given message with the given level.</doc>
<status status="PASS" start="2025-02-23T08:41:06.349628" elapsed="0.000113"/>
</kw>
<arg>Bruce Banner</arg>
<arg>hulk</arg>
<arg>HULK...SMASH!!!</arg>
<arg>user</arg>
<arg>${True}</arg>
<status status="PASS" start="2025-02-23T08:41:06.349233" elapsed="0.000533"/>
</kw>
<kw name="Log Dictionary">
<kw name="Log To Console" owner="BuiltIn">
<arg>${name} | ${login} | ${password} | ${right} | ${active}</arg>
<doc>Logs the given message to the console.</doc>
<status status="PASS" start="2025-02-23T08:41:06.350010" elapsed="0.000101"/>
</kw>
<kw name="Log" owner="BuiltIn">
<msg time="2025-02-23T08:41:06.350367" level="INFO">Scott Lang | ant | 123456 | guest | True</msg>
<arg>${name} | ${login} | ${password} | ${right} | ${active}</arg>
<doc>Logs the given message with the given level.</doc>
<status status="PASS" start="2025-02-23T08:41:06.350155" elapsed="0.000252"/>
</kw>
<arg>password=123456</arg>
<arg>active=${True}</arg>
<arg>login=ant</arg>
<arg>name=Scott Lang</arg>
<arg>right=guest</arg>
<status status="PASS" start="2025-02-23T08:41:06.349841" elapsed="0.000668"/>
</kw>
<kw name="Log Dictionary">
<kw name="Log To Console" owner="BuiltIn">
<arg>${name} | ${login} | ${password} | ${right} | ${active}</arg>
<doc>Logs the given message to the console.</doc>
<status status="PASS" start="2025-02-23T08:41:06.350804" elapsed="0.000119"/>
</kw>
<kw name="Log" owner="BuiltIn">
<msg time="2025-02-23T08:41:06.351058" level="INFO">Tony Stark | ironman | 1234567890 | admin | False</msg>
<arg>${name} | ${login} | ${password} | ${right} | ${active}</arg>
<doc>Logs the given message with the given level.</doc>
<status status="PASS" start="2025-02-23T08:41:06.350970" elapsed="0.000108"/>
</kw>
<arg>&amp;{IRONMAN}</arg>
<status status="PASS" start="2025-02-23T08:41:06.350624" elapsed="0.000478"/>
</kw>
<status status="PASS" start="2025-02-23T08:41:06.348945" elapsed="0.002215"/>
</test>
<test id="s1-t6" name="Test with FOR loops and Dictionaries" line="50">
<kw name="Log To Console" owner="BuiltIn">
<arg>\n---- Logs the keys: ----</arg>
<doc>Logs the given message to the console.</doc>
<status status="PASS" start="2025-02-23T08:41:06.351380" elapsed="0.000061"/>
</kw>
<for flavor="IN">
<iter>
<kw name="Log To Console" owner="BuiltIn">
<arg>key: ${key}</arg>
<doc>Logs the given message to the console.</doc>
<status status="PASS" start="2025-02-23T08:41:06.351624" elapsed="0.000068"/>
</kw>
<kw name="Log To Console" owner="BuiltIn">
<arg>dict[key]: ${IRONMAN}[${key}]</arg>
<doc>Logs the given message to the console.</doc>
<status status="PASS" start="2025-02-23T08:41:06.351731" elapsed="0.000070"/>
</kw>
<var name="${key}">login</var>
<status status="PASS" start="2025-02-23T08:41:06.351588" elapsed="0.000229"/>
</iter>
<iter>
<kw name="Log To Console" owner="BuiltIn">
<arg>key: ${key}</arg>
<doc>Logs the given message to the console.</doc>
<status status="PASS" start="2025-02-23T08:41:06.351891" elapsed="0.000060"/>
</kw>
<kw name="Log To Console" owner="BuiltIn">
<arg>dict[key]: ${IRONMAN}[${key}]</arg>
<doc>Logs the given message to the console.</doc>
<status status="PASS" start="2025-02-23T08:41:06.351988" elapsed="0.000069"/>
</kw>
<var name="${key}">password</var>
<status status="PASS" start="2025-02-23T08:41:06.351861" elapsed="0.000210"/>
</iter>
<iter>
<kw name="Log To Console" owner="BuiltIn">
<arg>key: ${key}</arg>
<doc>Logs the given message to the console.</doc>
<status status="PASS" start="2025-02-23T08:41:06.352136" elapsed="0.000060"/>
</kw>
<kw name="Log To Console" owner="BuiltIn">
<arg>dict[key]: ${IRONMAN}[${key}]</arg>
<doc>Logs the given message to the console.</doc>
<status status="PASS" start="2025-02-23T08:41:06.352231" elapsed="0.000066"/>
</kw>
<var name="${key}">name</var>
<status status="PASS" start="2025-02-23T08:41:06.352108" elapsed="0.000203"/>
</iter>
<iter>
<kw name="Log To Console" owner="BuiltIn">
<arg>key: ${key}</arg>
<doc>Logs the given message to the console.</doc>
<status status="PASS" start="2025-02-23T08:41:06.352374" elapsed="0.000057"/>
</kw>
<kw name="Log To Console" owner="BuiltIn">
<arg>dict[key]: ${IRONMAN}[${key}]</arg>
<doc>Logs the given message to the console.</doc>
<status status="PASS" start="2025-02-23T08:41:06.352465" elapsed="0.000070"/>
</kw>
<var name="${key}">right</var>
<status status="PASS" start="2025-02-23T08:41:06.352346" elapsed="0.000203"/>
</iter>
<iter>
<kw name="Log To Console" owner="BuiltIn">
<arg>key: ${key}</arg>
<doc>Logs the given message to the console.</doc>
<status status="PASS" start="2025-02-23T08:41:06.352610" elapsed="0.000058"/>
</kw>
<kw name="Log To Console" owner="BuiltIn">
<arg>dict[key]: ${IRONMAN}[${key}]</arg>
<doc>Logs the given message to the console.</doc>
<status status="PASS" start="2025-02-23T08:41:06.352703" elapsed="0.000065"/>
</kw>
<var name="${key}">active</var>
<status status="PASS" start="2025-02-23T08:41:06.352583" elapsed="0.000199"/>
</iter>
<var>${key}</var>
<value>@{IRONMAN}</value>
<status status="PASS" start="2025-02-23T08:41:06.351485" elapsed="0.001310"/>
</for>
<kw name="Log To Console" owner="BuiltIn">
<arg>---- Logs Keys &amp; Values ----</arg>
<doc>Logs the given message to the console.</doc>
<status status="PASS" start="2025-02-23T08:41:06.352846" elapsed="0.000041"/>
</kw>
<for flavor="IN">
<iter>
<kw name="Log To Console" owner="BuiltIn">
<arg>${key} : ${value}</arg>
<doc>Logs the given message to the console.</doc>
<status status="PASS" start="2025-02-23T08:41:06.353016" elapsed="0.000069"/>
</kw>
<var name="${key}">login</var>
<var name="${value}">spider</var>
<status status="PASS" start="2025-02-23T08:41:06.352987" elapsed="0.000113"/>
</iter>
<iter>
<kw name="Log To Console" owner="BuiltIn">
<arg>${key} : ${value}</arg>
<doc>Logs the given message to the console.</doc>
<status status="PASS" start="2025-02-23T08:41:06.353166" elapsed="0.000067"/>
</kw>
<var name="${key}">password</var>
<var name="${value}">123spiderman321</var>
<status status="PASS" start="2025-02-23T08:41:06.353139" elapsed="0.000109"/>
</iter>
<iter>
<kw name="Log To Console" owner="BuiltIn">
<arg>${key} : ${value}</arg>
<doc>Logs the given message to the console.</doc>
<status status="PASS" start="2025-02-23T08:41:06.353377" elapsed="0.000076"/>
</kw>
<var name="${key}">name</var>
<var name="${value}">Peter Parker</var>
<status status="PASS" start="2025-02-23T08:41:06.353284" elapsed="0.000185"/>
</iter>
<iter>
<kw name="Log To Console" owner="BuiltIn">
<arg>${key} : ${value}</arg>
<doc>Logs the given message to the console.</doc>
<status status="PASS" start="2025-02-23T08:41:06.353536" elapsed="0.000068"/>
</kw>
<var name="${key}">right</var>
<var name="${value}">user</var>
<status status="PASS" start="2025-02-23T08:41:06.353507" elapsed="0.000111"/>
</iter>
<iter>
<kw name="Log To Console" owner="BuiltIn">
<arg>${key} : ${value}</arg>
<doc>Logs the given message to the console.</doc>
<status status="PASS" start="2025-02-23T08:41:06.353740" elapsed="0.000128"/>
</kw>
<var name="${key}">active</var>
<var name="${value}">True</var>
<status status="PASS" start="2025-02-23T08:41:06.353676" elapsed="0.000215"/>
</iter>
<var>${key}</var>
<var>${value}</var>
<value>&amp;{SPIDERMAN}</value>
<status status="PASS" start="2025-02-23T08:41:06.352919" elapsed="0.000992"/>
</for>
<status status="PASS" start="2025-02-23T08:41:06.351245" elapsed="0.002734"/>
</test>
<status status="PASS" start="2025-02-23T08:41:06.325049" elapsed="0.029132"/>
</suite>
<statistics>
<total>
<stat pass="6" fail="0" skip="0">All Tests</stat>
</total>
<tag>
</tag>
<suite>
<stat name="3 Dictionaries" id="s1" pass="6" fail="0" skip="0">3 Dictionaries</stat>
</suite>
</statistics>
<errors>
</errors>
</robot>
