<?xml version="1.0" encoding="UTF-8"?>
<robot generator="Robot 7.2.2 (Python 3.12.8 on darwin)" generated="2025-02-22T22:47:51.974794" rpa="false" schemaversion="5">
<suite id="s1" name="IF" source="/Users/user/Documents/PycharmProjects/robot-basic-pycharm/tests/G-IF-Expression/IF.robot">
<test id="s1-t1" name="Simple IF" line="6">
<kw name="Evaluate" owner="BuiltIn">
<msg time="2025-02-22T22:47:51.995577" level="INFO">${random_number} = 8</msg>
<var>${random_number}</var>
<arg>random.randint(0,10)</arg>
<doc>Evaluates the given expression in Python and returns the result.</doc>
<status status="PASS" start="2025-02-22T22:47:51.995419" elapsed="0.000182"/>
</kw>
<if>
<branch type="IF" condition="${random_number} % 2">
<kw name="Log" owner="BuiltIn">
<arg>${random_number} % 2</arg>
<doc>Logs the given message with the given level.</doc>
<status status="NOT RUN" start="2025-02-22T22:47:51.995794" elapsed="0.000013"/>
</kw>
<kw name="Console">
<arg>${random_number} is odd!</arg>
<status status="NOT RUN" start="2025-02-22T22:47:51.995900" elapsed="0.000012"/>
</kw>
<status status="NOT RUN" start="2025-02-22T22:47:51.995690" elapsed="0.000238"/>
</branch>
<status status="PASS" start="2025-02-22T22:47:51.995672" elapsed="0.000272"/>
</if>
<status status="PASS" start="2025-02-22T22:47:51.994929" elapsed="0.001084"/>
</test>
<test id="s1-t2" name="IF Expression" line="13">
<for flavor="IN RANGE">
<iter>
<if>
<branch type="IF" condition="${i} &lt;= 3">
<kw name="Console Log">
<kw name="Log" owner="BuiltIn">
<msg time="2025-02-22T22:47:51.996744" level="INFO">0 &lt;= 3</msg>
<arg>${hasil}</arg>
<doc>Logs the given message with the given level.</doc>
<status status="PASS" start="2025-02-22T22:47:51.996678" elapsed="0.000091"/>
</kw>
<kw name="Evaluate" owner="BuiltIn">
<msg time="2025-02-22T22:47:51.996897" level="INFO">${result} = True</msg>
<var>${result}</var>
<arg>${hasil}</arg>
<doc>Evaluates the given expression in Python and returns the result.</doc>
<status status="PASS" start="2025-02-22T22:47:51.996816" elapsed="0.000092"/>
</kw>
<arg>${i} &lt;= 3</arg>
<status status="PASS" start="2025-02-22T22:47:51.996476" elapsed="0.000463"/>
</kw>
<kw name="Console">
<kw name="Log To Console" owner="BuiltIn">
<arg>${output}</arg>
<doc>Logs the given message to the console.</doc>
<status status="PASS" start="2025-02-22T22:47:51.997110" elapsed="0.000073"/>
</kw>
<arg>Low ${i}</arg>
<status status="PASS" start="2025-02-22T22:47:51.996988" elapsed="0.000221"/>
</kw>
<status status="PASS" start="2025-02-22T22:47:51.996372" elapsed="0.000850"/>
</branch>
<branch type="ELSE IF" condition="${i} &gt; 3 and ${i} &lt; 7">
<kw name="Console Log">
<arg>${i} &gt; 3 and ${i} &lt; 7</arg>
<status status="NOT RUN" start="2025-02-22T22:47:51.997290" elapsed="0.000009"/>
</kw>
<kw name="Console">
<arg>Medium ${i}</arg>
<status status="NOT RUN" start="2025-02-22T22:47:51.997340" elapsed="0.000008"/>
</kw>
<status status="NOT RUN" start="2025-02-22T22:47:51.997236" elapsed="0.000125"/>
</branch>
<branch type="ELSE">
<kw name="Console">
<arg>High ${i}</arg>
<status status="NOT RUN" start="2025-02-22T22:47:51.997410" elapsed="0.000012"/>
</kw>
<status status="NOT RUN" start="2025-02-22T22:47:51.997372" elapsed="0.000061"/>
</branch>
<status status="PASS" start="2025-02-22T22:47:51.996362" elapsed="0.001081"/>
</if>
<var name="${i}">0</var>
<status status="PASS" start="2025-02-22T22:47:51.996344" elapsed="0.001113"/>
</iter>
<iter>
<if>
<branch type="IF" condition="${i} &lt;= 3">
<kw name="Console Log">
<kw name="Log" owner="BuiltIn">
<msg time="2025-02-22T22:47:51.997818" level="INFO">1 &lt;= 3</msg>
<arg>${hasil}</arg>
<doc>Logs the given message with the given level.</doc>
<status status="PASS" start="2025-02-22T22:47:51.997767" elapsed="0.000071"/>
</kw>
<kw name="Evaluate" owner="BuiltIn">
<msg time="2025-02-22T22:47:51.997950" level="INFO">${result} = True</msg>
<var>${result}</var>
<arg>${hasil}</arg>
<doc>Evaluates the given expression in Python and returns the result.</doc>
<status status="PASS" start="2025-02-22T22:47:51.997880" elapsed="0.000081"/>
</kw>
<arg>${i} &lt;= 3</arg>
<status status="PASS" start="2025-02-22T22:47:51.997632" elapsed="0.000353"/>
</kw>
<kw name="Console">
<kw name="Log To Console" owner="BuiltIn">
<arg>${output}</arg>
<doc>Logs the given message to the console.</doc>
<status status="PASS" start="2025-02-22T22:47:51.998134" elapsed="0.000061"/>
</kw>
<arg>Low ${i}</arg>
<status status="PASS" start="2025-02-22T22:47:51.998027" elapsed="0.000192"/>
</kw>
<status status="PASS" start="2025-02-22T22:47:51.997557" elapsed="0.000673"/>
</branch>
<branch type="ELSE IF" condition="${i} &gt; 3 and ${i} &lt; 7">
<kw name="Console Log">
<arg>${i} &gt; 3 and ${i} &lt; 7</arg>
<status status="NOT RUN" start="2025-02-22T22:47:51.998291" elapsed="0.000008"/>
</kw>
<kw name="Console">
<arg>Medium ${i}</arg>
<status status="NOT RUN" start="2025-02-22T22:47:51.998337" elapsed="0.000008"/>
</kw>
<status status="NOT RUN" start="2025-02-22T22:47:51.998243" elapsed="0.000113"/>
</branch>
<branch type="ELSE">
<kw name="Console">
<arg>High ${i}</arg>
<status status="NOT RUN" start="2025-02-22T22:47:51.998402" elapsed="0.000007"/>
</kw>
<status status="NOT RUN" start="2025-02-22T22:47:51.998367" elapsed="0.000053"/>
</branch>
<status status="PASS" start="2025-02-22T22:47:51.997549" elapsed="0.000880"/>
</if>
<var name="${i}">1</var>
<status status="PASS" start="2025-02-22T22:47:51.997534" elapsed="0.000906"/>
</iter>
<iter>
<if>
<branch type="IF" condition="${i} &lt;= 3">
<kw name="Console Log">
<kw name="Log" owner="BuiltIn">
<msg time="2025-02-22T22:47:51.998872" level="INFO">2 &lt;= 3</msg>
<arg>${hasil}</arg>
<doc>Logs the given message with the given level.</doc>
<status status="PASS" start="2025-02-22T22:47:51.998822" elapsed="0.000070"/>
</kw>
<kw name="Evaluate" owner="BuiltIn">
<msg time="2025-02-22T22:47:51.999009" level="INFO">${result} = True</msg>
<var>${result}</var>
<arg>${hasil}</arg>
<doc>Evaluates the given expression in Python and returns the result.</doc>
<status status="PASS" start="2025-02-22T22:47:51.998933" elapsed="0.000087"/>
</kw>
<arg>${i} &lt;= 3</arg>
<status status="PASS" start="2025-02-22T22:47:51.998604" elapsed="0.000440"/>
</kw>
<kw name="Console">
<kw name="Log To Console" owner="BuiltIn">
<arg>${output}</arg>
<doc>Logs the given message to the console.</doc>
<status status="PASS" start="2025-02-22T22:47:51.999194" elapsed="0.000062"/>
</kw>
<arg>Low ${i}</arg>
<status status="PASS" start="2025-02-22T22:47:51.999088" elapsed="0.000193"/>
</kw>
<status status="PASS" start="2025-02-22T22:47:51.998529" elapsed="0.000764"/>
</branch>
<branch type="ELSE IF" condition="${i} &gt; 3 and ${i} &lt; 7">
<kw name="Console Log">
<arg>${i} &gt; 3 and ${i} &lt; 7</arg>
<status status="NOT RUN" start="2025-02-22T22:47:51.999355" elapsed="0.000009"/>
</kw>
<kw name="Console">
<arg>Medium ${i}</arg>
<status status="NOT RUN" start="2025-02-22T22:47:51.999403" elapsed="0.000008"/>
</kw>
<status status="NOT RUN" start="2025-02-22T22:47:51.999306" elapsed="0.000116"/>
</branch>
<branch type="ELSE">
<kw name="Console">
<arg>High ${i}</arg>
<status status="NOT RUN" start="2025-02-22T22:47:51.999470" elapsed="0.000008"/>
</kw>
<status status="NOT RUN" start="2025-02-22T22:47:51.999434" elapsed="0.000056"/>
</branch>
<status status="PASS" start="2025-02-22T22:47:51.998522" elapsed="0.000977"/>
</if>
<var name="${i}">2</var>
<status status="PASS" start="2025-02-22T22:47:51.998509" elapsed="0.001001"/>
</iter>
<iter>
<if>
<branch type="IF" condition="${i} &lt;= 3">
<kw name="Console Log">
<kw name="Log" owner="BuiltIn">
<msg time="2025-02-22T22:47:51.999845" level="INFO">3 &lt;= 3</msg>
<arg>${hasil}</arg>
<doc>Logs the given message with the given level.</doc>
<status status="PASS" start="2025-02-22T22:47:51.999798" elapsed="0.000065"/>
</kw>
<kw name="Evaluate" owner="BuiltIn">
<msg time="2025-02-22T22:47:51.999972" level="INFO">${result} = True</msg>
<var>${result}</var>
<arg>${hasil}</arg>
<doc>Evaluates the given expression in Python and returns the result.</doc>
<status status="PASS" start="2025-02-22T22:47:51.999903" elapsed="0.000079"/>
</kw>
<arg>${i} &lt;= 3</arg>
<status status="PASS" start="2025-02-22T22:47:51.999671" elapsed="0.000334"/>
</kw>
<kw name="Console">
<kw name="Log To Console" owner="BuiltIn">
<arg>${output}</arg>
<doc>Logs the given message to the console.</doc>
<status status="PASS" start="2025-02-22T22:47:52.000199" elapsed="0.000059"/>
</kw>
<arg>Low ${i}</arg>
<status status="PASS" start="2025-02-22T22:47:52.000094" elapsed="0.000188"/>
</kw>
<status status="PASS" start="2025-02-22T22:47:51.999598" elapsed="0.000695"/>
</branch>
<branch type="ELSE IF" condition="${i} &gt; 3 and ${i} &lt; 7">
<kw name="Console Log">
<arg>${i} &gt; 3 and ${i} &lt; 7</arg>
<status status="NOT RUN" start="2025-02-22T22:47:52.000354" elapsed="0.000009"/>
</kw>
<kw name="Console">
<arg>Medium ${i}</arg>
<status status="NOT RUN" start="2025-02-22T22:47:52.000400" elapsed="0.000008"/>
</kw>
<status status="NOT RUN" start="2025-02-22T22:47:52.000307" elapsed="0.000112"/>
</branch>
<branch type="ELSE">
<kw name="Console">
<arg>High ${i}</arg>
<status status="NOT RUN" start="2025-02-22T22:47:52.000465" elapsed="0.000007"/>
</kw>
<status status="NOT RUN" start="2025-02-22T22:47:52.000430" elapsed="0.000053"/>
</branch>
<status status="PASS" start="2025-02-22T22:47:51.999591" elapsed="0.000902"/>
</if>
<var name="${i}">3</var>
<status status="PASS" start="2025-02-22T22:47:51.999579" elapsed="0.000925"/>
</iter>
<iter>
<if>
<branch type="IF" condition="${i} &lt;= 3">
<kw name="Console Log">
<arg>${i} &lt;= 3</arg>
<status status="NOT RUN" start="2025-02-22T22:47:52.000659" elapsed="0.000009"/>
</kw>
<kw name="Console">
<arg>Low ${i}</arg>
<status status="NOT RUN" start="2025-02-22T22:47:52.000706" elapsed="0.000007"/>
</kw>
<status status="NOT RUN" start="2025-02-22T22:47:52.000590" elapsed="0.000135"/>
</branch>
<branch type="ELSE IF" condition="${i} &gt; 3 and ${i} &lt; 7">
<kw name="Console Log">
<kw name="Log" owner="BuiltIn">
<msg time="2025-02-22T22:47:52.000982" level="INFO">4 &gt; 3 and 4 &lt; 7</msg>
<arg>${hasil}</arg>
<doc>Logs the given message with the given level.</doc>
<status status="PASS" start="2025-02-22T22:47:52.000935" elapsed="0.000067"/>
</kw>
<kw name="Evaluate" owner="BuiltIn">
<msg time="2025-02-22T22:47:52.001115" level="INFO">${result} = True</msg>
<var>${result}</var>
<arg>${hasil}</arg>
<doc>Evaluates the given expression in Python and returns the result.</doc>
<status status="PASS" start="2025-02-22T22:47:52.001041" elapsed="0.000084"/>
</kw>
<arg>${i} &gt; 3 and ${i} &lt; 7</arg>
<status status="PASS" start="2025-02-22T22:47:52.000822" elapsed="0.000327"/>
</kw>
<kw name="Console">
<kw name="Log To Console" owner="BuiltIn">
<arg>${output}</arg>
<doc>Logs the given message to the console.</doc>
<status status="PASS" start="2025-02-22T22:47:52.001295" elapsed="0.000060"/>
</kw>
<arg>Medium ${i}</arg>
<status status="PASS" start="2025-02-22T22:47:52.001189" elapsed="0.000188"/>
</kw>
<status status="PASS" start="2025-02-22T22:47:52.000736" elapsed="0.000652"/>
</branch>
<branch type="ELSE">
<kw name="Console">
<arg>High ${i}</arg>
<status status="NOT RUN" start="2025-02-22T22:47:52.001442" elapsed="0.000008"/>
</kw>
<status status="NOT RUN" start="2025-02-22T22:47:52.001400" elapsed="0.000060"/>
</branch>
<status status="PASS" start="2025-02-22T22:47:52.000583" elapsed="0.000887"/>
</if>
<var name="${i}">4</var>
<status status="PASS" start="2025-02-22T22:47:52.000571" elapsed="0.000910"/>
</iter>
<iter>
<if>
<branch type="IF" condition="${i} &lt;= 3">
<kw name="Console Log">
<arg>${i} &lt;= 3</arg>
<status status="NOT RUN" start="2025-02-22T22:47:52.001637" elapsed="0.000009"/>
</kw>
<kw name="Console">
<arg>Low ${i}</arg>
<status status="NOT RUN" start="2025-02-22T22:47:52.001684" elapsed="0.000010"/>
</kw>
<status status="NOT RUN" start="2025-02-22T22:47:52.001568" elapsed="0.000138"/>
</branch>
<branch type="ELSE IF" condition="${i} &gt; 3 and ${i} &lt; 7">
<kw name="Console Log">
<kw name="Log" owner="BuiltIn">
<msg time="2025-02-22T22:47:52.001969" level="INFO">5 &gt; 3 and 5 &lt; 7</msg>
<arg>${hasil}</arg>
<doc>Logs the given message with the given level.</doc>
<status status="PASS" start="2025-02-22T22:47:52.001922" elapsed="0.000066"/>
</kw>
<kw name="Evaluate" owner="BuiltIn">
<msg time="2025-02-22T22:47:52.002102" level="INFO">${result} = True</msg>
<var>${result}</var>
<arg>${hasil}</arg>
<doc>Evaluates the given expression in Python and returns the result.</doc>
<status status="PASS" start="2025-02-22T22:47:52.002028" elapsed="0.000084"/>
</kw>
<arg>${i} &gt; 3 and ${i} &lt; 7</arg>
<status status="PASS" start="2025-02-22T22:47:52.001805" elapsed="0.000330"/>
</kw>
<kw name="Console">
<kw name="Log To Console" owner="BuiltIn">
<arg>${output}</arg>
<doc>Logs the given message to the console.</doc>
<status status="PASS" start="2025-02-22T22:47:52.002361" elapsed="0.000064"/>
</kw>
<arg>Medium ${i}</arg>
<status status="PASS" start="2025-02-22T22:47:52.002175" elapsed="0.000274"/>
</kw>
<status status="PASS" start="2025-02-22T22:47:52.001717" elapsed="0.000744"/>
</branch>
<branch type="ELSE">
<kw name="Console">
<arg>High ${i}</arg>
<status status="NOT RUN" start="2025-02-22T22:47:52.002517" elapsed="0.000009"/>
</kw>
<status status="NOT RUN" start="2025-02-22T22:47:52.002474" elapsed="0.000064"/>
</branch>
<status status="PASS" start="2025-02-22T22:47:52.001561" elapsed="0.000986"/>
</if>
<var name="${i}">5</var>
<status status="PASS" start="2025-02-22T22:47:52.001549" elapsed="0.001009"/>
</iter>
<iter>
<if>
<branch type="IF" condition="${i} &lt;= 3">
<kw name="Console Log">
<arg>${i} &lt;= 3</arg>
<status status="NOT RUN" start="2025-02-22T22:47:52.002713" elapsed="0.000009"/>
</kw>
<kw name="Console">
<arg>Low ${i}</arg>
<status status="NOT RUN" start="2025-02-22T22:47:52.002761" elapsed="0.000007"/>
</kw>
<status status="NOT RUN" start="2025-02-22T22:47:52.002643" elapsed="0.000137"/>
</branch>
<branch type="ELSE IF" condition="${i} &gt; 3 and ${i} &lt; 7">
<kw name="Console Log">
<kw name="Log" owner="BuiltIn">
<msg time="2025-02-22T22:47:52.003032" level="INFO">6 &gt; 3 and 6 &lt; 7</msg>
<arg>${hasil}</arg>
<doc>Logs the given message with the given level.</doc>
<status status="PASS" start="2025-02-22T22:47:52.002986" elapsed="0.000064"/>
</kw>
<kw name="Evaluate" owner="BuiltIn">
<msg time="2025-02-22T22:47:52.003159" level="INFO">${result} = True</msg>
<var>${result}</var>
<arg>${hasil}</arg>
<doc>Evaluates the given expression in Python and returns the result.</doc>
<status status="PASS" start="2025-02-22T22:47:52.003090" elapsed="0.000079"/>
</kw>
<arg>${i} &gt; 3 and ${i} &lt; 7</arg>
<status status="PASS" start="2025-02-22T22:47:52.002872" elapsed="0.000321"/>
</kw>
<kw name="Console">
<kw name="Log To Console" owner="BuiltIn">
<arg>${output}</arg>
<doc>Logs the given message to the console.</doc>
<status status="PASS" start="2025-02-22T22:47:52.003333" elapsed="0.000060"/>
</kw>
<arg>Medium ${i}</arg>
<status status="PASS" start="2025-02-22T22:47:52.003232" elapsed="0.000184"/>
</kw>
<status status="PASS" start="2025-02-22T22:47:52.002791" elapsed="0.000637"/>
</branch>
<branch type="ELSE">
<kw name="Console">
<arg>High ${i}</arg>
<status status="NOT RUN" start="2025-02-22T22:47:52.003479" elapsed="0.000009"/>
</kw>
<status status="NOT RUN" start="2025-02-22T22:47:52.003439" elapsed="0.000061"/>
</branch>
<status status="PASS" start="2025-02-22T22:47:52.002636" elapsed="0.000874"/>
</if>
<var name="${i}">6</var>
<status status="PASS" start="2025-02-22T22:47:52.002624" elapsed="0.000897"/>
</iter>
<iter>
<if>
<branch type="IF" condition="${i} &lt;= 3">
<kw name="Console Log">
<arg>${i} &lt;= 3</arg>
<status status="NOT RUN" start="2025-02-22T22:47:52.003675" elapsed="0.000009"/>
</kw>
<kw name="Console">
<arg>Low ${i}</arg>
<status status="NOT RUN" start="2025-02-22T22:47:52.003721" elapsed="0.000007"/>
</kw>
<status status="NOT RUN" start="2025-02-22T22:47:52.003605" elapsed="0.000135"/>
</branch>
<branch type="ELSE IF" condition="${i} &gt; 3 and ${i} &lt; 7">
<kw name="Console Log">
<arg>${i} &gt; 3 and ${i} &lt; 7</arg>
<status status="NOT RUN" start="2025-02-22T22:47:52.003830" elapsed="0.000008"/>
</kw>
<kw name="Console">
<arg>Medium ${i}</arg>
<status status="NOT RUN" start="2025-02-22T22:47:52.003874" elapsed="0.000008"/>
</kw>
<status status="NOT RUN" start="2025-02-22T22:47:52.003751" elapsed="0.000170"/>
</branch>
<branch type="ELSE">
<kw name="Console">
<kw name="Log To Console" owner="BuiltIn">
<arg>${output}</arg>
<doc>Logs the given message to the console.</doc>
<status status="PASS" start="2025-02-22T22:47:52.004075" elapsed="0.000058"/>
</kw>
<arg>High ${i}</arg>
<status status="PASS" start="2025-02-22T22:47:52.003971" elapsed="0.000186"/>
</kw>
<status status="PASS" start="2025-02-22T22:47:52.003934" elapsed="0.000234"/>
</branch>
<status status="PASS" start="2025-02-22T22:47:52.003599" elapsed="0.000579"/>
</if>
<var name="${i}">7</var>
<status status="PASS" start="2025-02-22T22:47:52.003587" elapsed="0.000602"/>
</iter>
<iter>
<if>
<branch type="IF" condition="${i} &lt;= 3">
<kw name="Console Log">
<arg>${i} &lt;= 3</arg>
<status status="NOT RUN" start="2025-02-22T22:47:52.004341" elapsed="0.000053"/>
</kw>
<kw name="Console">
<arg>Low ${i}</arg>
<status status="NOT RUN" start="2025-02-22T22:47:52.004532" elapsed="0.000015"/>
</kw>
<status status="NOT RUN" start="2025-02-22T22:47:52.004273" elapsed="0.000294"/>
</branch>
<branch type="ELSE IF" condition="${i} &gt; 3 and ${i} &lt; 7">
<kw name="Console Log">
<arg>${i} &gt; 3 and ${i} &lt; 7</arg>
<status status="NOT RUN" start="2025-02-22T22:47:52.004750" elapsed="0.000010"/>
</kw>
<kw name="Console">
<arg>Medium ${i}</arg>
<status status="NOT RUN" start="2025-02-22T22:47:52.004805" elapsed="0.000008"/>
</kw>
<status status="NOT RUN" start="2025-02-22T22:47:52.004585" elapsed="0.000241"/>
</branch>
<branch type="ELSE">
<kw name="Console">
<kw name="Log To Console" owner="BuiltIn">
<arg>${output}</arg>
<doc>Logs the given message to the console.</doc>
<status status="PASS" start="2025-02-22T22:47:52.005051" elapsed="0.000104"/>
</kw>
<arg>High ${i}</arg>
<status status="PASS" start="2025-02-22T22:47:52.004884" elapsed="0.000304"/>
</kw>
<status status="PASS" start="2025-02-22T22:47:52.004841" elapsed="0.000360"/>
</branch>
<status status="PASS" start="2025-02-22T22:47:52.004267" elapsed="0.000946"/>
</if>
<var name="${i}">8</var>
<status status="PASS" start="2025-02-22T22:47:52.004255" elapsed="0.000971"/>
</iter>
<iter>
<if>
<branch type="IF" condition="${i} &lt;= 3">
<kw name="Console Log">
<arg>${i} &lt;= 3</arg>
<status status="NOT RUN" start="2025-02-22T22:47:52.005428" elapsed="0.000010"/>
</kw>
<kw name="Console">
<arg>Low ${i}</arg>
<status status="NOT RUN" start="2025-02-22T22:47:52.005477" elapsed="0.000008"/>
</kw>
<status status="NOT RUN" start="2025-02-22T22:47:52.005344" elapsed="0.000153"/>
</branch>
<branch type="ELSE IF" condition="${i} &gt; 3 and ${i} &lt; 7">
<kw name="Console Log">
<arg>${i} &gt; 3 and ${i} &lt; 7</arg>
<status status="NOT RUN" start="2025-02-22T22:47:52.005602" elapsed="0.000009"/>
</kw>
<kw name="Console">
<arg>Medium ${i}</arg>
<status status="NOT RUN" start="2025-02-22T22:47:52.005650" elapsed="0.000024"/>
</kw>
<status status="NOT RUN" start="2025-02-22T22:47:52.005509" elapsed="0.000195"/>
</branch>
<branch type="ELSE">
<kw name="Console">
<kw name="Log To Console" owner="BuiltIn">
<arg>${output}</arg>
<doc>Logs the given message to the console.</doc>
<status status="PASS" start="2025-02-22T22:47:52.005949" elapsed="0.000081"/>
</kw>
<arg>High ${i}</arg>
<status status="PASS" start="2025-02-22T22:47:52.005785" elapsed="0.000276"/>
</kw>
<status status="PASS" start="2025-02-22T22:47:52.005721" elapsed="0.000354"/>
</branch>
<status status="PASS" start="2025-02-22T22:47:52.005336" elapsed="0.000751"/>
</if>
<var name="${i}">9</var>
<status status="PASS" start="2025-02-22T22:47:52.005318" elapsed="0.000781"/>
</iter>
<var>${i}</var>
<value>10</value>
<status status="PASS" start="2025-02-22T22:47:51.996222" elapsed="0.009893"/>
</for>
<status status="PASS" start="2025-02-22T22:47:51.996112" elapsed="0.010097"/>
</test>
<status status="PASS" start="2025-02-22T22:47:51.975586" elapsed="0.030849"/>
</suite>
<statistics>
<total>
<stat pass="2" fail="0" skip="0">All Tests</stat>
</total>
<tag>
</tag>
<suite>
<stat name="IF" id="s1" pass="2" fail="0" skip="0">IF</stat>
</suite>
</statistics>
<errors>
</errors>
</robot>
