<?xml version="1.0" encoding="UTF-8"?>
<robot generator="Robot 7.2.2 (Python 3.12.8 on darwin)" generated="2025-02-22T09:51:42.457971" rpa="false" schemaversion="5">
<suite id="s1" name="2 In Enumerate" source="/Users/user/Documents/PycharmProjects/robot-basic-pycharm/tests/F-FOR-Loops/2_in_enumerate/2_in_enumerate.robot">
<test id="s1-t1" name="Loop with index over letters" line="6">
<kw name="Log To Console" owner="BuiltIn">
<arg>Lists the Alphabeth</arg>
<doc>Logs the given message to the console.</doc>
<status status="PASS" start="2025-02-22T09:51:42.476186" elapsed="0.000106"/>
</kw>
<for flavor="IN ENUMERATE">
<iter>
<kw name="Log To Console" owner="BuiltIn">
<arg>The ${index + 1}. letter is ${letter}</arg>
<doc>Logs the given message to the console.</doc>
<status status="PASS" start="2025-02-22T09:51:42.476509" elapsed="0.000334"/>
</kw>
<var name="${index}">0</var>
<var name="${letter}">a</var>
<status status="PASS" start="2025-02-22T09:51:42.476465" elapsed="0.000406"/>
</iter>
<iter>
<kw name="Log To Console" owner="BuiltIn">
<arg>The ${index + 1}. letter is ${letter}</arg>
<doc>Logs the given message to the console.</doc>
<status status="PASS" start="2025-02-22T09:51:42.477063" elapsed="0.000319"/>
</kw>
<var name="${index}">1</var>
<var name="${letter}">b</var>
<status status="PASS" start="2025-02-22T09:51:42.477001" elapsed="0.000404"/>
</iter>
<iter>
<kw name="Log To Console" owner="BuiltIn">
<arg>The ${index + 1}. letter is ${letter}</arg>
<doc>Logs the given message to the console.</doc>
<status status="PASS" start="2025-02-22T09:51:42.477489" elapsed="0.000220"/>
</kw>
<var name="${index}">2</var>
<var name="${letter}">c</var>
<status status="PASS" start="2025-02-22T09:51:42.477455" elapsed="0.000271"/>
</iter>
<iter>
<kw name="Log To Console" owner="BuiltIn">
<arg>The ${index + 1}. letter is ${letter}</arg>
<doc>Logs the given message to the console.</doc>
<status status="PASS" start="2025-02-22T09:51:42.477801" elapsed="0.000209"/>
</kw>
<var name="${index}">3</var>
<var name="${letter}">d</var>
<status status="PASS" start="2025-02-22T09:51:42.477770" elapsed="0.000256"/>
</iter>
<iter>
<kw name="Log To Console" owner="BuiltIn">
<arg>The ${index + 1}. letter is ${letter}</arg>
<doc>Logs the given message to the console.</doc>
<status status="PASS" start="2025-02-22T09:51:42.478096" elapsed="0.000199"/>
</kw>
<var name="${index}">4</var>
<var name="${letter}">e</var>
<status status="PASS" start="2025-02-22T09:51:42.478067" elapsed="0.000244"/>
</iter>
<iter>
<kw name="Log To Console" owner="BuiltIn">
<arg>The ${index + 1}. letter is ${letter}</arg>
<doc>Logs the given message to the console.</doc>
<status status="PASS" start="2025-02-22T09:51:42.478377" elapsed="0.000192"/>
</kw>
<var name="${index}">5</var>
<var name="${letter}">f</var>
<status status="PASS" start="2025-02-22T09:51:42.478348" elapsed="0.000236"/>
</iter>
<iter>
<kw name="Log To Console" owner="BuiltIn">
<arg>The ${index + 1}. letter is ${letter}</arg>
<doc>Logs the given message to the console.</doc>
<status status="PASS" start="2025-02-22T09:51:42.478649" elapsed="0.000190"/>
</kw>
<var name="${index}">6</var>
<var name="${letter}">g</var>
<status status="PASS" start="2025-02-22T09:51:42.478623" elapsed="0.000231"/>
</iter>
<iter>
<kw name="Log To Console" owner="BuiltIn">
<arg>The ${index + 1}. letter is ${letter}</arg>
<doc>Logs the given message to the console.</doc>
<status status="PASS" start="2025-02-22T09:51:42.478916" elapsed="0.000185"/>
</kw>
<var name="${index}">7</var>
<var name="${letter}">h</var>
<status status="PASS" start="2025-02-22T09:51:42.478890" elapsed="0.000226"/>
</iter>
<iter>
<kw name="Log To Console" owner="BuiltIn">
<arg>The ${index + 1}. letter is ${letter}</arg>
<doc>Logs the given message to the console.</doc>
<status status="PASS" start="2025-02-22T09:51:42.479178" elapsed="0.000187"/>
</kw>
<var name="${index}">8</var>
<var name="${letter}">i</var>
<status status="PASS" start="2025-02-22T09:51:42.479153" elapsed="0.000226"/>
</iter>
<iter>
<kw name="Log To Console" owner="BuiltIn">
<arg>The ${index + 1}. letter is ${letter}</arg>
<doc>Logs the given message to the console.</doc>
<status status="PASS" start="2025-02-22T09:51:42.479441" elapsed="0.000183"/>
</kw>
<var name="${index}">9</var>
<var name="${letter}">j</var>
<status status="PASS" start="2025-02-22T09:51:42.479415" elapsed="0.000223"/>
</iter>
<iter>
<kw name="Log To Console" owner="BuiltIn">
<arg>The ${index + 1}. letter is ${letter}</arg>
<doc>Logs the given message to the console.</doc>
<status status="PASS" start="2025-02-22T09:51:42.479702" elapsed="0.000262"/>
</kw>
<var name="${index}">10</var>
<var name="${letter}">k</var>
<status status="PASS" start="2025-02-22T09:51:42.479674" elapsed="0.000306"/>
</iter>
<iter>
<kw name="Log To Console" owner="BuiltIn">
<arg>The ${index + 1}. letter is ${letter}</arg>
<doc>Logs the given message to the console.</doc>
<status status="PASS" start="2025-02-22T09:51:42.480045" elapsed="0.000183"/>
</kw>
<var name="${index}">11</var>
<var name="${letter}">l</var>
<status status="PASS" start="2025-02-22T09:51:42.480018" elapsed="0.000225"/>
</iter>
<iter>
<kw name="Log To Console" owner="BuiltIn">
<arg>The ${index + 1}. letter is ${letter}</arg>
<doc>Logs the given message to the console.</doc>
<status status="PASS" start="2025-02-22T09:51:42.480305" elapsed="0.000181"/>
</kw>
<var name="${index}">12</var>
<var name="${letter}">m</var>
<status status="PASS" start="2025-02-22T09:51:42.480279" elapsed="0.000222"/>
</iter>
<iter>
<kw name="Log To Console" owner="BuiltIn">
<arg>The ${index + 1}. letter is ${letter}</arg>
<doc>Logs the given message to the console.</doc>
<status status="PASS" start="2025-02-22T09:51:42.480563" elapsed="0.000184"/>
</kw>
<var name="${index}">13</var>
<var name="${letter}">n</var>
<status status="PASS" start="2025-02-22T09:51:42.480537" elapsed="0.000224"/>
</iter>
<iter>
<kw name="Log To Console" owner="BuiltIn">
<arg>The ${index + 1}. letter is ${letter}</arg>
<doc>Logs the given message to the console.</doc>
<status status="PASS" start="2025-02-22T09:51:42.480822" elapsed="0.000178"/>
</kw>
<var name="${index}">14</var>
<var name="${letter}">o</var>
<status status="PASS" start="2025-02-22T09:51:42.480797" elapsed="0.000217"/>
</iter>
<iter>
<kw name="Log To Console" owner="BuiltIn">
<arg>The ${index + 1}. letter is ${letter}</arg>
<doc>Logs the given message to the console.</doc>
<status status="PASS" start="2025-02-22T09:51:42.481076" elapsed="0.000181"/>
</kw>
<var name="${index}">15</var>
<var name="${letter}">p</var>
<status status="PASS" start="2025-02-22T09:51:42.481050" elapsed="0.000221"/>
</iter>
<iter>
<kw name="Log To Console" owner="BuiltIn">
<arg>The ${index + 1}. letter is ${letter}</arg>
<doc>Logs the given message to the console.</doc>
<status status="PASS" start="2025-02-22T09:51:42.481332" elapsed="0.000180"/>
</kw>
<var name="${index}">16</var>
<var name="${letter}">q</var>
<status status="PASS" start="2025-02-22T09:51:42.481307" elapsed="0.000220"/>
</iter>
<iter>
<kw name="Log To Console" owner="BuiltIn">
<arg>The ${index + 1}. letter is ${letter}</arg>
<doc>Logs the given message to the console.</doc>
<status status="PASS" start="2025-02-22T09:51:42.481588" elapsed="0.000184"/>
</kw>
<var name="${index}">17</var>
<var name="${letter}">r</var>
<status status="PASS" start="2025-02-22T09:51:42.481563" elapsed="0.000223"/>
</iter>
<iter>
<kw name="Log To Console" owner="BuiltIn">
<arg>The ${index + 1}. letter is ${letter}</arg>
<doc>Logs the given message to the console.</doc>
<status status="PASS" start="2025-02-22T09:51:42.481846" elapsed="0.000179"/>
</kw>
<var name="${index}">18</var>
<var name="${letter}">s</var>
<status status="PASS" start="2025-02-22T09:51:42.481820" elapsed="0.000219"/>
</iter>
<iter>
<kw name="Log To Console" owner="BuiltIn">
<arg>The ${index + 1}. letter is ${letter}</arg>
<doc>Logs the given message to the console.</doc>
<status status="PASS" start="2025-02-22T09:51:42.482101" elapsed="0.000179"/>
</kw>
<var name="${index}">19</var>
<var name="${letter}">t</var>
<status status="PASS" start="2025-02-22T09:51:42.482076" elapsed="0.000218"/>
</iter>
<iter>
<kw name="Log To Console" owner="BuiltIn">
<arg>The ${index + 1}. letter is ${letter}</arg>
<doc>Logs the given message to the console.</doc>
<status status="PASS" start="2025-02-22T09:51:42.482401" elapsed="0.000179"/>
</kw>
<var name="${index}">20</var>
<var name="${letter}">u</var>
<status status="PASS" start="2025-02-22T09:51:42.482375" elapsed="0.000219"/>
</iter>
<iter>
<kw name="Log To Console" owner="BuiltIn">
<arg>The ${index + 1}. letter is ${letter}</arg>
<doc>Logs the given message to the console.</doc>
<status status="PASS" start="2025-02-22T09:51:42.482654" elapsed="0.000177"/>
</kw>
<var name="${index}">21</var>
<var name="${letter}">v</var>
<status status="PASS" start="2025-02-22T09:51:42.482630" elapsed="0.000215"/>
</iter>
<iter>
<kw name="Log To Console" owner="BuiltIn">
<arg>The ${index + 1}. letter is ${letter}</arg>
<doc>Logs the given message to the console.</doc>
<status status="PASS" start="2025-02-22T09:51:42.482906" elapsed="0.000178"/>
</kw>
<var name="${index}">22</var>
<var name="${letter}">w</var>
<status status="PASS" start="2025-02-22T09:51:42.482882" elapsed="0.000216"/>
</iter>
<iter>
<kw name="Log To Console" owner="BuiltIn">
<arg>The ${index + 1}. letter is ${letter}</arg>
<doc>Logs the given message to the console.</doc>
<status status="PASS" start="2025-02-22T09:51:42.483158" elapsed="0.000179"/>
</kw>
<var name="${index}">23</var>
<var name="${letter}">x</var>
<status status="PASS" start="2025-02-22T09:51:42.483133" elapsed="0.000218"/>
</iter>
<iter>
<kw name="Log To Console" owner="BuiltIn">
<arg>The ${index + 1}. letter is ${letter}</arg>
<doc>Logs the given message to the console.</doc>
<status status="PASS" start="2025-02-22T09:51:42.483412" elapsed="0.000177"/>
</kw>
<var name="${index}">24</var>
<var name="${letter}">y</var>
<status status="PASS" start="2025-02-22T09:51:42.483388" elapsed="0.000215"/>
</iter>
<iter>
<kw name="Log To Console" owner="BuiltIn">
<arg>The ${index + 1}. letter is ${letter}</arg>
<doc>Logs the given message to the console.</doc>
<status status="PASS" start="2025-02-22T09:51:42.483662" elapsed="0.000175"/>
</kw>
<var name="${index}">25</var>
<var name="${letter}">z</var>
<status status="PASS" start="2025-02-22T09:51:42.483637" elapsed="0.000213"/>
</iter>
<var>${index}</var>
<var>${letter}</var>
<value>@{letters}</value>
<status status="PASS" start="2025-02-22T09:51:42.476360" elapsed="0.007505"/>
</for>
<status status="PASS" start="2025-02-22T09:51:42.475808" elapsed="0.008135"/>
</test>
<status status="PASS" start="2025-02-22T09:51:42.458912" elapsed="0.025219"/>
</suite>
<statistics>
<total>
<stat pass="1" fail="0" skip="0">All Tests</stat>
</total>
<tag>
</tag>
<suite>
<stat name="2 In Enumerate" id="s1" pass="1" fail="0" skip="0">2 In Enumerate</stat>
</suite>
</statistics>
<errors>
</errors>
</robot>
