<?xml version="1.0" encoding="UTF-8"?>
<robot generator="Robot 7.2.2 (Python 3.12.8 on darwin)" generated="2025-02-23T14:16:07.047800" rpa="false" schemaversion="5">
<suite id="s1" name="TestSuite" source="/Users/user/Documents/PycharmProjects/robot-basic-pycharm/tests/H-Custom/TestSuite.robot">
<test id="s1-t1" name="Test Case 1" line="8">
<kw name="Say Hello World" owner="keyword">
<kw name="Log To Console" owner="BuiltIn">
<arg>Hello World</arg>
<doc>Logs the given message to the console.</doc>
<status status="PASS" start="2025-02-23T14:16:07.067993" elapsed="0.000085"/>
</kw>
<status status="PASS" start="2025-02-23T14:16:07.067665" elapsed="0.000466"/>
</kw>
<status status="PASS" start="2025-02-23T14:16:07.067345" elapsed="0.000852"/>
</test>
<test id="s1-t2" name="Test Case 2" line="11">
<kw name="Call A Library Keyword" owner="keyword">
<kw name="Lib Keyword" owner="PythonKeywords">
<msg time="2025-02-23T14:16:07.068581" level="INFO">Hello Robot</msg>
<arg>Hello Robot</arg>
<status status="PASS" start="2025-02-23T14:16:07.068530" elapsed="0.000074"/>
</kw>
<status status="PASS" start="2025-02-23T14:16:07.068430" elapsed="0.000199"/>
</kw>
<status status="PASS" start="2025-02-23T14:16:07.068287" elapsed="0.000394"/>
</test>
<test id="s1-t3" name="Test Case 3" line="14">
<for flavor="IN">
<iter>
<kw name="Log" owner="BuiltIn">
<msg time="2025-02-23T14:16:07.069089" level="INFO">
key: name</msg>
<arg>\nkey: ${key}</arg>
<doc>Logs the given message with the given level.</doc>
<status status="PASS" start="2025-02-23T14:16:07.069012" elapsed="0.000098"/>
</kw>
<kw name="Log" owner="BuiltIn">
<msg time="2025-02-23T14:16:07.069213" level="INFO">value: peter</msg>
<arg>value: ${value}</arg>
<doc>Logs the given message with the given level.</doc>
<status status="PASS" start="2025-02-23T14:16:07.069158" elapsed="0.000073"/>
</kw>
<var name="${key}">name</var>
<var name="${value}">peter</var>
<status status="PASS" start="2025-02-23T14:16:07.068970" elapsed="0.000276"/>
</iter>
<iter>
<kw name="Log" owner="BuiltIn">
<msg time="2025-02-23T14:16:07.069387" level="INFO">
key: last_name</msg>
<arg>\nkey: ${key}</arg>
<doc>Logs the given message with the given level.</doc>
<status status="PASS" start="2025-02-23T14:16:07.069332" elapsed="0.000073"/>
</kw>
<kw name="Log" owner="BuiltIn">
<msg time="2025-02-23T14:16:07.069498" level="INFO">value: parker</msg>
<arg>value: ${value}</arg>
<doc>Logs the given message with the given level.</doc>
<status status="PASS" start="2025-02-23T14:16:07.069446" elapsed="0.000070"/>
</kw>
<var name="${key}">last_name</var>
<var name="${value}">parker</var>
<status status="PASS" start="2025-02-23T14:16:07.069297" elapsed="0.000234"/>
</iter>
<var>${key}</var>
<var>${value}</var>
<value>&amp;{python_dict}</value>
<status status="PASS" start="2025-02-23T14:16:07.068859" elapsed="0.000689"/>
</for>
<status status="PASS" start="2025-02-23T14:16:07.068761" elapsed="0.000843"/>
</test>
<status status="PASS" start="2025-02-23T14:16:07.048524" elapsed="0.021247"/>
</suite>
<statistics>
<total>
<stat pass="3" fail="0" skip="0">All Tests</stat>
</total>
<tag>
</tag>
<suite>
<stat name="TestSuite" id="s1" pass="3" fail="0" skip="0">TestSuite</stat>
</suite>
</statistics>
<errors>
<msg time="2025-02-23T14:16:07.067085" level="WARN">Imported library '/Users/user/Documents/PycharmProjects/robot-basic-pycharm/tests/H-Custom/PythonVariables.py' contains no keywords.</msg>
</errors>
</robot>
