<?xml version="1.0" encoding="UTF-8"?>
<robot generator="Robot 7.2.2 (Python 3.12.8 on darwin)" generated="2025-02-22T17:08:00.608861" rpa="false" schemaversion="5">
<suite id="s1" name="2 Lists" source="/Users/user/Documents/PycharmProjects/robot-basic-pycharm/tests/E-Variables/2_Lists/2_Lists.robot">
<test id="s1-t1" name="List Variables unpacked" line="11">
<kw name="Log To Console" owner="BuiltIn">
<arg>Lists the Alphabeth</arg>
<doc>Logs the given message to the console.</doc>
<status status="PASS" start="2025-02-22T17:08:00.628955" elapsed="0.000091"/>
</kw>
<kw name="Log Many" owner="BuiltIn">
<msg time="2025-02-22T17:08:00.629208" level="INFO">a</msg>
<msg time="2025-02-22T17:08:00.629227" level="INFO">b</msg>
<msg time="2025-02-22T17:08:00.629240" level="INFO">c</msg>
<msg time="2025-02-22T17:08:00.629249" level="INFO">d</msg>
<msg time="2025-02-22T17:08:00.629258" level="INFO">e</msg>
<msg time="2025-02-22T17:08:00.629267" level="INFO">f</msg>
<msg time="2025-02-22T17:08:00.629276" level="INFO">g</msg>
<msg time="2025-02-22T17:08:00.629284" level="INFO">h</msg>
<msg time="2025-02-22T17:08:00.629292" level="INFO">i</msg>
<msg time="2025-02-22T17:08:00.629300" level="INFO">j</msg>
<msg time="2025-02-22T17:08:00.629308" level="INFO">k</msg>
<msg time="2025-02-22T17:08:00.629316" level="INFO">l</msg>
<msg time="2025-02-22T17:08:00.629324" level="INFO">m</msg>
<msg time="2025-02-22T17:08:00.629332" level="INFO">n</msg>
<msg time="2025-02-22T17:08:00.629340" level="INFO">o</msg>
<msg time="2025-02-22T17:08:00.629348" level="INFO">p</msg>
<msg time="2025-02-22T17:08:00.629356" level="INFO">q</msg>
<msg time="2025-02-22T17:08:00.629364" level="INFO">r</msg>
<msg time="2025-02-22T17:08:00.629372" level="INFO">s</msg>
<msg time="2025-02-22T17:08:00.629380" level="INFO">t</msg>
<msg time="2025-02-22T17:08:00.629387" level="INFO">u</msg>
<msg time="2025-02-22T17:08:00.629395" level="INFO">v</msg>
<msg time="2025-02-22T17:08:00.629403" level="INFO">w</msg>
<msg time="2025-02-22T17:08:00.629411" level="INFO">x</msg>
<msg time="2025-02-22T17:08:00.629419" level="INFO">y</msg>
<msg time="2025-02-22T17:08:00.629427" level="INFO">z</msg>
<arg>@{LETTERS}</arg>
<doc>Logs the given messages as separate entries using the INFO level.</doc>
<status status="PASS" start="2025-02-22T17:08:00.629138" elapsed="0.000305"/>
</kw>
<kw name="Log Many" owner="BuiltIn">
<msg time="2025-02-22T17:08:00.629549" level="INFO">a</msg>
<msg time="2025-02-22T17:08:00.629561" level="INFO">b</msg>
<msg time="2025-02-22T17:08:00.629571" level="INFO">c</msg>
<msg time="2025-02-22T17:08:00.629581" level="INFO">d</msg>
<msg time="2025-02-22T17:08:00.629590" level="INFO">e</msg>
<msg time="2025-02-22T17:08:00.629599" level="INFO">f</msg>
<msg time="2025-02-22T17:08:00.629608" level="INFO">g</msg>
<msg time="2025-02-22T17:08:00.629618" level="INFO">h</msg>
<msg time="2025-02-22T17:08:00.629627" level="INFO">i</msg>
<msg time="2025-02-22T17:08:00.629636" level="INFO">j</msg>
<msg time="2025-02-22T17:08:00.629645" level="INFO">k</msg>
<msg time="2025-02-22T17:08:00.629654" level="INFO">l</msg>
<msg time="2025-02-22T17:08:00.629663" level="INFO">m</msg>
<msg time="2025-02-22T17:08:00.629672" level="INFO">n</msg>
<msg time="2025-02-22T17:08:00.629680" level="INFO">o</msg>
<msg time="2025-02-22T17:08:00.629689" level="INFO">p</msg>
<msg time="2025-02-22T17:08:00.629698" level="INFO">q</msg>
<msg time="2025-02-22T17:08:00.629707" level="INFO">r</msg>
<msg time="2025-02-22T17:08:00.629716" level="INFO">s</msg>
<msg time="2025-02-22T17:08:00.629725" level="INFO">t</msg>
<msg time="2025-02-22T17:08:00.629734" level="INFO">u</msg>
<msg time="2025-02-22T17:08:00.629743" level="INFO">v</msg>
<msg time="2025-02-22T17:08:00.629752" level="INFO">w</msg>
<msg time="2025-02-22T17:08:00.629761" level="INFO">x</msg>
<msg time="2025-02-22T17:08:00.629771" level="INFO">y</msg>
<msg time="2025-02-22T17:08:00.629780" level="INFO">z</msg>
<arg>a</arg>
<arg>b</arg>
<arg>c</arg>
<arg>d</arg>
<arg>e</arg>
<arg>f</arg>
<arg>g</arg>
<arg>h</arg>
<arg>i</arg>
<arg>j</arg>
<arg>k</arg>
<arg>l</arg>
<arg>m</arg>
<arg>n</arg>
<arg>o</arg>
<arg>p</arg>
<arg>q</arg>
<arg>r</arg>
<arg>s</arg>
<arg>t</arg>
<arg>u</arg>
<arg>v</arg>
<arg>w</arg>
<arg>x</arg>
<arg>y</arg>
<arg>z</arg>
<doc>Logs the given messages as separate entries using the INFO level.</doc>
<status status="PASS" start="2025-02-22T17:08:00.629513" elapsed="0.000281"/>
</kw>
<kw name="Log" owner="BuiltIn">
<msg time="2025-02-22T17:08:00.629948" level="INFO">['a', 'b', 'c', 'd', 'e', 'f', 'g', 'h', 'i', 'j', 'k', 'l', 'm', 'n', 'o', 'p', 'q', 'r', 's', 't', 'u', 'v', 'w', 'x', 'y', 'z']</msg>
<arg>${LETTERS}</arg>
<doc>Logs the given message with the given level.</doc>
<status status="PASS" start="2025-02-22T17:08:00.629884" elapsed="0.000083"/>
</kw>
<kw name="Log" owner="BuiltIn">
<msg time="2025-02-22T17:08:00.630094" level="FAIL">Keyword 'BuiltIn.Log' expected 1 to 6 arguments, got 26.</msg>
<arg>@{LETTERS}</arg>
<doc>Logs the given message with the given level.</doc>
<status status="FAIL" start="2025-02-22T17:08:00.630024" elapsed="0.000087">Keyword 'BuiltIn.Log' expected 1 to 6 arguments, got 26.</status>
</kw>
<status status="FAIL" start="2025-02-22T17:08:00.628545" elapsed="0.001649">Keyword 'BuiltIn.Log' expected 1 to 6 arguments, got 26.</status>
</test>
<test id="s1-t2" name="List Variables unpacked modify by me" line="19">
<kw name="Log Many" owner="BuiltIn">
<msg time="2025-02-22T17:08:00.630476" level="INFO">Pikachu</msg>
<msg time="2025-02-22T17:08:00.630489" level="INFO">Eevee</msg>
<msg time="2025-02-22T17:08:00.630498" level="INFO">Charizard</msg>
<msg time="2025-02-22T17:08:00.630507" level="INFO">Bulbasaur</msg>
<msg time="2025-02-22T17:08:00.630515" level="INFO">Squirtle</msg>
<msg time="2025-02-22T17:08:00.630523" level="INFO">Jigglypuff</msg>
<msg time="2025-02-22T17:08:00.630531" level="INFO">Snorlax</msg>
<msg time="2025-02-22T17:08:00.630539" level="INFO">Butterfree</msg>
<arg>@{POKEMON}</arg>
<doc>Logs the given messages as separate entries using the INFO level.</doc>
<status status="PASS" start="2025-02-22T17:08:00.630429" elapsed="0.000124"/>
</kw>
<kw name="Log Many" owner="BuiltIn">
<msg time="2025-02-22T17:08:00.630648" level="INFO">['Pikachu', 'Eevee', 'Charizard', 'Bulbasaur', 'Squirtle', 'Jigglypuff', 'Snorlax', 'Butterfree']</msg>
<arg>${POKEMON}</arg>
<doc>Logs the given messages as separate entries using the INFO level.</doc>
<status status="PASS" start="2025-02-22T17:08:00.630605" elapsed="0.000058"/>
</kw>
<kw name="Log" owner="BuiltIn">
<msg time="2025-02-22T17:08:00.630766" level="INFO">['Pikachu', 'Eevee', 'Charizard', 'Bulbasaur', 'Squirtle', 'Jigglypuff', 'Snorlax', 'Butterfree']</msg>
<arg>${POKEMON}</arg>
<doc>Logs the given message with the given level.</doc>
<status status="PASS" start="2025-02-22T17:08:00.630715" elapsed="0.000069"/>
</kw>
<kw name="Log" owner="BuiltIn">
<msg time="2025-02-22T17:08:00.630889" level="FAIL">Keyword 'BuiltIn.Log' expected 1 to 6 arguments, got 8.</msg>
<arg>@{POKEMON}</arg>
<doc>Logs the given message with the given level.</doc>
<status status="FAIL" start="2025-02-22T17:08:00.630832" elapsed="0.000072">Keyword 'BuiltIn.Log' expected 1 to 6 arguments, got 8.</status>
</kw>
<status status="FAIL" start="2025-02-22T17:08:00.630294" elapsed="0.000761">Keyword 'BuiltIn.Log' expected 1 to 6 arguments, got 8.</status>
</test>
<test id="s1-t3" name="Test with Keywords and a list" line="25">
<kw name="Print All Entries Of A List To Console">
<for flavor="IN">
<iter>
<kw name="Log To Console" owner="BuiltIn">
<arg>${element}</arg>
<doc>Logs the given message to the console.</doc>
<status status="PASS" start="2025-02-22T17:08:00.631550" elapsed="0.000067"/>
</kw>
<var name="${element}">a</var>
<status status="PASS" start="2025-02-22T17:08:00.631514" elapsed="0.000120"/>
</iter>
<iter>
<kw name="Log To Console" owner="BuiltIn">
<arg>${element}</arg>
<doc>Logs the given message to the console.</doc>
<status status="PASS" start="2025-02-22T17:08:00.631707" elapsed="0.000059"/>
</kw>
<var name="${element}">b</var>
<status status="PASS" start="2025-02-22T17:08:00.631675" elapsed="0.000106"/>
</iter>
<iter>
<kw name="Log To Console" owner="BuiltIn">
<arg>${element}</arg>
<doc>Logs the given message to the console.</doc>
<status status="PASS" start="2025-02-22T17:08:00.631891" elapsed="0.000061"/>
</kw>
<var name="${element}">c</var>
<status status="PASS" start="2025-02-22T17:08:00.631857" elapsed="0.000110"/>
</iter>
<iter>
<kw name="Log To Console" owner="BuiltIn">
<arg>${element}</arg>
<doc>Logs the given message to the console.</doc>
<status status="PASS" start="2025-02-22T17:08:00.632028" elapsed="0.000053"/>
</kw>
<var name="${element}">d</var>
<status status="PASS" start="2025-02-22T17:08:00.631999" elapsed="0.000097"/>
</iter>
<iter>
<kw name="Log To Console" owner="BuiltIn">
<arg>${element}</arg>
<doc>Logs the given message to the console.</doc>
<status status="PASS" start="2025-02-22T17:08:00.632157" elapsed="0.000054"/>
</kw>
<var name="${element}">e</var>
<status status="PASS" start="2025-02-22T17:08:00.632129" elapsed="0.000096"/>
</iter>
<iter>
<kw name="Log To Console" owner="BuiltIn">
<arg>${element}</arg>
<doc>Logs the given message to the console.</doc>
<status status="PASS" start="2025-02-22T17:08:00.632282" elapsed="0.000055"/>
</kw>
<var name="${element}">f</var>
<status status="PASS" start="2025-02-22T17:08:00.632255" elapsed="0.000096"/>
</iter>
<iter>
<kw name="Log To Console" owner="BuiltIn">
<arg>${element}</arg>
<doc>Logs the given message to the console.</doc>
<status status="PASS" start="2025-02-22T17:08:00.632409" elapsed="0.000052"/>
</kw>
<var name="${element}">g</var>
<status status="PASS" start="2025-02-22T17:08:00.632382" elapsed="0.000093"/>
</iter>
<iter>
<kw name="Log To Console" owner="BuiltIn">
<arg>${element}</arg>
<doc>Logs the given message to the console.</doc>
<status status="PASS" start="2025-02-22T17:08:00.632531" elapsed="0.000055"/>
</kw>
<var name="${element}">h</var>
<status status="PASS" start="2025-02-22T17:08:00.632504" elapsed="0.000097"/>
</iter>
<iter>
<kw name="Log To Console" owner="BuiltIn">
<arg>${element}</arg>
<doc>Logs the given message to the console.</doc>
<status status="PASS" start="2025-02-22T17:08:00.632656" elapsed="0.000052"/>
</kw>
<var name="${element}">i</var>
<status status="PASS" start="2025-02-22T17:08:00.632630" elapsed="0.000091"/>
</iter>
<iter>
<kw name="Log To Console" owner="BuiltIn">
<arg>${element}</arg>
<doc>Logs the given message to the console.</doc>
<status status="PASS" start="2025-02-22T17:08:00.632778" elapsed="0.000055"/>
</kw>
<var name="${element}">j</var>
<status status="PASS" start="2025-02-22T17:08:00.632751" elapsed="0.000097"/>
</iter>
<iter>
<kw name="Log To Console" owner="BuiltIn">
<arg>${element}</arg>
<doc>Logs the given message to the console.</doc>
<status status="PASS" start="2025-02-22T17:08:00.632904" elapsed="0.000052"/>
</kw>
<var name="${element}">k</var>
<status status="PASS" start="2025-02-22T17:08:00.632877" elapsed="0.000093"/>
</iter>
<iter>
<kw name="Log To Console" owner="BuiltIn">
<arg>${element}</arg>
<doc>Logs the given message to the console.</doc>
<status status="PASS" start="2025-02-22T17:08:00.633029" elapsed="0.000084"/>
</kw>
<var name="${element}">l</var>
<status status="PASS" start="2025-02-22T17:08:00.633002" elapsed="0.000126"/>
</iter>
<iter>
<kw name="Log To Console" owner="BuiltIn">
<arg>${element}</arg>
<doc>Logs the given message to the console.</doc>
<status status="PASS" start="2025-02-22T17:08:00.633187" elapsed="0.000055"/>
</kw>
<var name="${element}">m</var>
<status status="PASS" start="2025-02-22T17:08:00.633160" elapsed="0.000095"/>
</iter>
<iter>
<kw name="Log To Console" owner="BuiltIn">
<arg>${element}</arg>
<doc>Logs the given message to the console.</doc>
<status status="PASS" start="2025-02-22T17:08:00.633318" elapsed="0.000058"/>
</kw>
<var name="${element}">n</var>
<status status="PASS" start="2025-02-22T17:08:00.633291" elapsed="0.000100"/>
</iter>
<iter>
<kw name="Log To Console" owner="BuiltIn">
<arg>${element}</arg>
<doc>Logs the given message to the console.</doc>
<status status="PASS" start="2025-02-22T17:08:00.633471" elapsed="0.000055"/>
</kw>
<var name="${element}">o</var>
<status status="PASS" start="2025-02-22T17:08:00.633443" elapsed="0.000096"/>
</iter>
<iter>
<kw name="Log To Console" owner="BuiltIn">
<arg>${element}</arg>
<doc>Logs the given message to the console.</doc>
<status status="PASS" start="2025-02-22T17:08:00.633599" elapsed="0.000108"/>
</kw>
<var name="${element}">p</var>
<status status="PASS" start="2025-02-22T17:08:00.633572" elapsed="0.000162"/>
</iter>
<iter>
<kw name="Log To Console" owner="BuiltIn">
<arg>${element}</arg>
<doc>Logs the given message to the console.</doc>
<status status="PASS" start="2025-02-22T17:08:00.633829" elapsed="0.000077"/>
</kw>
<var name="${element}">q</var>
<status status="PASS" start="2025-02-22T17:08:00.633784" elapsed="0.000141"/>
</iter>
<iter>
<kw name="Log To Console" owner="BuiltIn">
<arg>${element}</arg>
<doc>Logs the given message to the console.</doc>
<status status="PASS" start="2025-02-22T17:08:00.634021" elapsed="0.000072"/>
</kw>
<var name="${element}">r</var>
<status status="PASS" start="2025-02-22T17:08:00.633970" elapsed="0.000140"/>
</iter>
<iter>
<kw name="Log To Console" owner="BuiltIn">
<arg>${element}</arg>
<doc>Logs the given message to the console.</doc>
<status status="PASS" start="2025-02-22T17:08:00.634177" elapsed="0.000061"/>
</kw>
<var name="${element}">s</var>
<status status="PASS" start="2025-02-22T17:08:00.634144" elapsed="0.000110"/>
</iter>
<iter>
<kw name="Log To Console" owner="BuiltIn">
<arg>${element}</arg>
<doc>Logs the given message to the console.</doc>
<status status="PASS" start="2025-02-22T17:08:00.634315" elapsed="0.000056"/>
</kw>
<var name="${element}">t</var>
<status status="PASS" start="2025-02-22T17:08:00.634287" elapsed="0.000098"/>
</iter>
<iter>
<kw name="Log To Console" owner="BuiltIn">
<arg>${element}</arg>
<doc>Logs the given message to the console.</doc>
<status status="PASS" start="2025-02-22T17:08:00.634445" elapsed="0.000060"/>
</kw>
<var name="${element}">u</var>
<status status="PASS" start="2025-02-22T17:08:00.634416" elapsed="0.000104"/>
</iter>
<iter>
<kw name="Log To Console" owner="BuiltIn">
<arg>${element}</arg>
<doc>Logs the given message to the console.</doc>
<status status="PASS" start="2025-02-22T17:08:00.634578" elapsed="0.000053"/>
</kw>
<var name="${element}">v</var>
<status status="PASS" start="2025-02-22T17:08:00.634551" elapsed="0.000093"/>
</iter>
<iter>
<kw name="Log To Console" owner="BuiltIn">
<arg>${element}</arg>
<doc>Logs the given message to the console.</doc>
<status status="PASS" start="2025-02-22T17:08:00.634781" elapsed="0.000058"/>
</kw>
<var name="${element}">w</var>
<status status="PASS" start="2025-02-22T17:08:00.634675" elapsed="0.000179"/>
</iter>
<iter>
<kw name="Log To Console" owner="BuiltIn">
<arg>${element}</arg>
<doc>Logs the given message to the console.</doc>
<status status="PASS" start="2025-02-22T17:08:00.634914" elapsed="0.000070"/>
</kw>
<var name="${element}">x</var>
<status status="PASS" start="2025-02-22T17:08:00.634886" elapsed="0.000129"/>
</iter>
<iter>
<kw name="Log To Console" owner="BuiltIn">
<arg>${element}</arg>
<doc>Logs the given message to the console.</doc>
<status status="PASS" start="2025-02-22T17:08:00.635108" elapsed="0.000086"/>
</kw>
<var name="${element}">y</var>
<status status="PASS" start="2025-02-22T17:08:00.635067" elapsed="0.000145"/>
</iter>
<iter>
<kw name="Log To Console" owner="BuiltIn">
<arg>${element}</arg>
<doc>Logs the given message to the console.</doc>
<status status="PASS" start="2025-02-22T17:08:00.635286" elapsed="0.000066"/>
</kw>
<var name="${element}">z</var>
<status status="PASS" start="2025-02-22T17:08:00.635252" elapsed="0.000115"/>
</iter>
<var>${element}</var>
<value>@{list}</value>
<status status="PASS" start="2025-02-22T17:08:00.631447" elapsed="0.003935"/>
</for>
<arg>${LETTERS}</arg>
<status status="PASS" start="2025-02-22T17:08:00.631327" elapsed="0.004094"/>
</kw>
<kw name="Print All Entries Of A List To Console">
<for flavor="IN">
<iter>
<kw name="Log To Console" owner="BuiltIn">
<arg>${element}</arg>
<doc>Logs the given message to the console.</doc>
<status status="PASS" start="2025-02-22T17:08:00.635722" elapsed="0.000068"/>
</kw>
<var name="${element}">Pikachu</var>
<status status="PASS" start="2025-02-22T17:08:00.635688" elapsed="0.000177"/>
</iter>
<iter>
<kw name="Log To Console" owner="BuiltIn">
<arg>${element}</arg>
<doc>Logs the given message to the console.</doc>
<status status="PASS" start="2025-02-22T17:08:00.635934" elapsed="0.000059"/>
</kw>
<var name="${element}">Eevee</var>
<status status="PASS" start="2025-02-22T17:08:00.635904" elapsed="0.000105"/>
</iter>
<iter>
<kw name="Log To Console" owner="BuiltIn">
<arg>${element}</arg>
<doc>Logs the given message to the console.</doc>
<status status="PASS" start="2025-02-22T17:08:00.636069" elapsed="0.000057"/>
</kw>
<var name="${element}">Charizard</var>
<status status="PASS" start="2025-02-22T17:08:00.636041" elapsed="0.000100"/>
</iter>
<iter>
<kw name="Log To Console" owner="BuiltIn">
<arg>${element}</arg>
<doc>Logs the given message to the console.</doc>
<status status="PASS" start="2025-02-22T17:08:00.636202" elapsed="0.000053"/>
</kw>
<var name="${element}">Bulbasaur</var>
<status status="PASS" start="2025-02-22T17:08:00.636173" elapsed="0.000096"/>
</iter>
<iter>
<kw name="Log To Console" owner="BuiltIn">
<arg>${element}</arg>
<doc>Logs the given message to the console.</doc>
<status status="PASS" start="2025-02-22T17:08:00.636328" elapsed="0.000055"/>
</kw>
<var name="${element}">Squirtle</var>
<status status="PASS" start="2025-02-22T17:08:00.636300" elapsed="0.000098"/>
</iter>
<iter>
<kw name="Log To Console" owner="BuiltIn">
<arg>${element}</arg>
<doc>Logs the given message to the console.</doc>
<status status="PASS" start="2025-02-22T17:08:00.636455" elapsed="0.000052"/>
</kw>
<var name="${element}">Jigglypuff</var>
<status status="PASS" start="2025-02-22T17:08:00.636428" elapsed="0.000092"/>
</iter>
<iter>
<kw name="Log To Console" owner="BuiltIn">
<arg>${element}</arg>
<doc>Logs the given message to the console.</doc>
<status status="PASS" start="2025-02-22T17:08:00.636578" elapsed="0.000054"/>
</kw>
<var name="${element}">Snorlax</var>
<status status="PASS" start="2025-02-22T17:08:00.636551" elapsed="0.000094"/>
</iter>
<iter>
<kw name="Log To Console" owner="BuiltIn">
<arg>${element}</arg>
<doc>Logs the given message to the console.</doc>
<status status="PASS" start="2025-02-22T17:08:00.636700" elapsed="0.000053"/>
</kw>
<var name="${element}">Butterfree</var>
<status status="PASS" start="2025-02-22T17:08:00.636675" elapsed="0.000093"/>
</iter>
<var>${element}</var>
<value>@{list}</value>
<status status="PASS" start="2025-02-22T17:08:00.635634" elapsed="0.001147"/>
</for>
<arg>${POKEMON}</arg>
<status status="PASS" start="2025-02-22T17:08:00.635521" elapsed="0.001287"/>
</kw>
<kw name="Print All Entries Of A List To Console">
<msg time="2025-02-22T17:08:00.636943" level="FAIL">Keyword 'Print All Entries Of A List To Console' expected 1 argument, got 8.</msg>
<arg>@{POKEMON}</arg>
<status status="FAIL" start="2025-02-22T17:08:00.636881" elapsed="0.000078">Keyword 'Print All Entries Of A List To Console' expected 1 argument, got 8.</status>
</kw>
<status status="FAIL" start="2025-02-22T17:08:00.631148" elapsed="0.005883">Keyword 'Print All Entries Of A List To Console' expected 1 argument, got 8.</status>
</test>
<test id="s1-t4" name="Test with a Keyword that accepts multiple arguments" line="30">
<kw name="Print All Arguments To Console">
<for flavor="IN">
<iter>
<kw name="Log To Console" owner="BuiltIn">
<arg>${arg}</arg>
<doc>Logs the given message to the console.</doc>
<status status="PASS" start="2025-02-22T17:08:00.637705" elapsed="0.000109"/>
</kw>
<var name="${arg}">a</var>
<status status="PASS" start="2025-02-22T17:08:00.637638" elapsed="0.000198"/>
</iter>
<iter>
<kw name="Log To Console" owner="BuiltIn">
<arg>${arg}</arg>
<doc>Logs the given message to the console.</doc>
<status status="PASS" start="2025-02-22T17:08:00.637917" elapsed="0.000063"/>
</kw>
<var name="${arg}">b</var>
<status status="PASS" start="2025-02-22T17:08:00.637879" elapsed="0.000116"/>
</iter>
<iter>
<kw name="Log To Console" owner="BuiltIn">
<arg>${arg}</arg>
<doc>Logs the given message to the console.</doc>
<status status="PASS" start="2025-02-22T17:08:00.638062" elapsed="0.000070"/>
</kw>
<var name="${arg}">c</var>
<status status="PASS" start="2025-02-22T17:08:00.638026" elapsed="0.000125"/>
</iter>
<iter>
<kw name="Log To Console" owner="BuiltIn">
<arg>${arg}</arg>
<doc>Logs the given message to the console.</doc>
<status status="PASS" start="2025-02-22T17:08:00.638240" elapsed="0.000086"/>
</kw>
<var name="${arg}">d</var>
<status status="PASS" start="2025-02-22T17:08:00.638204" elapsed="0.000137"/>
</iter>
<iter>
<kw name="Log To Console" owner="BuiltIn">
<arg>${arg}</arg>
<doc>Logs the given message to the console.</doc>
<status status="PASS" start="2025-02-22T17:08:00.638426" elapsed="0.000078"/>
</kw>
<var name="${arg}">e</var>
<status status="PASS" start="2025-02-22T17:08:00.638389" elapsed="0.000133"/>
</iter>
<iter>
<kw name="Log To Console" owner="BuiltIn">
<arg>${arg}</arg>
<doc>Logs the given message to the console.</doc>
<status status="PASS" start="2025-02-22T17:08:00.638589" elapsed="0.000063"/>
</kw>
<var name="${arg}">f</var>
<status status="PASS" start="2025-02-22T17:08:00.638558" elapsed="0.000127"/>
</iter>
<iter>
<kw name="Log To Console" owner="BuiltIn">
<arg>${arg}</arg>
<doc>Logs the given message to the console.</doc>
<status status="PASS" start="2025-02-22T17:08:00.638752" elapsed="0.000059"/>
</kw>
<var name="${arg}">g</var>
<status status="PASS" start="2025-02-22T17:08:00.638723" elapsed="0.000102"/>
</iter>
<iter>
<kw name="Log To Console" owner="BuiltIn">
<arg>${arg}</arg>
<doc>Logs the given message to the console.</doc>
<status status="PASS" start="2025-02-22T17:08:00.638917" elapsed="0.000131"/>
</kw>
<var name="${arg}">h</var>
<status status="PASS" start="2025-02-22T17:08:00.638856" elapsed="0.000226"/>
</iter>
<iter>
<kw name="Log To Console" owner="BuiltIn">
<arg>${arg}</arg>
<doc>Logs the given message to the console.</doc>
<status status="PASS" start="2025-02-22T17:08:00.639178" elapsed="0.000185"/>
</kw>
<var name="${arg}">i</var>
<status status="PASS" start="2025-02-22T17:08:00.639131" elapsed="0.000251"/>
</iter>
<iter>
<kw name="Log To Console" owner="BuiltIn">
<arg>${arg}</arg>
<doc>Logs the given message to the console.</doc>
<status status="PASS" start="2025-02-22T17:08:00.639455" elapsed="0.000066"/>
</kw>
<var name="${arg}">j</var>
<status status="PASS" start="2025-02-22T17:08:00.639421" elapsed="0.000116"/>
</iter>
<iter>
<kw name="Log To Console" owner="BuiltIn">
<arg>${arg}</arg>
<doc>Logs the given message to the console.</doc>
<status status="PASS" start="2025-02-22T17:08:00.639601" elapsed="0.000061"/>
</kw>
<var name="${arg}">k</var>
<status status="PASS" start="2025-02-22T17:08:00.639570" elapsed="0.000107"/>
</iter>
<iter>
<kw name="Log To Console" owner="BuiltIn">
<arg>${arg}</arg>
<doc>Logs the given message to the console.</doc>
<status status="PASS" start="2025-02-22T17:08:00.639735" elapsed="0.000058"/>
</kw>
<var name="${arg}">l</var>
<status status="PASS" start="2025-02-22T17:08:00.639707" elapsed="0.000101"/>
</iter>
<iter>
<kw name="Log To Console" owner="BuiltIn">
<arg>${arg}</arg>
<doc>Logs the given message to the console.</doc>
<status status="PASS" start="2025-02-22T17:08:00.639867" elapsed="0.000057"/>
</kw>
<var name="${arg}">m</var>
<status status="PASS" start="2025-02-22T17:08:00.639840" elapsed="0.000098"/>
</iter>
<iter>
<kw name="Log To Console" owner="BuiltIn">
<arg>${arg}</arg>
<doc>Logs the given message to the console.</doc>
<status status="PASS" start="2025-02-22T17:08:00.639995" elapsed="0.000058"/>
</kw>
<var name="${arg}">n</var>
<status status="PASS" start="2025-02-22T17:08:00.639968" elapsed="0.000100"/>
</iter>
<iter>
<kw name="Log To Console" owner="BuiltIn">
<arg>${arg}</arg>
<doc>Logs the given message to the console.</doc>
<status status="PASS" start="2025-02-22T17:08:00.640125" elapsed="0.000057"/>
</kw>
<var name="${arg}">o</var>
<status status="PASS" start="2025-02-22T17:08:00.640098" elapsed="0.000100"/>
</iter>
<iter>
<kw name="Log To Console" owner="BuiltIn">
<arg>${arg}</arg>
<doc>Logs the given message to the console.</doc>
<status status="PASS" start="2025-02-22T17:08:00.640257" elapsed="0.000055"/>
</kw>
<var name="${arg}">p</var>
<status status="PASS" start="2025-02-22T17:08:00.640229" elapsed="0.000140"/>
</iter>
<iter>
<kw name="Log To Console" owner="BuiltIn">
<arg>${arg}</arg>
<doc>Logs the given message to the console.</doc>
<status status="PASS" start="2025-02-22T17:08:00.640430" elapsed="0.000058"/>
</kw>
<var name="${arg}">q</var>
<status status="PASS" start="2025-02-22T17:08:00.640403" elapsed="0.000099"/>
</iter>
<iter>
<kw name="Log To Console" owner="BuiltIn">
<arg>${arg}</arg>
<doc>Logs the given message to the console.</doc>
<status status="PASS" start="2025-02-22T17:08:00.640559" elapsed="0.000056"/>
</kw>
<var name="${arg}">r</var>
<status status="PASS" start="2025-02-22T17:08:00.640532" elapsed="0.000098"/>
</iter>
<iter>
<kw name="Log To Console" owner="BuiltIn">
<arg>${arg}</arg>
<doc>Logs the given message to the console.</doc>
<status status="PASS" start="2025-02-22T17:08:00.640687" elapsed="0.000054"/>
</kw>
<var name="${arg}">s</var>
<status status="PASS" start="2025-02-22T17:08:00.640660" elapsed="0.000095"/>
</iter>
<iter>
<kw name="Log To Console" owner="BuiltIn">
<arg>${arg}</arg>
<doc>Logs the given message to the console.</doc>
<status status="PASS" start="2025-02-22T17:08:00.640811" elapsed="0.000054"/>
</kw>
<var name="${arg}">t</var>
<status status="PASS" start="2025-02-22T17:08:00.640784" elapsed="0.000096"/>
</iter>
<iter>
<kw name="Log To Console" owner="BuiltIn">
<arg>${arg}</arg>
<doc>Logs the given message to the console.</doc>
<status status="PASS" start="2025-02-22T17:08:00.640935" elapsed="0.000060"/>
</kw>
<var name="${arg}">u</var>
<status status="PASS" start="2025-02-22T17:08:00.640909" elapsed="0.000100"/>
</iter>
<iter>
<kw name="Log To Console" owner="BuiltIn">
<arg>${arg}</arg>
<doc>Logs the given message to the console.</doc>
<status status="PASS" start="2025-02-22T17:08:00.641065" elapsed="0.000057"/>
</kw>
<var name="${arg}">v</var>
<status status="PASS" start="2025-02-22T17:08:00.641038" elapsed="0.000098"/>
</iter>
<iter>
<kw name="Log To Console" owner="BuiltIn">
<arg>${arg}</arg>
<doc>Logs the given message to the console.</doc>
<status status="PASS" start="2025-02-22T17:08:00.641190" elapsed="0.000054"/>
</kw>
<var name="${arg}">w</var>
<status status="PASS" start="2025-02-22T17:08:00.641164" elapsed="0.000095"/>
</iter>
<iter>
<kw name="Log To Console" owner="BuiltIn">
<arg>${arg}</arg>
<doc>Logs the given message to the console.</doc>
<status status="PASS" start="2025-02-22T17:08:00.641315" elapsed="0.000060"/>
</kw>
<var name="${arg}">x</var>
<status status="PASS" start="2025-02-22T17:08:00.641289" elapsed="0.000099"/>
</iter>
<iter>
<kw name="Log To Console" owner="BuiltIn">
<arg>${arg}</arg>
<doc>Logs the given message to the console.</doc>
<status status="PASS" start="2025-02-22T17:08:00.641444" elapsed="0.000055"/>
</kw>
<var name="${arg}">y</var>
<status status="PASS" start="2025-02-22T17:08:00.641417" elapsed="0.000095"/>
</iter>
<iter>
<kw name="Log To Console" owner="BuiltIn">
<arg>${arg}</arg>
<doc>Logs the given message to the console.</doc>
<status status="PASS" start="2025-02-22T17:08:00.641566" elapsed="0.000053"/>
</kw>
<var name="${arg}">z</var>
<status status="PASS" start="2025-02-22T17:08:00.641540" elapsed="0.000093"/>
</iter>
<var>${arg}</var>
<value>@{all_args}</value>
<status status="PASS" start="2025-02-22T17:08:00.637557" elapsed="0.004089"/>
</for>
<arg>@{LETTERS}</arg>
<status status="PASS" start="2025-02-22T17:08:00.637333" elapsed="0.004341"/>
</kw>
<kw name="Print All Arguments To Console">
<for flavor="IN">
<iter>
<kw name="Log To Console" owner="BuiltIn">
<arg>${arg}</arg>
<doc>Logs the given message to the console.</doc>
<status status="PASS" start="2025-02-22T17:08:00.641933" elapsed="0.000059"/>
</kw>
<var name="${arg}">arg1</var>
<status status="PASS" start="2025-02-22T17:08:00.641904" elapsed="0.000104"/>
</iter>
<iter>
<kw name="Log To Console" owner="BuiltIn">
<arg>${arg}</arg>
<doc>Logs the given message to the console.</doc>
<status status="PASS" start="2025-02-22T17:08:00.642066" elapsed="0.000057"/>
</kw>
<var name="${arg}">arg2</var>
<status status="PASS" start="2025-02-22T17:08:00.642039" elapsed="0.000099"/>
</iter>
<iter>
<kw name="Log To Console" owner="BuiltIn">
<arg>${arg}</arg>
<doc>Logs the given message to the console.</doc>
<status status="PASS" start="2025-02-22T17:08:00.642192" elapsed="0.000056"/>
</kw>
<var name="${arg}">arg3</var>
<status status="PASS" start="2025-02-22T17:08:00.642167" elapsed="0.000096"/>
</iter>
<iter>
<kw name="Log To Console" owner="BuiltIn">
<arg>${arg}</arg>
<doc>Logs the given message to the console.</doc>
<status status="PASS" start="2025-02-22T17:08:00.642319" elapsed="0.000067"/>
</kw>
<var name="${arg}">arg4</var>
<status status="PASS" start="2025-02-22T17:08:00.642292" elapsed="0.000108"/>
</iter>
<var>${arg}</var>
<value>@{all_args}</value>
<status status="PASS" start="2025-02-22T17:08:00.641856" elapsed="0.000555"/>
</for>
<arg>arg1</arg>
<arg>arg2</arg>
<arg>arg3</arg>
<arg>arg4</arg>
<status status="PASS" start="2025-02-22T17:08:00.641762" elapsed="0.000673"/>
</kw>
<kw name="Print All Arguments To Console">
<for flavor="IN">
<iter>
<kw name="Log To Console" owner="BuiltIn">
<arg>${arg}</arg>
<doc>Logs the given message to the console.</doc>
<status status="PASS" start="2025-02-22T17:08:00.642681" elapsed="0.000059"/>
</kw>
<var name="${arg}">['a', 'b', 'c', 'd', 'e', 'f', 'g', 'h', 'i', 'j', 'k', 'l', 'm', 'n', 'o', 'p', 'q', 'r', 's', 't', 'u', 'v', 'w', 'x', 'y', 'z']</var>
<status status="PASS" start="2025-02-22T17:08:00.642652" elapsed="0.000103"/>
</iter>
<var>${arg}</var>
<value>@{all_args}</value>
<status status="PASS" start="2025-02-22T17:08:00.642604" elapsed="0.000164"/>
</for>
<arg>${LETTERS}</arg>
<status status="PASS" start="2025-02-22T17:08:00.642510" elapsed="0.000282"/>
</kw>
<kw name="Print All Arguments To Console">
<for flavor="IN">
<iter>
<kw name="Log To Console" owner="BuiltIn">
<arg>${arg}</arg>
<doc>Logs the given message to the console.</doc>
<status status="PASS" start="2025-02-22T17:08:00.643035" elapsed="0.000193"/>
</kw>
<var name="${arg}">Pikachu</var>
<status status="PASS" start="2025-02-22T17:08:00.643007" elapsed="0.000271"/>
</iter>
<iter>
<kw name="Log To Console" owner="BuiltIn">
<arg>${arg}</arg>
<doc>Logs the given message to the console.</doc>
<status status="PASS" start="2025-02-22T17:08:00.643433" elapsed="0.000118"/>
</kw>
<var name="${arg}">Eevee</var>
<status status="PASS" start="2025-02-22T17:08:00.643369" elapsed="0.000210"/>
</iter>
<iter>
<kw name="Log To Console" owner="BuiltIn">
<arg>${arg}</arg>
<doc>Logs the given message to the console.</doc>
<status status="PASS" start="2025-02-22T17:08:00.643660" elapsed="0.000072"/>
</kw>
<var name="${arg}">Charizard</var>
<status status="PASS" start="2025-02-22T17:08:00.643622" elapsed="0.000135"/>
</iter>
<iter>
<kw name="Log To Console" owner="BuiltIn">
<arg>${arg}</arg>
<doc>Logs the given message to the console.</doc>
<status status="PASS" start="2025-02-22T17:08:00.643827" elapsed="0.000067"/>
</kw>
<var name="${arg}">Bulbasaur</var>
<status status="PASS" start="2025-02-22T17:08:00.643794" elapsed="0.000117"/>
</iter>
<iter>
<kw name="Log To Console" owner="BuiltIn">
<arg>${arg}</arg>
<doc>Logs the given message to the console.</doc>
<status status="PASS" start="2025-02-22T17:08:00.643976" elapsed="0.000063"/>
</kw>
<var name="${arg}">Squirtle</var>
<status status="PASS" start="2025-02-22T17:08:00.643944" elapsed="0.000113"/>
</iter>
<iter>
<kw name="Log To Console" owner="BuiltIn">
<arg>${arg}</arg>
<doc>Logs the given message to the console.</doc>
<status status="PASS" start="2025-02-22T17:08:00.644118" elapsed="0.000062"/>
</kw>
<var name="${arg}">Jigglypuff</var>
<status status="PASS" start="2025-02-22T17:08:00.644088" elapsed="0.000107"/>
</iter>
<iter>
<kw name="Log To Console" owner="BuiltIn">
<arg>${arg}</arg>
<doc>Logs the given message to the console.</doc>
<status status="PASS" start="2025-02-22T17:08:00.644254" elapsed="0.000056"/>
</kw>
<var name="${arg}">Snorlax</var>
<status status="PASS" start="2025-02-22T17:08:00.644225" elapsed="0.000101"/>
</iter>
<iter>
<kw name="Log To Console" owner="BuiltIn">
<arg>${arg}</arg>
<doc>Logs the given message to the console.</doc>
<status status="PASS" start="2025-02-22T17:08:00.644453" elapsed="0.000060"/>
</kw>
<var name="${arg}">Butterfree</var>
<status status="PASS" start="2025-02-22T17:08:00.644422" elapsed="0.000106"/>
</iter>
<var>${arg}</var>
<value>@{all_args}</value>
<status status="PASS" start="2025-02-22T17:08:00.642963" elapsed="0.001579"/>
</for>
<arg>@{POKEMON}</arg>
<status status="PASS" start="2025-02-22T17:08:00.642873" elapsed="0.001702"/>
</kw>
<kw name="Print All Arguments To Console">
<for flavor="IN">
<iter>
<kw name="Log To Console" owner="BuiltIn">
<arg>${arg}</arg>
<doc>Logs the given message to the console.</doc>
<status status="PASS" start="2025-02-22T17:08:00.644875" elapsed="0.000062"/>
</kw>
<var name="${arg}">['Pikachu', 'Eevee', 'Charizard', 'Bulbasaur', 'Squirtle', 'Jigglypuff', 'Snorlax', 'Butterfree']</var>
<status status="PASS" start="2025-02-22T17:08:00.644844" elapsed="0.000109"/>
</iter>
<var>${arg}</var>
<value>@{all_args}</value>
<status status="PASS" start="2025-02-22T17:08:00.644787" elapsed="0.000182"/>
</for>
<arg>${POKEMON}</arg>
<status status="PASS" start="2025-02-22T17:08:00.644672" elapsed="0.000322"/>
</kw>
<status status="PASS" start="2025-02-22T17:08:00.637121" elapsed="0.007939"/>
</test>
<test id="s1-t5" name="Test with some Collections keywords using scalar" line="37">
<kw name="Create List" owner="BuiltIn">
<msg time="2025-02-22T17:08:00.645363" level="INFO">${list} = ['1', '2', '3']</msg>
<var>${list}</var>
<arg>1</arg>
<arg>2</arg>
<arg>3</arg>
<doc>Returns a list containing given items.</doc>
<status status="PASS" start="2025-02-22T17:08:00.645297" elapsed="0.000079"/>
</kw>
<kw name="Append To List" owner="Collections">
<arg>${list}</arg>
<arg>4</arg>
<arg>5</arg>
<arg>6</arg>
<doc>Adds ``values`` to the end of ``list``.</doc>
<status status="PASS" start="2025-02-22T17:08:00.645431" elapsed="0.000064"/>
</kw>
<kw name="Create List" owner="BuiltIn">
<msg time="2025-02-22T17:08:00.645604" level="INFO">${list2} = ['7', '8', '9']</msg>
<var>${list2}</var>
<arg>7</arg>
<arg>8</arg>
<arg>9</arg>
<doc>Returns a list containing given items.</doc>
<status status="PASS" start="2025-02-22T17:08:00.645550" elapsed="0.000078"/>
</kw>
<kw name="Combine Lists" owner="Collections">
<msg time="2025-02-22T17:08:00.645761" level="INFO">${new_list} = ['1', '2', '3', '4', '5', '6', '7', '8', '9']</msg>
<var>${new_list}</var>
<arg>${list}</arg>
<arg>${list2}</arg>
<doc>Combines the given ``lists`` together and returns the result.</doc>
<status status="PASS" start="2025-02-22T17:08:00.645682" elapsed="0.000093"/>
</kw>
<kw name="Reverse List" owner="Collections">
<arg>${new_list}</arg>
<doc>Reverses the given list in place.</doc>
<status status="PASS" start="2025-02-22T17:08:00.645829" elapsed="0.000047"/>
</kw>
<kw name="Log Many" owner="BuiltIn">
<msg time="2025-02-22T17:08:00.645991" level="INFO">['9', '8', '7', '6', '5', '4', '3', '2', '1']</msg>
<arg>${new_list}</arg>
<doc>Logs the given messages as separate entries using the INFO level.</doc>
<status status="PASS" start="2025-02-22T17:08:00.645932" elapsed="0.000075"/>
</kw>
<status status="PASS" start="2025-02-22T17:08:00.645149" elapsed="0.000908"/>
</test>
<test id="s1-t6" name="Test with some Collection keywords using list" line="45">
<kw name="Create List" owner="BuiltIn">
<msg time="2025-02-22T17:08:00.646328" level="INFO">${list3} = ['Squirtle', 'Bulbasaur', 'Charmender']</msg>
<var>${list3}</var>
<arg>Squirtle</arg>
<arg>Bulbasaur</arg>
<arg>Charmender</arg>
<doc>Returns a list containing given items.</doc>
<status status="PASS" start="2025-02-22T17:08:00.646268" elapsed="0.000071"/>
</kw>
<kw name="Append To List" owner="Collections">
<arg>${list3}</arg>
<arg>Torchick</arg>
<arg>Totodile</arg>
<arg>Cyndaquil</arg>
<doc>Adds ``values`` to the end of ``list``.</doc>
<status status="PASS" start="2025-02-22T17:08:00.646389" elapsed="0.000059"/>
</kw>
<kw name="Create List" owner="BuiltIn">
<msg time="2025-02-22T17:08:00.646555" level="INFO">${list4} = ['Pokabu', 'Blacky', 'Vaporeon']</msg>
<var>${list4}</var>
<arg>Pokabu</arg>
<arg>Blacky</arg>
<arg>Vaporeon</arg>
<doc>Returns a list containing given items.</doc>
<status status="PASS" start="2025-02-22T17:08:00.646501" elapsed="0.000064"/>
</kw>
<kw name="Combine Lists" owner="Collections">
<msg time="2025-02-22T17:08:00.646688" level="INFO">${new_list2} = ['Squirtle', 'Bulbasaur', 'Charmender', 'Torchick', 'Totodile', 'Cyndaquil', 'Pokabu', 'Blacky', 'Vaporeon']</msg>
<var>${new_list2}</var>
<arg>${list3}</arg>
<arg>${list4}</arg>
<doc>Combines the given ``lists`` together and returns the result.</doc>
<status status="PASS" start="2025-02-22T17:08:00.646615" elapsed="0.000084"/>
</kw>
<kw name="Log Many" owner="BuiltIn">
<msg time="2025-02-22T17:08:00.646829" level="INFO">['Vaporeon', 'Blacky', 'Pokabu', 'Cyndaquil', 'Totodile', 'Torchick', 'Charmender', 'Bulbasaur', 'Squirtle']</msg>
<arg>${new_list2}[::-1]</arg>
<doc>Logs the given messages as separate entries using the INFO level.</doc>
<status status="PASS" start="2025-02-22T17:08:00.646752" elapsed="0.000095"/>
</kw>
<status status="PASS" start="2025-02-22T17:08:00.646135" elapsed="0.000762"/>
</test>
<test id="s1-t7" name="Test to access list entries" line="53">
<kw name="Log To Console" owner="BuiltIn">
<arg>index 18 &amp; 6 =&gt; ${LETTERS}[18] ${LETTERS}[6]</arg>
<doc>Logs the given message to the console.</doc>
<status status="PASS" start="2025-02-22T17:08:00.647089" elapsed="0.000110"/>
</kw>
<kw name="Log To Console" owner="BuiltIn">
<arg>index 5 to 10 =&gt; ${LETTERS}[5:10]</arg>
<doc>Logs the given message to the console.</doc>
<status status="PASS" start="2025-02-22T17:08:00.647250" elapsed="0.000082"/>
</kw>
<kw name="Log To Console" owner="BuiltIn">
<arg>index start to 5 =&gt; ${LETTERS}[:5]</arg>
<doc>Logs the given message to the console.</doc>
<status status="PASS" start="2025-02-22T17:08:00.647384" elapsed="0.000082"/>
</kw>
<kw name="Log To Console" owner="BuiltIn">
<arg>index 20 to end =&gt; ${LETTERS}[20:]</arg>
<doc>Logs the given message to the console.</doc>
<status status="PASS" start="2025-02-22T17:08:00.647515" elapsed="0.000072"/>
</kw>
<kw name="Log To Console" owner="BuiltIn">
<arg>Last 5 to end =&gt; ${LETTERS}[-5:]</arg>
<doc>Logs the given message to the console.</doc>
<status status="PASS" start="2025-02-22T17:08:00.647631" elapsed="0.000073"/>
</kw>
<status status="PASS" start="2025-02-22T17:08:00.646972" elapsed="0.000780"/>
</test>
<status status="FAIL" start="2025-02-22T17:08:00.609550" elapsed="0.038404"/>
</suite>
<statistics>
<total>
<stat pass="4" fail="3" skip="0">All Tests</stat>
</total>
<tag>
</tag>
<suite>
<stat name="2 Lists" id="s1" pass="4" fail="3" skip="0">2 Lists</stat>
</suite>
</statistics>
<errors>
</errors>
</robot>
