<?xml version="1.0" encoding="UTF-8"?>
<robot generator="Robot 7.2.2 (Python 3.12.8 on darwin)" generated="2025-02-22T17:01:33.124807" rpa="false" schemaversion="5">
<suite id="s1" name="2 Lists" source="/Users/user/Documents/PycharmProjects/robot-basic-pycharm/tests/E-Variables/2_Lists/2_Lists.robot">
<test id="s1-t1" name="List Variables unpacked" line="11">
<kw name="Log To Console" owner="BuiltIn">
<arg>Lists the Alphabeth</arg>
<doc>Logs the given message to the console.</doc>
<status status="PASS" start="2025-02-22T17:01:33.142825" elapsed="0.000093"/>
</kw>
<kw name="Log Many" owner="BuiltIn">
<msg time="2025-02-22T17:01:33.143080" level="INFO">a</msg>
<msg time="2025-02-22T17:01:33.143100" level="INFO">b</msg>
<msg time="2025-02-22T17:01:33.143112" level="INFO">c</msg>
<msg time="2025-02-22T17:01:33.143122" level="INFO">d</msg>
<msg time="2025-02-22T17:01:33.143131" level="INFO">e</msg>
<msg time="2025-02-22T17:01:33.143140" level="INFO">f</msg>
<msg time="2025-02-22T17:01:33.143148" level="INFO">g</msg>
<msg time="2025-02-22T17:01:33.143156" level="INFO">h</msg>
<msg time="2025-02-22T17:01:33.143164" level="INFO">i</msg>
<msg time="2025-02-22T17:01:33.143172" level="INFO">j</msg>
<msg time="2025-02-22T17:01:33.143180" level="INFO">k</msg>
<msg time="2025-02-22T17:01:33.143188" level="INFO">l</msg>
<msg time="2025-02-22T17:01:33.143196" level="INFO">m</msg>
<msg time="2025-02-22T17:01:33.143203" level="INFO">n</msg>
<msg time="2025-02-22T17:01:33.143212" level="INFO">o</msg>
<msg time="2025-02-22T17:01:33.143219" level="INFO">p</msg>
<msg time="2025-02-22T17:01:33.143227" level="INFO">q</msg>
<msg time="2025-02-22T17:01:33.143235" level="INFO">r</msg>
<msg time="2025-02-22T17:01:33.143243" level="INFO">s</msg>
<msg time="2025-02-22T17:01:33.143250" level="INFO">t</msg>
<msg time="2025-02-22T17:01:33.143258" level="INFO">u</msg>
<msg time="2025-02-22T17:01:33.143266" level="INFO">v</msg>
<msg time="2025-02-22T17:01:33.143274" level="INFO">w</msg>
<msg time="2025-02-22T17:01:33.143282" level="INFO">x</msg>
<msg time="2025-02-22T17:01:33.143289" level="INFO">y</msg>
<msg time="2025-02-22T17:01:33.143297" level="INFO">z</msg>
<arg>@{LETTERS}</arg>
<doc>Logs the given messages as separate entries using the INFO level.</doc>
<status status="PASS" start="2025-02-22T17:01:33.143012" elapsed="0.000301"/>
</kw>
<kw name="Log Many" owner="BuiltIn">
<msg time="2025-02-22T17:01:33.143415" level="INFO">a</msg>
<msg time="2025-02-22T17:01:33.143427" level="INFO">b</msg>
<msg time="2025-02-22T17:01:33.143437" level="INFO">c</msg>
<msg time="2025-02-22T17:01:33.143447" level="INFO">d</msg>
<msg time="2025-02-22T17:01:33.143456" level="INFO">e</msg>
<msg time="2025-02-22T17:01:33.143465" level="INFO">f</msg>
<msg time="2025-02-22T17:01:33.143474" level="INFO">g</msg>
<msg time="2025-02-22T17:01:33.143483" level="INFO">h</msg>
<msg time="2025-02-22T17:01:33.143492" level="INFO">i</msg>
<msg time="2025-02-22T17:01:33.143501" level="INFO">j</msg>
<msg time="2025-02-22T17:01:33.143510" level="INFO">k</msg>
<msg time="2025-02-22T17:01:33.143519" level="INFO">l</msg>
<msg time="2025-02-22T17:01:33.143528" level="INFO">m</msg>
<msg time="2025-02-22T17:01:33.143537" level="INFO">n</msg>
<msg time="2025-02-22T17:01:33.143546" level="INFO">o</msg>
<msg time="2025-02-22T17:01:33.143555" level="INFO">p</msg>
<msg time="2025-02-22T17:01:33.143564" level="INFO">q</msg>
<msg time="2025-02-22T17:01:33.143573" level="INFO">r</msg>
<msg time="2025-02-22T17:01:33.143582" level="INFO">s</msg>
<msg time="2025-02-22T17:01:33.143591" level="INFO">t</msg>
<msg time="2025-02-22T17:01:33.143600" level="INFO">u</msg>
<msg time="2025-02-22T17:01:33.143609" level="INFO">v</msg>
<msg time="2025-02-22T17:01:33.143617" level="INFO">w</msg>
<msg time="2025-02-22T17:01:33.143627" level="INFO">x</msg>
<msg time="2025-02-22T17:01:33.143635" level="INFO">y</msg>
<msg time="2025-02-22T17:01:33.143645" level="INFO">z</msg>
<arg>a</arg>
<arg>b</arg>
<arg>c</arg>
<arg>d</arg>
<arg>e</arg>
<arg>f</arg>
<arg>g</arg>
<arg>h</arg>
<arg>i</arg>
<arg>j</arg>
<arg>k</arg>
<arg>l</arg>
<arg>m</arg>
<arg>n</arg>
<arg>o</arg>
<arg>p</arg>
<arg>q</arg>
<arg>r</arg>
<arg>s</arg>
<arg>t</arg>
<arg>u</arg>
<arg>v</arg>
<arg>w</arg>
<arg>x</arg>
<arg>y</arg>
<arg>z</arg>
<doc>Logs the given messages as separate entries using the INFO level.</doc>
<status status="PASS" start="2025-02-22T17:01:33.143379" elapsed="0.000279"/>
</kw>
<kw name="Log" owner="BuiltIn">
<msg time="2025-02-22T17:01:33.143807" level="INFO">['a', 'b', 'c', 'd', 'e', 'f', 'g', 'h', 'i', 'j', 'k', 'l', 'm', 'n', 'o', 'p', 'q', 'r', 's', 't', 'u', 'v', 'w', 'x', 'y', 'z']</msg>
<arg>${LETTERS}</arg>
<doc>Logs the given message with the given level.</doc>
<status status="PASS" start="2025-02-22T17:01:33.143744" elapsed="0.000082"/>
</kw>
<kw name="Log" owner="BuiltIn">
<msg time="2025-02-22T17:01:33.143951" level="FAIL">Keyword 'BuiltIn.Log' expected 1 to 6 arguments, got 26.</msg>
<arg>@{LETTERS}</arg>
<doc>Logs the given message with the given level.</doc>
<status status="FAIL" start="2025-02-22T17:01:33.143881" elapsed="0.000087">Keyword 'BuiltIn.Log' expected 1 to 6 arguments, got 26.</status>
</kw>
<status status="FAIL" start="2025-02-22T17:01:33.142423" elapsed="0.001626">Keyword 'BuiltIn.Log' expected 1 to 6 arguments, got 26.</status>
</test>
<test id="s1-t2" name="List Variables unpacked modify by me" line="19">
<kw name="Log Many" owner="BuiltIn">
<msg time="2025-02-22T17:01:33.144401" level="INFO">Pikachu</msg>
<msg time="2025-02-22T17:01:33.144418" level="INFO">Eevee</msg>
<msg time="2025-02-22T17:01:33.144429" level="INFO">Charizard</msg>
<msg time="2025-02-22T17:01:33.144438" level="INFO">Bulbasaur</msg>
<msg time="2025-02-22T17:01:33.144447" level="INFO">Squirtle</msg>
<msg time="2025-02-22T17:01:33.144455" level="INFO">Jigglypuff</msg>
<msg time="2025-02-22T17:01:33.144463" level="INFO">Snorlax</msg>
<msg time="2025-02-22T17:01:33.144471" level="INFO">Butterfree</msg>
<arg>@{POKEMON}</arg>
<doc>Logs the given messages as separate entries using the INFO level.</doc>
<status status="PASS" start="2025-02-22T17:01:33.144341" elapsed="0.000146"/>
</kw>
<kw name="Log Many" owner="BuiltIn">
<msg time="2025-02-22T17:01:33.144597" level="INFO">['Pikachu', 'Eevee', 'Charizard', 'Bulbasaur', 'Squirtle', 'Jigglypuff', 'Snorlax', 'Butterfree']</msg>
<arg>${POKEMON}</arg>
<doc>Logs the given messages as separate entries using the INFO level.</doc>
<status status="PASS" start="2025-02-22T17:01:33.144550" elapsed="0.000064"/>
</kw>
<kw name="Log" owner="BuiltIn">
<msg time="2025-02-22T17:01:33.144730" level="INFO">['Pikachu', 'Eevee', 'Charizard', 'Bulbasaur', 'Squirtle', 'Jigglypuff', 'Snorlax', 'Butterfree']</msg>
<arg>${POKEMON}</arg>
<doc>Logs the given message with the given level.</doc>
<status status="PASS" start="2025-02-22T17:01:33.144674" elapsed="0.000075"/>
</kw>
<kw name="Log" owner="BuiltIn">
<msg time="2025-02-22T17:01:33.144862" level="FAIL">Keyword 'BuiltIn.Log' expected 1 to 6 arguments, got 8.</msg>
<arg>@{POKEMON}</arg>
<doc>Logs the given message with the given level.</doc>
<status status="FAIL" start="2025-02-22T17:01:33.144801" elapsed="0.000077">Keyword 'BuiltIn.Log' expected 1 to 6 arguments, got 8.</status>
</kw>
<status status="FAIL" start="2025-02-22T17:01:33.144174" elapsed="0.000857">Keyword 'BuiltIn.Log' expected 1 to 6 arguments, got 8.</status>
</test>
<test id="s1-t3" name="Test with Keywords and a list" line="25">
<kw name="Print All Entries Of A List To Console">
<for flavor="IN">
<iter>
<kw name="Log To Console" owner="BuiltIn">
<arg>${element}</arg>
<doc>Logs the given message to the console.</doc>
<status status="PASS" start="2025-02-22T17:01:33.145541" elapsed="0.000068"/>
</kw>
<var name="${element}">a</var>
<status status="PASS" start="2025-02-22T17:01:33.145505" elapsed="0.000121"/>
</iter>
<iter>
<kw name="Log To Console" owner="BuiltIn">
<arg>${element}</arg>
<doc>Logs the given message to the console.</doc>
<status status="PASS" start="2025-02-22T17:01:33.145700" elapsed="0.000060"/>
</kw>
<var name="${element}">b</var>
<status status="PASS" start="2025-02-22T17:01:33.145668" elapsed="0.000108"/>
</iter>
<iter>
<kw name="Log To Console" owner="BuiltIn">
<arg>${element}</arg>
<doc>Logs the given message to the console.</doc>
<status status="PASS" start="2025-02-22T17:01:33.145899" elapsed="0.000060"/>
</kw>
<var name="${element}">c</var>
<status status="PASS" start="2025-02-22T17:01:33.145868" elapsed="0.000106"/>
</iter>
<iter>
<kw name="Log To Console" owner="BuiltIn">
<arg>${element}</arg>
<doc>Logs the given message to the console.</doc>
<status status="PASS" start="2025-02-22T17:01:33.146034" elapsed="0.000056"/>
</kw>
<var name="${element}">d</var>
<status status="PASS" start="2025-02-22T17:01:33.146006" elapsed="0.000098"/>
</iter>
<iter>
<kw name="Log To Console" owner="BuiltIn">
<arg>${element}</arg>
<doc>Logs the given message to the console.</doc>
<status status="PASS" start="2025-02-22T17:01:33.146167" elapsed="0.000056"/>
</kw>
<var name="${element}">e</var>
<status status="PASS" start="2025-02-22T17:01:33.146139" elapsed="0.000097"/>
</iter>
<iter>
<kw name="Log To Console" owner="BuiltIn">
<arg>${element}</arg>
<doc>Logs the given message to the console.</doc>
<status status="PASS" start="2025-02-22T17:01:33.146296" elapsed="0.000053"/>
</kw>
<var name="${element}">f</var>
<status status="PASS" start="2025-02-22T17:01:33.146268" elapsed="0.000095"/>
</iter>
<iter>
<kw name="Log To Console" owner="BuiltIn">
<arg>${element}</arg>
<doc>Logs the given message to the console.</doc>
<status status="PASS" start="2025-02-22T17:01:33.146423" elapsed="0.000053"/>
</kw>
<var name="${element}">g</var>
<status status="PASS" start="2025-02-22T17:01:33.146396" elapsed="0.000100"/>
</iter>
<iter>
<kw name="Log To Console" owner="BuiltIn">
<arg>${element}</arg>
<doc>Logs the given message to the console.</doc>
<status status="PASS" start="2025-02-22T17:01:33.146553" elapsed="0.000057"/>
</kw>
<var name="${element}">h</var>
<status status="PASS" start="2025-02-22T17:01:33.146526" elapsed="0.000098"/>
</iter>
<iter>
<kw name="Log To Console" owner="BuiltIn">
<arg>${element}</arg>
<doc>Logs the given message to the console.</doc>
<status status="PASS" start="2025-02-22T17:01:33.146681" elapsed="0.000052"/>
</kw>
<var name="${element}">i</var>
<status status="PASS" start="2025-02-22T17:01:33.146654" elapsed="0.000092"/>
</iter>
<iter>
<kw name="Log To Console" owner="BuiltIn">
<arg>${element}</arg>
<doc>Logs the given message to the console.</doc>
<status status="PASS" start="2025-02-22T17:01:33.146804" elapsed="0.000053"/>
</kw>
<var name="${element}">j</var>
<status status="PASS" start="2025-02-22T17:01:33.146777" elapsed="0.000094"/>
</iter>
<iter>
<kw name="Log To Console" owner="BuiltIn">
<arg>${element}</arg>
<doc>Logs the given message to the console.</doc>
<status status="PASS" start="2025-02-22T17:01:33.146925" elapsed="0.000052"/>
</kw>
<var name="${element}">k</var>
<status status="PASS" start="2025-02-22T17:01:33.146899" elapsed="0.000091"/>
</iter>
<iter>
<kw name="Log To Console" owner="BuiltIn">
<arg>${element}</arg>
<doc>Logs the given message to the console.</doc>
<status status="PASS" start="2025-02-22T17:01:33.147049" elapsed="0.000052"/>
</kw>
<var name="${element}">l</var>
<status status="PASS" start="2025-02-22T17:01:33.147021" elapsed="0.000093"/>
</iter>
<iter>
<kw name="Log To Console" owner="BuiltIn">
<arg>${element}</arg>
<doc>Logs the given message to the console.</doc>
<status status="PASS" start="2025-02-22T17:01:33.147376" elapsed="0.000122"/>
</kw>
<var name="${element}">m</var>
<status status="PASS" start="2025-02-22T17:01:33.147307" elapsed="0.000218"/>
</iter>
<iter>
<kw name="Log To Console" owner="BuiltIn">
<arg>${element}</arg>
<doc>Logs the given message to the console.</doc>
<status status="PASS" start="2025-02-22T17:01:33.147609" elapsed="0.000073"/>
</kw>
<var name="${element}">n</var>
<status status="PASS" start="2025-02-22T17:01:33.147571" elapsed="0.000129"/>
</iter>
<iter>
<kw name="Log To Console" owner="BuiltIn">
<arg>${element}</arg>
<doc>Logs the given message to the console.</doc>
<status status="PASS" start="2025-02-22T17:01:33.147771" elapsed="0.000066"/>
</kw>
<var name="${element}">o</var>
<status status="PASS" start="2025-02-22T17:01:33.147738" elapsed="0.000114"/>
</iter>
<iter>
<kw name="Log To Console" owner="BuiltIn">
<arg>${element}</arg>
<doc>Logs the given message to the console.</doc>
<status status="PASS" start="2025-02-22T17:01:33.147916" elapsed="0.000061"/>
</kw>
<var name="${element}">p</var>
<status status="PASS" start="2025-02-22T17:01:33.147885" elapsed="0.000108"/>
</iter>
<iter>
<kw name="Log To Console" owner="BuiltIn">
<arg>${element}</arg>
<doc>Logs the given message to the console.</doc>
<status status="PASS" start="2025-02-22T17:01:33.148052" elapsed="0.000057"/>
</kw>
<var name="${element}">q</var>
<status status="PASS" start="2025-02-22T17:01:33.148024" elapsed="0.000100"/>
</iter>
<iter>
<kw name="Log To Console" owner="BuiltIn">
<arg>${element}</arg>
<doc>Logs the given message to the console.</doc>
<status status="PASS" start="2025-02-22T17:01:33.148184" elapsed="0.000061"/>
</kw>
<var name="${element}">r</var>
<status status="PASS" start="2025-02-22T17:01:33.148155" elapsed="0.000104"/>
</iter>
<iter>
<kw name="Log To Console" owner="BuiltIn">
<arg>${element}</arg>
<doc>Logs the given message to the console.</doc>
<status status="PASS" start="2025-02-22T17:01:33.148316" elapsed="0.000056"/>
</kw>
<var name="${element}">s</var>
<status status="PASS" start="2025-02-22T17:01:33.148288" elapsed="0.000099"/>
</iter>
<iter>
<kw name="Log To Console" owner="BuiltIn">
<arg>${element}</arg>
<doc>Logs the given message to the console.</doc>
<status status="PASS" start="2025-02-22T17:01:33.148445" elapsed="0.000054"/>
</kw>
<var name="${element}">t</var>
<status status="PASS" start="2025-02-22T17:01:33.148417" elapsed="0.000095"/>
</iter>
<iter>
<kw name="Log To Console" owner="BuiltIn">
<arg>${element}</arg>
<doc>Logs the given message to the console.</doc>
<status status="PASS" start="2025-02-22T17:01:33.148568" elapsed="0.000054"/>
</kw>
<var name="${element}">u</var>
<status status="PASS" start="2025-02-22T17:01:33.148541" elapsed="0.000095"/>
</iter>
<iter>
<kw name="Log To Console" owner="BuiltIn">
<arg>${element}</arg>
<doc>Logs the given message to the console.</doc>
<status status="PASS" start="2025-02-22T17:01:33.148694" elapsed="0.000059"/>
</kw>
<var name="${element}">v</var>
<status status="PASS" start="2025-02-22T17:01:33.148667" elapsed="0.000099"/>
</iter>
<iter>
<kw name="Log To Console" owner="BuiltIn">
<arg>${element}</arg>
<doc>Logs the given message to the console.</doc>
<status status="PASS" start="2025-02-22T17:01:33.148904" elapsed="0.000059"/>
</kw>
<var name="${element}">w</var>
<status status="PASS" start="2025-02-22T17:01:33.148794" elapsed="0.000183"/>
</iter>
<iter>
<kw name="Log To Console" owner="BuiltIn">
<arg>${element}</arg>
<doc>Logs the given message to the console.</doc>
<status status="PASS" start="2025-02-22T17:01:33.149037" elapsed="0.000057"/>
</kw>
<var name="${element}">x</var>
<status status="PASS" start="2025-02-22T17:01:33.149009" elapsed="0.000100"/>
</iter>
<iter>
<kw name="Log To Console" owner="BuiltIn">
<arg>${element}</arg>
<doc>Logs the given message to the console.</doc>
<status status="PASS" start="2025-02-22T17:01:33.149166" elapsed="0.000053"/>
</kw>
<var name="${element}">y</var>
<status status="PASS" start="2025-02-22T17:01:33.149139" elapsed="0.000093"/>
</iter>
<iter>
<kw name="Log To Console" owner="BuiltIn">
<arg>${element}</arg>
<doc>Logs the given message to the console.</doc>
<status status="PASS" start="2025-02-22T17:01:33.149290" elapsed="0.000055"/>
</kw>
<var name="${element}">z</var>
<status status="PASS" start="2025-02-22T17:01:33.149263" elapsed="0.000097"/>
</iter>
<var>${element}</var>
<value>@{list}</value>
<status status="PASS" start="2025-02-22T17:01:33.145437" elapsed="0.003936"/>
</for>
<arg>${LETTERS}</arg>
<status status="PASS" start="2025-02-22T17:01:33.145312" elapsed="0.004096"/>
</kw>
<kw name="Print All Entries Of A List To Console">
<for flavor="IN">
<iter>
<kw name="Log To Console" owner="BuiltIn">
<arg>${element}</arg>
<doc>Logs the given message to the console.</doc>
<status status="PASS" start="2025-02-22T17:01:33.149689" elapsed="0.000060"/>
</kw>
<var name="${element}">Pikachu</var>
<status status="PASS" start="2025-02-22T17:01:33.149659" elapsed="0.000142"/>
</iter>
<iter>
<kw name="Log To Console" owner="BuiltIn">
<arg>${element}</arg>
<doc>Logs the given message to the console.</doc>
<status status="PASS" start="2025-02-22T17:01:33.149864" elapsed="0.000059"/>
</kw>
<var name="${element}">Eevee</var>
<status status="PASS" start="2025-02-22T17:01:33.149836" elapsed="0.000101"/>
</iter>
<iter>
<kw name="Log To Console" owner="BuiltIn">
<arg>${element}</arg>
<doc>Logs the given message to the console.</doc>
<status status="PASS" start="2025-02-22T17:01:33.149992" elapsed="0.000055"/>
</kw>
<var name="${element}">Charizard</var>
<status status="PASS" start="2025-02-22T17:01:33.149966" elapsed="0.000096"/>
</iter>
<iter>
<kw name="Log To Console" owner="BuiltIn">
<arg>${element}</arg>
<doc>Logs the given message to the console.</doc>
<status status="PASS" start="2025-02-22T17:01:33.150119" elapsed="0.000053"/>
</kw>
<var name="${element}">Bulbasaur</var>
<status status="PASS" start="2025-02-22T17:01:33.150091" elapsed="0.000094"/>
</iter>
<iter>
<kw name="Log To Console" owner="BuiltIn">
<arg>${element}</arg>
<doc>Logs the given message to the console.</doc>
<status status="PASS" start="2025-02-22T17:01:33.150240" elapsed="0.000056"/>
</kw>
<var name="${element}">Squirtle</var>
<status status="PASS" start="2025-02-22T17:01:33.150214" elapsed="0.000096"/>
</iter>
<iter>
<kw name="Log To Console" owner="BuiltIn">
<arg>${element}</arg>
<doc>Logs the given message to the console.</doc>
<status status="PASS" start="2025-02-22T17:01:33.150366" elapsed="0.000053"/>
</kw>
<var name="${element}">Jigglypuff</var>
<status status="PASS" start="2025-02-22T17:01:33.150339" elapsed="0.000093"/>
</iter>
<iter>
<kw name="Log To Console" owner="BuiltIn">
<arg>${element}</arg>
<doc>Logs the given message to the console.</doc>
<status status="PASS" start="2025-02-22T17:01:33.150487" elapsed="0.000054"/>
</kw>
<var name="${element}">Snorlax</var>
<status status="PASS" start="2025-02-22T17:01:33.150460" elapsed="0.000095"/>
</iter>
<iter>
<kw name="Log To Console" owner="BuiltIn">
<arg>${element}</arg>
<doc>Logs the given message to the console.</doc>
<status status="PASS" start="2025-02-22T17:01:33.150609" elapsed="0.000055"/>
</kw>
<var name="${element}">Butterfree</var>
<status status="PASS" start="2025-02-22T17:01:33.150584" elapsed="0.000093"/>
</iter>
<var>${element}</var>
<value>@{list}</value>
<status status="PASS" start="2025-02-22T17:01:33.149609" elapsed="0.001080"/>
</for>
<arg>${POKEMON}</arg>
<status status="PASS" start="2025-02-22T17:01:33.149501" elapsed="0.001215"/>
</kw>
<kw name="Print All Entries Of A List To Console">
<msg time="2025-02-22T17:01:33.150845" level="FAIL">Keyword 'Print All Entries Of A List To Console' expected 1 argument, got 8.</msg>
<arg>@{POKEMON}</arg>
<status status="FAIL" start="2025-02-22T17:01:33.150788" elapsed="0.000073">Keyword 'Print All Entries Of A List To Console' expected 1 argument, got 8.</status>
</kw>
<status status="FAIL" start="2025-02-22T17:01:33.145124" elapsed="0.005809">Keyword 'Print All Entries Of A List To Console' expected 1 argument, got 8.</status>
</test>
<test id="s1-t4" name="Test with a Keyword that accepts multiple arguments" line="30">
<kw name="Print All Arguments To Console">
<for flavor="IN">
<iter>
<kw name="Log To Console" owner="BuiltIn">
<arg>${arg}</arg>
<doc>Logs the given message to the console.</doc>
<status status="PASS" start="2025-02-22T17:01:33.151352" elapsed="0.000060"/>
</kw>
<var name="${arg}">a</var>
<status status="PASS" start="2025-02-22T17:01:33.151321" elapsed="0.000108"/>
</iter>
<iter>
<kw name="Log To Console" owner="BuiltIn">
<arg>${arg}</arg>
<doc>Logs the given message to the console.</doc>
<status status="PASS" start="2025-02-22T17:01:33.151487" elapsed="0.000053"/>
</kw>
<var name="${arg}">b</var>
<status status="PASS" start="2025-02-22T17:01:33.151460" elapsed="0.000095"/>
</iter>
<iter>
<kw name="Log To Console" owner="BuiltIn">
<arg>${arg}</arg>
<doc>Logs the given message to the console.</doc>
<status status="PASS" start="2025-02-22T17:01:33.151615" elapsed="0.000054"/>
</kw>
<var name="${arg}">c</var>
<status status="PASS" start="2025-02-22T17:01:33.151585" elapsed="0.000097"/>
</iter>
<iter>
<kw name="Log To Console" owner="BuiltIn">
<arg>${arg}</arg>
<doc>Logs the given message to the console.</doc>
<status status="PASS" start="2025-02-22T17:01:33.151739" elapsed="0.000061"/>
</kw>
<var name="${arg}">d</var>
<status status="PASS" start="2025-02-22T17:01:33.151712" elapsed="0.000103"/>
</iter>
<iter>
<kw name="Log To Console" owner="BuiltIn">
<arg>${arg}</arg>
<doc>Logs the given message to the console.</doc>
<status status="PASS" start="2025-02-22T17:01:33.151888" elapsed="0.000078"/>
</kw>
<var name="${arg}">e</var>
<status status="PASS" start="2025-02-22T17:01:33.151860" elapsed="0.000120"/>
</iter>
<iter>
<kw name="Log To Console" owner="BuiltIn">
<arg>${arg}</arg>
<doc>Logs the given message to the console.</doc>
<status status="PASS" start="2025-02-22T17:01:33.152037" elapsed="0.000054"/>
</kw>
<var name="${arg}">f</var>
<status status="PASS" start="2025-02-22T17:01:33.152010" elapsed="0.000094"/>
</iter>
<iter>
<kw name="Log To Console" owner="BuiltIn">
<arg>${arg}</arg>
<doc>Logs the given message to the console.</doc>
<status status="PASS" start="2025-02-22T17:01:33.152159" elapsed="0.000053"/>
</kw>
<var name="${arg}">g</var>
<status status="PASS" start="2025-02-22T17:01:33.152133" elapsed="0.000093"/>
</iter>
<iter>
<kw name="Log To Console" owner="BuiltIn">
<arg>${arg}</arg>
<doc>Logs the given message to the console.</doc>
<status status="PASS" start="2025-02-22T17:01:33.152282" elapsed="0.000052"/>
</kw>
<var name="${arg}">h</var>
<status status="PASS" start="2025-02-22T17:01:33.152256" elapsed="0.000091"/>
</iter>
<iter>
<kw name="Log To Console" owner="BuiltIn">
<arg>${arg}</arg>
<doc>Logs the given message to the console.</doc>
<status status="PASS" start="2025-02-22T17:01:33.152401" elapsed="0.000145"/>
</kw>
<var name="${arg}">i</var>
<status status="PASS" start="2025-02-22T17:01:33.152375" elapsed="0.000186"/>
</iter>
<iter>
<kw name="Log To Console" owner="BuiltIn">
<arg>${arg}</arg>
<doc>Logs the given message to the console.</doc>
<status status="PASS" start="2025-02-22T17:01:33.152620" elapsed="0.000057"/>
</kw>
<var name="${arg}">j</var>
<status status="PASS" start="2025-02-22T17:01:33.152592" elapsed="0.000099"/>
</iter>
<iter>
<kw name="Log To Console" owner="BuiltIn">
<arg>${arg}</arg>
<doc>Logs the given message to the console.</doc>
<status status="PASS" start="2025-02-22T17:01:33.152748" elapsed="0.000053"/>
</kw>
<var name="${arg}">k</var>
<status status="PASS" start="2025-02-22T17:01:33.152720" elapsed="0.000095"/>
</iter>
<iter>
<kw name="Log To Console" owner="BuiltIn">
<arg>${arg}</arg>
<doc>Logs the given message to the console.</doc>
<status status="PASS" start="2025-02-22T17:01:33.152871" elapsed="0.000055"/>
</kw>
<var name="${arg}">l</var>
<status status="PASS" start="2025-02-22T17:01:33.152844" elapsed="0.000095"/>
</iter>
<iter>
<kw name="Log To Console" owner="BuiltIn">
<arg>${arg}</arg>
<doc>Logs the given message to the console.</doc>
<status status="PASS" start="2025-02-22T17:01:33.152993" elapsed="0.000053"/>
</kw>
<var name="${arg}">m</var>
<status status="PASS" start="2025-02-22T17:01:33.152967" elapsed="0.000093"/>
</iter>
<iter>
<kw name="Log To Console" owner="BuiltIn">
<arg>${arg}</arg>
<doc>Logs the given message to the console.</doc>
<status status="PASS" start="2025-02-22T17:01:33.153118" elapsed="0.000054"/>
</kw>
<var name="${arg}">n</var>
<status status="PASS" start="2025-02-22T17:01:33.153090" elapsed="0.000095"/>
</iter>
<iter>
<kw name="Log To Console" owner="BuiltIn">
<arg>${arg}</arg>
<doc>Logs the given message to the console.</doc>
<status status="PASS" start="2025-02-22T17:01:33.153242" elapsed="0.000055"/>
</kw>
<var name="${arg}">o</var>
<status status="PASS" start="2025-02-22T17:01:33.153215" elapsed="0.000097"/>
</iter>
<iter>
<kw name="Log To Console" owner="BuiltIn">
<arg>${arg}</arg>
<doc>Logs the given message to the console.</doc>
<status status="PASS" start="2025-02-22T17:01:33.153368" elapsed="0.000053"/>
</kw>
<var name="${arg}">p</var>
<status status="PASS" start="2025-02-22T17:01:33.153342" elapsed="0.000115"/>
</iter>
<iter>
<kw name="Log To Console" owner="BuiltIn">
<arg>${arg}</arg>
<doc>Logs the given message to the console.</doc>
<status status="PASS" start="2025-02-22T17:01:33.153514" elapsed="0.000055"/>
</kw>
<var name="${arg}">q</var>
<status status="PASS" start="2025-02-22T17:01:33.153488" elapsed="0.000095"/>
</iter>
<iter>
<kw name="Log To Console" owner="BuiltIn">
<arg>${arg}</arg>
<doc>Logs the given message to the console.</doc>
<status status="PASS" start="2025-02-22T17:01:33.153637" elapsed="0.000052"/>
</kw>
<var name="${arg}">r</var>
<status status="PASS" start="2025-02-22T17:01:33.153611" elapsed="0.000092"/>
</iter>
<iter>
<kw name="Log To Console" owner="BuiltIn">
<arg>${arg}</arg>
<doc>Logs the given message to the console.</doc>
<status status="PASS" start="2025-02-22T17:01:33.153760" elapsed="0.000054"/>
</kw>
<var name="${arg}">s</var>
<status status="PASS" start="2025-02-22T17:01:33.153733" elapsed="0.000094"/>
</iter>
<iter>
<kw name="Log To Console" owner="BuiltIn">
<arg>${arg}</arg>
<doc>Logs the given message to the console.</doc>
<status status="PASS" start="2025-02-22T17:01:33.153881" elapsed="0.000052"/>
</kw>
<var name="${arg}">t</var>
<status status="PASS" start="2025-02-22T17:01:33.153855" elapsed="0.000092"/>
</iter>
<iter>
<kw name="Log To Console" owner="BuiltIn">
<arg>${arg}</arg>
<doc>Logs the given message to the console.</doc>
<status status="PASS" start="2025-02-22T17:01:33.154004" elapsed="0.000059"/>
</kw>
<var name="${arg}">u</var>
<status status="PASS" start="2025-02-22T17:01:33.153977" elapsed="0.000099"/>
</iter>
<iter>
<kw name="Log To Console" owner="BuiltIn">
<arg>${arg}</arg>
<doc>Logs the given message to the console.</doc>
<status status="PASS" start="2025-02-22T17:01:33.154152" elapsed="0.000054"/>
</kw>
<var name="${arg}">v</var>
<status status="PASS" start="2025-02-22T17:01:33.154104" elapsed="0.000116"/>
</iter>
<iter>
<kw name="Log To Console" owner="BuiltIn">
<arg>${arg}</arg>
<doc>Logs the given message to the console.</doc>
<status status="PASS" start="2025-02-22T17:01:33.154276" elapsed="0.000052"/>
</kw>
<var name="${arg}">w</var>
<status status="PASS" start="2025-02-22T17:01:33.154249" elapsed="0.000092"/>
</iter>
<iter>
<kw name="Log To Console" owner="BuiltIn">
<arg>${arg}</arg>
<doc>Logs the given message to the console.</doc>
<status status="PASS" start="2025-02-22T17:01:33.154401" elapsed="0.000054"/>
</kw>
<var name="${arg}">x</var>
<status status="PASS" start="2025-02-22T17:01:33.154373" elapsed="0.000097"/>
</iter>
<iter>
<kw name="Log To Console" owner="BuiltIn">
<arg>${arg}</arg>
<doc>Logs the given message to the console.</doc>
<status status="PASS" start="2025-02-22T17:01:33.154527" elapsed="0.000054"/>
</kw>
<var name="${arg}">y</var>
<status status="PASS" start="2025-02-22T17:01:33.154501" elapsed="0.000094"/>
</iter>
<iter>
<kw name="Log To Console" owner="BuiltIn">
<arg>${arg}</arg>
<doc>Logs the given message to the console.</doc>
<status status="PASS" start="2025-02-22T17:01:33.154651" elapsed="0.000055"/>
</kw>
<var name="${arg}">z</var>
<status status="PASS" start="2025-02-22T17:01:33.154624" elapsed="0.000096"/>
</iter>
<var>${arg}</var>
<value>@{all_args}</value>
<status status="PASS" start="2025-02-22T17:01:33.151276" elapsed="0.003455"/>
</for>
<arg>@{LETTERS}</arg>
<status status="PASS" start="2025-02-22T17:01:33.151182" elapsed="0.003589"/>
</kw>
<kw name="Print All Arguments To Console">
<for flavor="IN">
<iter>
<kw name="Log To Console" owner="BuiltIn">
<arg>${arg}</arg>
<doc>Logs the given message to the console.</doc>
<status status="PASS" start="2025-02-22T17:01:33.155013" elapsed="0.000060"/>
</kw>
<var name="${arg}">arg1</var>
<status status="PASS" start="2025-02-22T17:01:33.154985" elapsed="0.000103"/>
</iter>
<iter>
<kw name="Log To Console" owner="BuiltIn">
<arg>${arg}</arg>
<doc>Logs the given message to the console.</doc>
<status status="PASS" start="2025-02-22T17:01:33.155143" elapsed="0.000057"/>
</kw>
<var name="${arg}">arg2</var>
<status status="PASS" start="2025-02-22T17:01:33.155117" elapsed="0.000098"/>
</iter>
<iter>
<kw name="Log To Console" owner="BuiltIn">
<arg>${arg}</arg>
<doc>Logs the given message to the console.</doc>
<status status="PASS" start="2025-02-22T17:01:33.155269" elapsed="0.000054"/>
</kw>
<var name="${arg}">arg3</var>
<status status="PASS" start="2025-02-22T17:01:33.155243" elapsed="0.000093"/>
</iter>
<iter>
<kw name="Log To Console" owner="BuiltIn">
<arg>${arg}</arg>
<doc>Logs the given message to the console.</doc>
<status status="PASS" start="2025-02-22T17:01:33.155391" elapsed="0.000054"/>
</kw>
<var name="${arg}">arg4</var>
<status status="PASS" start="2025-02-22T17:01:33.155365" elapsed="0.000094"/>
</iter>
<var>${arg}</var>
<value>@{all_args}</value>
<status status="PASS" start="2025-02-22T17:01:33.154936" elapsed="0.000534"/>
</for>
<arg>arg1</arg>
<arg>arg2</arg>
<arg>arg3</arg>
<arg>arg4</arg>
<status status="PASS" start="2025-02-22T17:01:33.154848" elapsed="0.000645"/>
</kw>
<kw name="Print All Arguments To Console">
<for flavor="IN">
<iter>
<kw name="Log To Console" owner="BuiltIn">
<arg>${arg}</arg>
<doc>Logs the given message to the console.</doc>
<status status="PASS" start="2025-02-22T17:01:33.155740" elapsed="0.000060"/>
</kw>
<var name="${arg}">['a', 'b', 'c', 'd', 'e', 'f', 'g', 'h', 'i', 'j', 'k', 'l', 'm', 'n', 'o', 'p', 'q', 'r', 's', 't', 'u', 'v', 'w', 'x', 'y', 'z']</var>
<status status="PASS" start="2025-02-22T17:01:33.155711" elapsed="0.000104"/>
</iter>
<var>${arg}</var>
<value>@{all_args}</value>
<status status="PASS" start="2025-02-22T17:01:33.155664" elapsed="0.000164"/>
</for>
<arg>${LETTERS}</arg>
<status status="PASS" start="2025-02-22T17:01:33.155565" elapsed="0.000286"/>
</kw>
<kw name="Print All Arguments To Console">
<for flavor="IN">
<iter>
<kw name="Log To Console" owner="BuiltIn">
<arg>${arg}</arg>
<doc>Logs the given message to the console.</doc>
<status status="PASS" start="2025-02-22T17:01:33.156076" elapsed="0.000142"/>
</kw>
<var name="${arg}">Pikachu</var>
<status status="PASS" start="2025-02-22T17:01:33.156048" elapsed="0.000186"/>
</iter>
<iter>
<kw name="Log To Console" owner="BuiltIn">
<arg>${arg}</arg>
<doc>Logs the given message to the console.</doc>
<status status="PASS" start="2025-02-22T17:01:33.156294" elapsed="0.000058"/>
</kw>
<var name="${arg}">Eevee</var>
<status status="PASS" start="2025-02-22T17:01:33.156264" elapsed="0.000102"/>
</iter>
<iter>
<kw name="Log To Console" owner="BuiltIn">
<arg>${arg}</arg>
<doc>Logs the given message to the console.</doc>
<status status="PASS" start="2025-02-22T17:01:33.156425" elapsed="0.000058"/>
</kw>
<var name="${arg}">Charizard</var>
<status status="PASS" start="2025-02-22T17:01:33.156396" elapsed="0.000100"/>
</iter>
<iter>
<kw name="Log To Console" owner="BuiltIn">
<arg>${arg}</arg>
<doc>Logs the given message to the console.</doc>
<status status="PASS" start="2025-02-22T17:01:33.156551" elapsed="0.000057"/>
</kw>
<var name="${arg}">Bulbasaur</var>
<status status="PASS" start="2025-02-22T17:01:33.156525" elapsed="0.000097"/>
</iter>
<iter>
<kw name="Log To Console" owner="BuiltIn">
<arg>${arg}</arg>
<doc>Logs the given message to the console.</doc>
<status status="PASS" start="2025-02-22T17:01:33.156678" elapsed="0.000052"/>
</kw>
<var name="${arg}">Squirtle</var>
<status status="PASS" start="2025-02-22T17:01:33.156651" elapsed="0.000092"/>
</iter>
<iter>
<kw name="Log To Console" owner="BuiltIn">
<arg>${arg}</arg>
<doc>Logs the given message to the console.</doc>
<status status="PASS" start="2025-02-22T17:01:33.156798" elapsed="0.000054"/>
</kw>
<var name="${arg}">Jigglypuff</var>
<status status="PASS" start="2025-02-22T17:01:33.156772" elapsed="0.000095"/>
</iter>
<iter>
<kw name="Log To Console" owner="BuiltIn">
<arg>${arg}</arg>
<doc>Logs the given message to the console.</doc>
<status status="PASS" start="2025-02-22T17:01:33.156920" elapsed="0.000056"/>
</kw>
<var name="${arg}">Snorlax</var>
<status status="PASS" start="2025-02-22T17:01:33.156894" elapsed="0.000095"/>
</iter>
<iter>
<kw name="Log To Console" owner="BuiltIn">
<arg>${arg}</arg>
<doc>Logs the given message to the console.</doc>
<status status="PASS" start="2025-02-22T17:01:33.157080" elapsed="0.000053"/>
</kw>
<var name="${arg}">Butterfree</var>
<status status="PASS" start="2025-02-22T17:01:33.157053" elapsed="0.000094"/>
</iter>
<var>${arg}</var>
<value>@{all_args}</value>
<status status="PASS" start="2025-02-22T17:01:33.156005" elapsed="0.001154"/>
</for>
<arg>@{POKEMON}</arg>
<status status="PASS" start="2025-02-22T17:01:33.155915" elapsed="0.001266"/>
</kw>
<kw name="Print All Arguments To Console">
<for flavor="IN">
<iter>
<kw name="Log To Console" owner="BuiltIn">
<arg>${arg}</arg>
<doc>Logs the given message to the console.</doc>
<status status="PASS" start="2025-02-22T17:01:33.157405" elapsed="0.000056"/>
</kw>
<var name="${arg}">['Pikachu', 'Eevee', 'Charizard', 'Bulbasaur', 'Squirtle', 'Jigglypuff', 'Snorlax', 'Butterfree']</var>
<status status="PASS" start="2025-02-22T17:01:33.157377" elapsed="0.000099"/>
</iter>
<var>${arg}</var>
<value>@{all_args}</value>
<status status="PASS" start="2025-02-22T17:01:33.157333" elapsed="0.000156"/>
</for>
<arg>${POKEMON}</arg>
<status status="PASS" start="2025-02-22T17:01:33.157247" elapsed="0.000265"/>
</kw>
<status status="PASS" start="2025-02-22T17:01:33.151022" elapsed="0.006541"/>
</test>
<test id="s1-t5" name="Test with some Collections keywords using scalar" line="37">
<kw name="Create List" owner="BuiltIn">
<msg time="2025-02-22T17:01:33.157839" level="INFO">${list} = ['1', '2', '3']</msg>
<var>${list}</var>
<arg>1</arg>
<arg>2</arg>
<arg>3</arg>
<doc>Returns a list containing given items.</doc>
<status status="PASS" start="2025-02-22T17:01:33.157777" elapsed="0.000074"/>
</kw>
<kw name="Append To List" owner="Collections">
<arg>${list}</arg>
<arg>4</arg>
<arg>5</arg>
<arg>6</arg>
<doc>Adds ``values`` to the end of ``list``.</doc>
<status status="PASS" start="2025-02-22T17:01:33.157906" elapsed="0.000056"/>
</kw>
<kw name="Create List" owner="BuiltIn">
<msg time="2025-02-22T17:01:33.158067" level="INFO">${list2} = ['7', '8', '9']</msg>
<var>${list2}</var>
<arg>7</arg>
<arg>8</arg>
<arg>9</arg>
<doc>Returns a list containing given items.</doc>
<status status="PASS" start="2025-02-22T17:01:33.158014" elapsed="0.000066"/>
</kw>
<kw name="Combine Lists" owner="Collections">
<msg time="2025-02-22T17:01:33.158205" level="INFO">${new_list} = ['1', '2', '3', '4', '5', '6', '7', '8', '9']</msg>
<var>${new_list}</var>
<arg>${list}</arg>
<arg>${list2}</arg>
<doc>Combines the given ``lists`` together and returns the result.</doc>
<status status="PASS" start="2025-02-22T17:01:33.158133" elapsed="0.000083"/>
</kw>
<kw name="Reverse List" owner="Collections">
<arg>${new_list}</arg>
<doc>Reverses the given list in place.</doc>
<status status="PASS" start="2025-02-22T17:01:33.158267" elapsed="0.000047"/>
</kw>
<kw name="Log Many" owner="BuiltIn">
<msg time="2025-02-22T17:01:33.158415" level="INFO">['9', '8', '7', '6', '5', '4', '3', '2', '1']</msg>
<arg>${new_list}</arg>
<doc>Logs the given messages as separate entries using the INFO level.</doc>
<status status="PASS" start="2025-02-22T17:01:33.158367" elapsed="0.000065"/>
</kw>
<status status="PASS" start="2025-02-22T17:01:33.157642" elapsed="0.000839"/>
</test>
<test id="s1-t6" name="Test with some Collection keywords using list" line="45">
<kw name="Create List" owner="BuiltIn">
<msg time="2025-02-22T17:01:33.158742" level="INFO">${list3} = ['Squirtle', 'Bulbasaur', 'Charmender']</msg>
<var>${list3}</var>
<arg>Squirtle</arg>
<arg>Bulbasaur</arg>
<arg>Charmender</arg>
<doc>Returns a list containing given items.</doc>
<status status="PASS" start="2025-02-22T17:01:33.158689" elapsed="0.000064"/>
</kw>
<kw name="Append To List" owner="Collections">
<arg>${list3}</arg>
<arg>Torchick</arg>
<arg>Totodile</arg>
<arg>Cyndaquil</arg>
<doc>Adds ``values`` to the end of ``list``.</doc>
<status status="PASS" start="2025-02-22T17:01:33.158804" elapsed="0.000052"/>
</kw>
<kw name="Create List" owner="BuiltIn">
<msg time="2025-02-22T17:01:33.158956" level="INFO">${list4} = ['Pokabu', 'Blacky', 'Vaporeon']</msg>
<var>${list4}</var>
<arg>Pokabu</arg>
<arg>Blacky</arg>
<arg>Vaporeon</arg>
<doc>Returns a list containing given items.</doc>
<status status="PASS" start="2025-02-22T17:01:33.158908" elapsed="0.000058"/>
</kw>
<kw name="Combine Lists" owner="Collections">
<msg time="2025-02-22T17:01:33.159087" level="INFO">${new_list2} = ['Squirtle', 'Bulbasaur', 'Charmender', 'Torchick', 'Totodile', 'Cyndaquil', 'Pokabu', 'Blacky', 'Vaporeon']</msg>
<var>${new_list2}</var>
<arg>${list3}</arg>
<arg>${list4}</arg>
<doc>Combines the given ``lists`` together and returns the result.</doc>
<status status="PASS" start="2025-02-22T17:01:33.159016" elapsed="0.000082"/>
</kw>
<kw name="Reverse List" owner="Collections">
<arg>${new_list2}</arg>
<doc>Reverses the given list in place.</doc>
<status status="PASS" start="2025-02-22T17:01:33.159148" elapsed="0.000048"/>
</kw>
<kw name="Log Many" owner="BuiltIn">
<msg time="2025-02-22T17:01:33.159286" level="INFO">['Vaporeon', 'Blacky', 'Pokabu', 'Cyndaquil', 'Totodile', 'Torchick', 'Charmender', 'Bulbasaur', 'Squirtle']</msg>
<arg>${new_list2}</arg>
<doc>Logs the given messages as separate entries using the INFO level.</doc>
<status status="PASS" start="2025-02-22T17:01:33.159245" elapsed="0.000057"/>
</kw>
<status status="PASS" start="2025-02-22T17:01:33.158559" elapsed="0.000792"/>
</test>
<test id="s1-t7" name="Test to access list entries" line="54">
<kw name="Log To Console" owner="BuiltIn">
<arg>index 18 &amp; 6 =&gt; ${LETTERS}[18] ${LETTERS}[6]</arg>
<doc>Logs the given message to the console.</doc>
<status status="PASS" start="2025-02-22T17:01:33.159535" elapsed="0.000133"/>
</kw>
<kw name="Log To Console" owner="BuiltIn">
<arg>index 5 to 10 =&gt; ${LETTERS}[5:10]</arg>
<doc>Logs the given message to the console.</doc>
<status status="PASS" start="2025-02-22T17:01:33.159718" elapsed="0.000084"/>
</kw>
<kw name="Log To Console" owner="BuiltIn">
<arg>index start to 5 =&gt; ${LETTERS}[:5]</arg>
<doc>Logs the given message to the console.</doc>
<status status="PASS" start="2025-02-22T17:01:33.159850" elapsed="0.000071"/>
</kw>
<kw name="Log To Console" owner="BuiltIn">
<arg>index 20 to end =&gt; ${LETTERS}[20:]</arg>
<doc>Logs the given message to the console.</doc>
<status status="PASS" start="2025-02-22T17:01:33.159967" elapsed="0.000077"/>
</kw>
<kw name="Log To Console" owner="BuiltIn">
<arg>Last 5 to end =&gt; ${LETTERS}[-5:]</arg>
<doc>Logs the given message to the console.</doc>
<status status="PASS" start="2025-02-22T17:01:33.160089" elapsed="0.000071"/>
</kw>
<status status="PASS" start="2025-02-22T17:01:33.159425" elapsed="0.000781"/>
</test>
<status status="FAIL" start="2025-02-22T17:01:33.126042" elapsed="0.034383"/>
</suite>
<statistics>
<total>
<stat pass="4" fail="3" skip="0">All Tests</stat>
</total>
<tag>
</tag>
<suite>
<stat name="2 Lists" id="s1" pass="4" fail="3" skip="0">2 Lists</stat>
</suite>
</statistics>
<errors>
</errors>
</robot>
