<?xml version="1.0" encoding="UTF-8"?>
<robot generator="Robot 7.2.2 (Python 3.12.8 on darwin)" generated="2025-02-24T16:26:01.820639" rpa="false" schemaversion="5">
<suite id="s1" name="1 Scalar" source="/Users/user/Documents/PycharmProjects/robot-basic-pycharm/tests/E-Variables/1_Scalar/1_Scalar.robot">
<test id="s1-t1" name="Test Case With Variables" line="7">
<kw name="Log" owner="BuiltIn">
<msg time="2025-02-24T16:26:01.836953" level="INFO">This is a global variable!</msg>
<arg>${GLOBAL_VAR1}</arg>
<doc>Logs the given message with the given level.</doc>
<status status="PASS" start="2025-02-24T16:26:01.836816" elapsed="0.000175"/>
</kw>
<kw name="Log" owner="BuiltIn">
<msg time="2025-02-24T16:26:01.837172" level="INFO">String concadination Is simple with "This is a global variable!" and "Equal sign is optional but sometimes helpful."</msg>
<arg>String concadination Is simple with "${GLOBAL_VAR1}" and "${ANOTHER_GLOBAL}"</arg>
<doc>Logs the given message with the given level.</doc>
<status status="PASS" start="2025-02-24T16:26:01.837082" elapsed="0.000113"/>
</kw>
<kw name="Log" owner="BuiltIn">
<msg time="2025-02-24T16:26:01.837309" level="INFO">Escaping with backslash. Then you can use names like ${GLOBAL_VAR1}</msg>
<arg>Escaping with backslash. Then you can use names like \${GLOBAL_VAR1}</arg>
<doc>Logs the given message with the given level.</doc>
<status status="PASS" start="2025-02-24T16:26:01.837259" elapsed="0.000069"/>
</kw>
<status status="PASS" start="2025-02-24T16:26:01.836420" elapsed="0.000968"/>
</test>
<test id="s1-t2" name="Test with Numbers" line="12">
<kw name="Log" owner="BuiltIn">
<msg time="2025-02-24T16:26:01.837796" level="INFO">1 is a string and 1 is an integer...</msg>
<arg>1 is a string and ${1} is an integer...</arg>
<doc>Logs the given message with the given level.</doc>
<status status="PASS" start="2025-02-24T16:26:01.837614" elapsed="0.000202"/>
</kw>
<kw name="Evaluate" owner="BuiltIn">
<msg time="2025-02-24T16:26:01.837962" level="INFO">${result} = 2</msg>
<var>${result}</var>
<arg>1 + 1</arg>
<doc>Evaluates the given expression in Python and returns the result.</doc>
<status status="PASS" start="2025-02-24T16:26:01.837875" elapsed="0.000098"/>
</kw>
<kw name="Should Be Equal" owner="BuiltIn">
<arg>${result}</arg>
<arg>${2}</arg>
<doc>Fails if the given objects are unequal.</doc>
<status status="PASS" start="2025-02-24T16:26:01.838028" elapsed="0.000185"/>
</kw>
<kw name="Should Not Be Equal" owner="BuiltIn">
<msg time="2025-02-24T16:26:01.838320" level="INFO">Argument types are:
&lt;class 'int'&gt;
&lt;class 'str'&gt;</msg>
<arg>${result}</arg>
<arg>2</arg>
<doc>Fails if the given objects are equal.</doc>
<status status="PASS" start="2025-02-24T16:26:01.838266" elapsed="0.000076"/>
</kw>
<status status="PASS" start="2025-02-24T16:26:01.837489" elapsed="0.000906"/>
</test>
<test id="s1-t3" name="Test Case with Return Values" line="18">
<kw name="Log" owner="BuiltIn">
<msg time="2025-02-24T16:26:01.838705" level="INFO">Return Values can be assigned to Variables</msg>
<arg>Return Values can be assigned to Variables</arg>
<doc>Logs the given message with the given level.</doc>
<status status="PASS" start="2025-02-24T16:26:01.838593" elapsed="0.000132"/>
</kw>
<kw name="Get Hello World As Text">
<kw name="Log" owner="BuiltIn">
<msg time="2025-02-24T16:26:01.838998" level="INFO">this keyword just returns the string "Hello World"</msg>
<arg>this keyword just returns the string "Hello World"</arg>
<doc>Logs the given message with the given level.</doc>
<status status="PASS" start="2025-02-24T16:26:01.838960" elapsed="0.000056"/>
</kw>
<return>
<value>Hello World</value>
<status status="PASS" start="2025-02-24T16:26:01.839039" elapsed="0.000026"/>
</return>
<msg time="2025-02-24T16:26:01.839116" level="INFO">${the_returned_text} = Hello World</msg>
<var>${the_returned_text}</var>
<status status="PASS" start="2025-02-24T16:26:01.838835" elapsed="0.000291"/>
</kw>
<kw name="Log To Console" owner="BuiltIn">
<arg>${the_returned_text}</arg>
<doc>Logs the given message to the console.</doc>
<status status="PASS" start="2025-02-24T16:26:01.839179" elapsed="0.000066"/>
</kw>
<status status="PASS" start="2025-02-24T16:26:01.838477" elapsed="0.000817"/>
</test>
<test id="s1-t4" name="Test With Arguments and Return Values" line="23">
<kw name="Count the Length and Log To Console">
<kw name="Get Length" owner="BuiltIn">
<msg time="2025-02-24T16:26:01.839661" level="INFO">Length is 32.</msg>
<msg time="2025-02-24T16:26:01.839689" level="INFO">${length} = 32</msg>
<var>${length}</var>
<arg>${text}</arg>
<doc>Returns and logs the length of the given item as an integer.</doc>
<status status="PASS" start="2025-02-24T16:26:01.839616" elapsed="0.000083"/>
</kw>
<kw name="Log To Console" owner="BuiltIn">
<arg>\nThe Text "${text}" has ${length} characters...</arg>
<doc>Logs the given message to the console.</doc>
<status status="PASS" start="2025-02-24T16:26:01.839738" elapsed="0.000081"/>
</kw>
<return>
<value>${length}</value>
<status status="PASS" start="2025-02-24T16:26:01.839840" elapsed="0.000018"/>
</return>
<msg time="2025-02-24T16:26:01.839908" level="INFO">${len} = 32</msg>
<var>${len}</var>
<arg>Hello Robot Framework Community!</arg>
<status status="PASS" start="2025-02-24T16:26:01.839517" elapsed="0.000402"/>
</kw>
<kw name="Should Be Equal" owner="BuiltIn">
<arg>${len}</arg>
<arg>${32}</arg>
<doc>Fails if the given objects are unequal.</doc>
<status status="PASS" start="2025-02-24T16:26:01.839970" elapsed="0.000179"/>
</kw>
<status status="PASS" start="2025-02-24T16:26:01.839366" elapsed="0.000836"/>
</test>
<test id="s1-t5" name="Test With Environment Variables" line="27">
<kw name="Log" owner="BuiltIn">
<msg time="2025-02-24T16:26:01.840426" level="INFO">Environment Variables are prefixed with % sign.</msg>
<arg>Environment Variables are prefixed with % sign.</arg>
<doc>Logs the given message with the given level.</doc>
<status status="PASS" start="2025-02-24T16:26:01.840389" elapsed="0.000055"/>
</kw>
<kw name="Log To Console" owner="BuiltIn">
<arg>The /%{USER} is: %{USER}</arg>
<doc>Logs the given message to the console.</doc>
<status status="PASS" start="2025-02-24T16:26:01.840491" elapsed="0.000069"/>
</kw>
<kw name="Log To Console" owner="BuiltIn">
<arg>The /%{HOME} is: %{HOME}</arg>
<doc>Logs the given message to the console.</doc>
<status status="PASS" start="2025-02-24T16:26:01.840604" elapsed="0.000060"/>
</kw>
<status status="PASS" start="2025-02-24T16:26:01.840275" elapsed="0.000435"/>
</test>
<test id="s1-t6" name="Test with BuiltIn Variables of Robot Framework" line="32">
<kw name="Log Variables" owner="BuiltIn">
<msg time="2025-02-24T16:26:01.841270" level="INFO">${/} = /</msg>
<msg time="2025-02-24T16:26:01.841287" level="INFO">${:} = :</msg>
<msg time="2025-02-24T16:26:01.841298" level="INFO">${\n} = 
</msg>
<msg time="2025-02-24T16:26:01.841308" level="INFO">${ANOTHER_GLOBAL} = Equal sign is optional but sometimes helpful.</msg>
<msg time="2025-02-24T16:26:01.841319" level="INFO">${DEBUG_FILE} = NONE</msg>
<msg time="2025-02-24T16:26:01.841328" level="INFO">${EXECDIR} = /Users/user/Documents/PycharmProjects/robot-basic-pycharm</msg>
<msg time="2025-02-24T16:26:01.841339" level="INFO">${False} = False</msg>
<msg time="2025-02-24T16:26:01.841348" level="INFO">${GLOBAL_VAR1} = This is a global variable!</msg>
<msg time="2025-02-24T16:26:01.841358" level="INFO">${LOG_FILE} = /Users/user/Documents/PycharmProjects/robot-basic-pycharm/tests/E-Variables/1_Scalar/log.html</msg>
<msg time="2025-02-24T16:26:01.841367" level="INFO">${LOG_LEVEL} = INFO</msg>
<msg time="2025-02-24T16:26:01.841377" level="INFO">${None} = None</msg>
<msg time="2025-02-24T16:26:01.841386" level="INFO">${null} = None</msg>
<msg time="2025-02-24T16:26:01.841407" level="INFO">&amp;{OPTIONS} = { include=[] | exclude=[] | skip=[] | skip_on_failure=[] | console_width=78 }</msg>
<msg time="2025-02-24T16:26:01.841418" level="INFO">${OUTPUT_DIR} = /Users/user/Documents/PycharmProjects/robot-basic-pycharm/tests/E-Variables/1_Scalar</msg>
<msg time="2025-02-24T16:26:01.841428" level="INFO">${OUTPUT_FILE} = /Users/user/Documents/PycharmProjects/robot-basic-pycharm/tests/E-Variables/1_Scalar/output.xml</msg>
<msg time="2025-02-24T16:26:01.841477" level="INFO">${PREV_TEST_MESSAGE} = </msg>
<msg time="2025-02-24T16:26:01.841487" level="INFO">${PREV_TEST_NAME} = Test With Environment Variables</msg>
<msg time="2025-02-24T16:26:01.841497" level="INFO">${PREV_TEST_STATUS} = PASS</msg>
<msg time="2025-02-24T16:26:01.841507" level="INFO">${REPORT_FILE} = /Users/user/Documents/PycharmProjects/robot-basic-pycharm/tests/E-Variables/1_Scalar/report.html</msg>
<msg time="2025-02-24T16:26:01.841516" level="INFO">${SPACE} =  </msg>
<msg time="2025-02-24T16:26:01.841526" level="INFO">${SUITE_DOCUMENTATION} = </msg>
<msg time="2025-02-24T16:26:01.841541" level="INFO">&amp;{SUITE_METADATA} = { }</msg>
<msg time="2025-02-24T16:26:01.841551" level="INFO">${SUITE_NAME} = 1 Scalar</msg>
<msg time="2025-02-24T16:26:01.841560" level="INFO">${SUITE_SOURCE} = /Users/user/Documents/PycharmProjects/robot-basic-pycharm/tests/E-Variables/1_Scalar/1_Scalar.robot</msg>
<msg time="2025-02-24T16:26:01.841570" level="INFO">${TEMPDIR} = /var/folders/yc/9p16v6_x74j8ydb5q_h3twb40000gn/T</msg>
<msg time="2025-02-24T16:26:01.841579" level="INFO">${TEST_DOCUMENTATION} = </msg>
<msg time="2025-02-24T16:26:01.841589" level="INFO">${TEST_NAME} = Test with BuiltIn Variables of Robot Framework</msg>
<msg time="2025-02-24T16:26:01.841602" level="INFO">@{TEST_TAGS} = [ ]</msg>
<msg time="2025-02-24T16:26:01.841611" level="INFO">${True} = True</msg>
<doc>Logs all variables in the current scope with given log level.</doc>
<status status="PASS" start="2025-02-24T16:26:01.840902" elapsed="0.000727"/>
</kw>
<kw name="Get Variables" owner="BuiltIn">
<msg time="2025-02-24T16:26:01.841890" level="INFO">${all_vars} = {'${/}': '/', '${:}': ':', '${\\n}': '\n', '${ANOTHER_GLOBAL}': 'Equal sign is optional but sometimes helpful.', '${DEBUG_FILE}': 'NONE', '${EXECDIR}': '/Users/user/Documents/PycharmProjects/robot-bas...</msg>
<var>${all_vars}</var>
<doc>Returns a dictionary containing all variables in the current scope.</doc>
<status status="PASS" start="2025-02-24T16:26:01.841686" elapsed="0.000223"/>
</kw>
<for flavor="IN">
<iter>
<kw name="Get Variable Value" owner="BuiltIn">
<msg time="2025-02-24T16:26:01.842270" level="INFO">${value} = /</msg>
<var>${value}</var>
<arg>${var}</arg>
<doc>Returns variable value or ``default`` if the variable does not exist.</doc>
<status status="PASS" start="2025-02-24T16:26:01.842165" elapsed="0.000120"/>
</kw>
<kw name="Log To Console" owner="BuiltIn">
<arg>${var} : ${value}</arg>
<doc>Logs the given message to the console.</doc>
<status status="PASS" start="2025-02-24T16:26:01.842336" elapsed="0.000091"/>
</kw>
<var name="${var}">${/}</var>
<status status="PASS" start="2025-02-24T16:26:01.842109" elapsed="0.000337"/>
</iter>
<iter>
<kw name="Get Variable Value" owner="BuiltIn">
<msg time="2025-02-24T16:26:01.842621" level="INFO">${value} = :</msg>
<var>${value}</var>
<arg>${var}</arg>
<doc>Returns variable value or ``default`` if the variable does not exist.</doc>
<status status="PASS" start="2025-02-24T16:26:01.842539" elapsed="0.000094"/>
</kw>
<kw name="Log To Console" owner="BuiltIn">
<arg>${var} : ${value}</arg>
<doc>Logs the given message to the console.</doc>
<status status="PASS" start="2025-02-24T16:26:01.842674" elapsed="0.000078"/>
</kw>
<var name="${var}">${:}</var>
<status status="PASS" start="2025-02-24T16:26:01.842498" elapsed="0.000272"/>
</iter>
<iter>
<kw name="Get Variable Value" owner="BuiltIn">
<msg time="2025-02-24T16:26:01.842929" level="INFO">${value} = 
</msg>
<var>${value}</var>
<arg>${var}</arg>
<doc>Returns variable value or ``default`` if the variable does not exist.</doc>
<status status="PASS" start="2025-02-24T16:26:01.842847" elapsed="0.000093"/>
</kw>
<kw name="Log To Console" owner="BuiltIn">
<arg>${var} : ${value}</arg>
<doc>Logs the given message to the console.</doc>
<status status="PASS" start="2025-02-24T16:26:01.842978" elapsed="0.000077"/>
</kw>
<var name="${var}">${\n}</var>
<status status="PASS" start="2025-02-24T16:26:01.842813" elapsed="0.000257"/>
</iter>
<iter>
<kw name="Get Variable Value" owner="BuiltIn">
<msg time="2025-02-24T16:26:01.843217" level="INFO">${value} = Equal sign is optional but sometimes helpful.</msg>
<var>${value}</var>
<arg>${var}</arg>
<doc>Returns variable value or ``default`` if the variable does not exist.</doc>
<status status="PASS" start="2025-02-24T16:26:01.843141" elapsed="0.000087"/>
</kw>
<kw name="Log To Console" owner="BuiltIn">
<arg>${var} : ${value}</arg>
<doc>Logs the given message to the console.</doc>
<status status="PASS" start="2025-02-24T16:26:01.843266" elapsed="0.000072"/>
</kw>
<var name="${var}">${ANOTHER_GLOBAL}</var>
<status status="PASS" start="2025-02-24T16:26:01.843108" elapsed="0.000244"/>
</iter>
<iter>
<kw name="Get Variable Value" owner="BuiltIn">
<msg time="2025-02-24T16:26:01.843496" level="INFO">${value} = NONE</msg>
<var>${value}</var>
<arg>${var}</arg>
<doc>Returns variable value or ``default`` if the variable does not exist.</doc>
<status status="PASS" start="2025-02-24T16:26:01.843421" elapsed="0.000086"/>
</kw>
<kw name="Log To Console" owner="BuiltIn">
<arg>${var} : ${value}</arg>
<doc>Logs the given message to the console.</doc>
<status status="PASS" start="2025-02-24T16:26:01.843544" elapsed="0.000080"/>
</kw>
<var name="${var}">${DEBUG_FILE}</var>
<status status="PASS" start="2025-02-24T16:26:01.843389" elapsed="0.000250"/>
</iter>
<iter>
<kw name="Get Variable Value" owner="BuiltIn">
<msg time="2025-02-24T16:26:01.843782" level="INFO">${value} = /Users/user/Documents/PycharmProjects/robot-basic-pycharm</msg>
<var>${value}</var>
<arg>${var}</arg>
<doc>Returns variable value or ``default`` if the variable does not exist.</doc>
<status status="PASS" start="2025-02-24T16:26:01.843707" elapsed="0.000086"/>
</kw>
<kw name="Log To Console" owner="BuiltIn">
<arg>${var} : ${value}</arg>
<doc>Logs the given message to the console.</doc>
<status status="PASS" start="2025-02-24T16:26:01.843829" elapsed="0.000070"/>
</kw>
<var name="${var}">${EXECDIR}</var>
<status status="PASS" start="2025-02-24T16:26:01.843676" elapsed="0.000238"/>
</iter>
<iter>
<kw name="Get Variable Value" owner="BuiltIn">
<msg time="2025-02-24T16:26:01.844050" level="INFO">${value} = False</msg>
<var>${value}</var>
<arg>${var}</arg>
<doc>Returns variable value or ``default`` if the variable does not exist.</doc>
<status status="PASS" start="2025-02-24T16:26:01.843980" elapsed="0.000081"/>
</kw>
<kw name="Log To Console" owner="BuiltIn">
<arg>${var} : ${value}</arg>
<doc>Logs the given message to the console.</doc>
<status status="PASS" start="2025-02-24T16:26:01.844096" elapsed="0.000069"/>
</kw>
<var name="${var}">${False}</var>
<status status="PASS" start="2025-02-24T16:26:01.843949" elapsed="0.000230"/>
</iter>
<iter>
<kw name="Get Variable Value" owner="BuiltIn">
<msg time="2025-02-24T16:26:01.844315" level="INFO">${value} = This is a global variable!</msg>
<var>${value}</var>
<arg>${var}</arg>
<doc>Returns variable value or ``default`` if the variable does not exist.</doc>
<status status="PASS" start="2025-02-24T16:26:01.844244" elapsed="0.000081"/>
</kw>
<kw name="Log To Console" owner="BuiltIn">
<arg>${var} : ${value}</arg>
<doc>Logs the given message to the console.</doc>
<status status="PASS" start="2025-02-24T16:26:01.844360" elapsed="0.000068"/>
</kw>
<var name="${var}">${GLOBAL_VAR1}</var>
<status status="PASS" start="2025-02-24T16:26:01.844214" elapsed="0.000228"/>
</iter>
<iter>
<kw name="Get Variable Value" owner="BuiltIn">
<msg time="2025-02-24T16:26:01.844583" level="INFO">${value} = /Users/user/Documents/PycharmProjects/robot-basic-pycharm/tests/E-Variables/1_Scalar/log.html</msg>
<var>${value}</var>
<arg>${var}</arg>
<doc>Returns variable value or ``default`` if the variable does not exist.</doc>
<status status="PASS" start="2025-02-24T16:26:01.844513" elapsed="0.000081"/>
</kw>
<kw name="Log To Console" owner="BuiltIn">
<arg>${var} : ${value}</arg>
<doc>Logs the given message to the console.</doc>
<status status="PASS" start="2025-02-24T16:26:01.844629" elapsed="0.000068"/>
</kw>
<var name="${var}">${LOG_FILE}</var>
<status status="PASS" start="2025-02-24T16:26:01.844476" elapsed="0.000235"/>
</iter>
<iter>
<kw name="Get Variable Value" owner="BuiltIn">
<msg time="2025-02-24T16:26:01.844912" level="INFO">${value} = INFO</msg>
<var>${value}</var>
<arg>${var}</arg>
<doc>Returns variable value or ``default`` if the variable does not exist.</doc>
<status status="PASS" start="2025-02-24T16:26:01.844841" elapsed="0.000084"/>
</kw>
<kw name="Log To Console" owner="BuiltIn">
<arg>${var} : ${value}</arg>
<doc>Logs the given message to the console.</doc>
<status status="PASS" start="2025-02-24T16:26:01.844962" elapsed="0.000068"/>
</kw>
<var name="${var}">${LOG_LEVEL}</var>
<status status="PASS" start="2025-02-24T16:26:01.844806" elapsed="0.000239"/>
</iter>
<iter>
<kw name="Get Variable Value" owner="BuiltIn">
<msg time="2025-02-24T16:26:01.845333" level="INFO">${value} = None</msg>
<var>${value}</var>
<arg>${var}</arg>
<doc>Returns variable value or ``default`` if the variable does not exist.</doc>
<status status="PASS" start="2025-02-24T16:26:01.845111" elapsed="0.000248"/>
</kw>
<kw name="Log To Console" owner="BuiltIn">
<arg>${var} : ${value}</arg>
<doc>Logs the given message to the console.</doc>
<status status="PASS" start="2025-02-24T16:26:01.845439" elapsed="0.000120"/>
</kw>
<var name="${var}">${None}</var>
<status status="PASS" start="2025-02-24T16:26:01.845081" elapsed="0.000497"/>
</iter>
<iter>
<kw name="Get Variable Value" owner="BuiltIn">
<msg time="2025-02-24T16:26:01.845762" level="INFO">${value} = None</msg>
<var>${value}</var>
<arg>${var}</arg>
<doc>Returns variable value or ``default`` if the variable does not exist.</doc>
<status status="PASS" start="2025-02-24T16:26:01.845678" elapsed="0.000096"/>
</kw>
<kw name="Log To Console" owner="BuiltIn">
<arg>${var} : ${value}</arg>
<doc>Logs the given message to the console.</doc>
<status status="PASS" start="2025-02-24T16:26:01.845815" elapsed="0.000077"/>
</kw>
<var name="${var}">${null}</var>
<status status="PASS" start="2025-02-24T16:26:01.845633" elapsed="0.000275"/>
</iter>
<iter>
<kw name="Get Variable Value" owner="BuiltIn">
<msg time="2025-02-24T16:26:01.846059" level="INFO">${value} = /Users/user/Documents/PycharmProjects/robot-basic-pycharm/tests/E-Variables/1_Scalar</msg>
<var>${value}</var>
<arg>${var}</arg>
<doc>Returns variable value or ``default`` if the variable does not exist.</doc>
<status status="PASS" start="2025-02-24T16:26:01.845984" elapsed="0.000087"/>
</kw>
<kw name="Log To Console" owner="BuiltIn">
<arg>${var} : ${value}</arg>
<doc>Logs the given message to the console.</doc>
<status status="PASS" start="2025-02-24T16:26:01.846109" elapsed="0.000075"/>
</kw>
<var name="${var}">${OUTPUT_DIR}</var>
<status status="PASS" start="2025-02-24T16:26:01.845949" elapsed="0.000250"/>
</iter>
<iter>
<kw name="Get Variable Value" owner="BuiltIn">
<msg time="2025-02-24T16:26:01.846342" level="INFO">${value} = /Users/user/Documents/PycharmProjects/robot-basic-pycharm/tests/E-Variables/1_Scalar/output.xml</msg>
<var>${value}</var>
<arg>${var}</arg>
<doc>Returns variable value or ``default`` if the variable does not exist.</doc>
<status status="PASS" start="2025-02-24T16:26:01.846269" elapsed="0.000084"/>
</kw>
<kw name="Log To Console" owner="BuiltIn">
<arg>${var} : ${value}</arg>
<doc>Logs the given message to the console.</doc>
<status status="PASS" start="2025-02-24T16:26:01.846390" elapsed="0.000072"/>
</kw>
<var name="${var}">${OUTPUT_FILE}</var>
<status status="PASS" start="2025-02-24T16:26:01.846237" elapsed="0.000239"/>
</iter>
<iter>
<kw name="Get Variable Value" owner="BuiltIn">
<msg time="2025-02-24T16:26:01.846618" level="INFO">${value} = </msg>
<var>${value}</var>
<arg>${var}</arg>
<doc>Returns variable value or ``default`` if the variable does not exist.</doc>
<status status="PASS" start="2025-02-24T16:26:01.846544" elapsed="0.000085"/>
</kw>
<kw name="Log To Console" owner="BuiltIn">
<arg>${var} : ${value}</arg>
<doc>Logs the given message to the console.</doc>
<status status="PASS" start="2025-02-24T16:26:01.846664" elapsed="0.000074"/>
</kw>
<var name="${var}">${PREV_TEST_MESSAGE}</var>
<status status="PASS" start="2025-02-24T16:26:01.846512" elapsed="0.000241"/>
</iter>
<iter>
<kw name="Get Variable Value" owner="BuiltIn">
<msg time="2025-02-24T16:26:01.846891" level="INFO">${value} = Test With Environment Variables</msg>
<var>${value}</var>
<arg>${var}</arg>
<doc>Returns variable value or ``default`` if the variable does not exist.</doc>
<status status="PASS" start="2025-02-24T16:26:01.846819" elapsed="0.000083"/>
</kw>
<kw name="Log To Console" owner="BuiltIn">
<arg>${var} : ${value}</arg>
<doc>Logs the given message to the console.</doc>
<status status="PASS" start="2025-02-24T16:26:01.846937" elapsed="0.000072"/>
</kw>
<var name="${var}">${PREV_TEST_NAME}</var>
<status status="PASS" start="2025-02-24T16:26:01.846788" elapsed="0.000236"/>
</iter>
<iter>
<kw name="Get Variable Value" owner="BuiltIn">
<msg time="2025-02-24T16:26:01.847161" level="INFO">${value} = PASS</msg>
<var>${value}</var>
<arg>${var}</arg>
<doc>Returns variable value or ``default`` if the variable does not exist.</doc>
<status status="PASS" start="2025-02-24T16:26:01.847089" elapsed="0.000083"/>
</kw>
<kw name="Log To Console" owner="BuiltIn">
<arg>${var} : ${value}</arg>
<doc>Logs the given message to the console.</doc>
<status status="PASS" start="2025-02-24T16:26:01.847207" elapsed="0.000072"/>
</kw>
<var name="${var}">${PREV_TEST_STATUS}</var>
<status status="PASS" start="2025-02-24T16:26:01.847058" elapsed="0.000236"/>
</iter>
<iter>
<kw name="Get Variable Value" owner="BuiltIn">
<msg time="2025-02-24T16:26:01.847516" level="INFO">${value} = /Users/user/Documents/PycharmProjects/robot-basic-pycharm/tests/E-Variables/1_Scalar/report.html</msg>
<var>${value}</var>
<arg>${var}</arg>
<doc>Returns variable value or ``default`` if the variable does not exist.</doc>
<status status="PASS" start="2025-02-24T16:26:01.847362" elapsed="0.000166"/>
</kw>
<kw name="Log To Console" owner="BuiltIn">
<arg>${var} : ${value}</arg>
<doc>Logs the given message to the console.</doc>
<status status="PASS" start="2025-02-24T16:26:01.847566" elapsed="0.000070"/>
</kw>
<var name="${var}">${REPORT_FILE}</var>
<status status="PASS" start="2025-02-24T16:26:01.847329" elapsed="0.000323"/>
</iter>
<iter>
<kw name="Get Variable Value" owner="BuiltIn">
<msg time="2025-02-24T16:26:01.847790" level="INFO">${value} =  </msg>
<var>${value}</var>
<arg>${var}</arg>
<doc>Returns variable value or ``default`` if the variable does not exist.</doc>
<status status="PASS" start="2025-02-24T16:26:01.847719" elapsed="0.000081"/>
</kw>
<kw name="Log To Console" owner="BuiltIn">
<arg>${var} : ${value}</arg>
<doc>Logs the given message to the console.</doc>
<status status="PASS" start="2025-02-24T16:26:01.847836" elapsed="0.000076"/>
</kw>
<var name="${var}">${SPACE}</var>
<status status="PASS" start="2025-02-24T16:26:01.847689" elapsed="0.000237"/>
</iter>
<iter>
<kw name="Get Variable Value" owner="BuiltIn">
<msg time="2025-02-24T16:26:01.848063" level="INFO">${value} = </msg>
<var>${value}</var>
<arg>${var}</arg>
<doc>Returns variable value or ``default`` if the variable does not exist.</doc>
<status status="PASS" start="2025-02-24T16:26:01.847991" elapsed="0.000082"/>
</kw>
<kw name="Log To Console" owner="BuiltIn">
<arg>${var} : ${value}</arg>
<doc>Logs the given message to the console.</doc>
<status status="PASS" start="2025-02-24T16:26:01.848110" elapsed="0.000073"/>
</kw>
<var name="${var}">${SUITE_DOCUMENTATION}</var>
<status status="PASS" start="2025-02-24T16:26:01.847961" elapsed="0.000237"/>
</iter>
<iter>
<kw name="Get Variable Value" owner="BuiltIn">
<msg time="2025-02-24T16:26:01.848333" level="INFO">${value} = 1 Scalar</msg>
<var>${value}</var>
<arg>${var}</arg>
<doc>Returns variable value or ``default`` if the variable does not exist.</doc>
<status status="PASS" start="2025-02-24T16:26:01.848264" elapsed="0.000079"/>
</kw>
<kw name="Log To Console" owner="BuiltIn">
<arg>${var} : ${value}</arg>
<doc>Logs the given message to the console.</doc>
<status status="PASS" start="2025-02-24T16:26:01.848380" elapsed="0.000069"/>
</kw>
<var name="${var}">${SUITE_NAME}</var>
<status status="PASS" start="2025-02-24T16:26:01.848232" elapsed="0.000231"/>
</iter>
<iter>
<kw name="Get Variable Value" owner="BuiltIn">
<msg time="2025-02-24T16:26:01.848638" level="INFO">${value} = /Users/user/Documents/PycharmProjects/robot-basic-pycharm/tests/E-Variables/1_Scalar/1_Scalar.robot</msg>
<var>${value}</var>
<arg>${var}</arg>
<doc>Returns variable value or ``default`` if the variable does not exist.</doc>
<status status="PASS" start="2025-02-24T16:26:01.848568" elapsed="0.000081"/>
</kw>
<kw name="Log To Console" owner="BuiltIn">
<arg>${var} : ${value}</arg>
<doc>Logs the given message to the console.</doc>
<status status="PASS" start="2025-02-24T16:26:01.848683" elapsed="0.000070"/>
</kw>
<var name="${var}">${SUITE_SOURCE}</var>
<status status="PASS" start="2025-02-24T16:26:01.848538" elapsed="0.000231"/>
</iter>
<iter>
<kw name="Get Variable Value" owner="BuiltIn">
<msg time="2025-02-24T16:26:01.848908" level="INFO">${value} = /var/folders/yc/9p16v6_x74j8ydb5q_h3twb40000gn/T</msg>
<var>${value}</var>
<arg>${var}</arg>
<doc>Returns variable value or ``default`` if the variable does not exist.</doc>
<status status="PASS" start="2025-02-24T16:26:01.848836" elapsed="0.000082"/>
</kw>
<kw name="Log To Console" owner="BuiltIn">
<arg>${var} : ${value}</arg>
<doc>Logs the given message to the console.</doc>
<status status="PASS" start="2025-02-24T16:26:01.848954" elapsed="0.000071"/>
</kw>
<var name="${var}">${TEMPDIR}</var>
<status status="PASS" start="2025-02-24T16:26:01.848802" elapsed="0.000238"/>
</iter>
<iter>
<kw name="Get Variable Value" owner="BuiltIn">
<msg time="2025-02-24T16:26:01.849179" level="INFO">${value} = </msg>
<var>${value}</var>
<arg>${var}</arg>
<doc>Returns variable value or ``default`` if the variable does not exist.</doc>
<status status="PASS" start="2025-02-24T16:26:01.849107" elapsed="0.000083"/>
</kw>
<kw name="Log To Console" owner="BuiltIn">
<arg>${var} : ${value}</arg>
<doc>Logs the given message to the console.</doc>
<status status="PASS" start="2025-02-24T16:26:01.849229" elapsed="0.000066"/>
</kw>
<var name="${var}">${TEST_DOCUMENTATION}</var>
<status status="PASS" start="2025-02-24T16:26:01.849075" elapsed="0.000234"/>
</iter>
<iter>
<kw name="Get Variable Value" owner="BuiltIn">
<msg time="2025-02-24T16:26:01.849442" level="INFO">${value} = Test with BuiltIn Variables of Robot Framework</msg>
<var>${value}</var>
<arg>${var}</arg>
<doc>Returns variable value or ``default`` if the variable does not exist.</doc>
<status status="PASS" start="2025-02-24T16:26:01.849373" elapsed="0.000079"/>
</kw>
<kw name="Log To Console" owner="BuiltIn">
<arg>${var} : ${value}</arg>
<doc>Logs the given message to the console.</doc>
<status status="PASS" start="2025-02-24T16:26:01.849487" elapsed="0.000075"/>
</kw>
<var name="${var}">${TEST_NAME}</var>
<status status="PASS" start="2025-02-24T16:26:01.849343" elapsed="0.000233"/>
</iter>
<iter>
<kw name="Get Variable Value" owner="BuiltIn">
<msg time="2025-02-24T16:26:01.849706" level="INFO">${value} = True</msg>
<var>${value}</var>
<arg>${var}</arg>
<doc>Returns variable value or ``default`` if the variable does not exist.</doc>
<status status="PASS" start="2025-02-24T16:26:01.849638" elapsed="0.000078"/>
</kw>
<kw name="Log To Console" owner="BuiltIn">
<arg>${var} : ${value}</arg>
<doc>Logs the given message to the console.</doc>
<status status="PASS" start="2025-02-24T16:26:01.849750" elapsed="0.000070"/>
</kw>
<var name="${var}">${True}</var>
<status status="PASS" start="2025-02-24T16:26:01.849609" elapsed="0.000225"/>
</iter>
<iter>
<kw name="Get Variable Value" owner="BuiltIn">
<msg time="2025-02-24T16:26:01.850027" level="INFO">${value} = {'include': [], 'exclude': [], 'skip': [], 'skip_on_failure': [], 'console_width': 78}</msg>
<var>${value}</var>
<arg>${var}</arg>
<doc>Returns variable value or ``default`` if the variable does not exist.</doc>
<status status="PASS" start="2025-02-24T16:26:01.849901" elapsed="0.000138"/>
</kw>
<kw name="Log To Console" owner="BuiltIn">
<arg>${var} : ${value}</arg>
<doc>Logs the given message to the console.</doc>
<status status="PASS" start="2025-02-24T16:26:01.850075" elapsed="0.000082"/>
</kw>
<var name="${var}">&amp;{OPTIONS}</var>
<status status="PASS" start="2025-02-24T16:26:01.849868" elapsed="0.000304"/>
</iter>
<iter>
<kw name="Get Variable Value" owner="BuiltIn">
<msg time="2025-02-24T16:26:01.850324" level="INFO">${value} = {}</msg>
<var>${value}</var>
<arg>${var}</arg>
<doc>Returns variable value or ``default`` if the variable does not exist.</doc>
<status status="PASS" start="2025-02-24T16:26:01.850238" elapsed="0.000096"/>
</kw>
<kw name="Log To Console" owner="BuiltIn">
<arg>${var} : ${value}</arg>
<doc>Logs the given message to the console.</doc>
<status status="PASS" start="2025-02-24T16:26:01.850370" elapsed="0.000080"/>
</kw>
<var name="${var}">&amp;{SUITE_METADATA}</var>
<status status="PASS" start="2025-02-24T16:26:01.850208" elapsed="0.000256"/>
</iter>
<iter>
<kw name="Get Variable Value" owner="BuiltIn">
<msg time="2025-02-24T16:26:01.850601" level="INFO">${value} = []</msg>
<var>${value}</var>
<arg>${var}</arg>
<doc>Returns variable value or ``default`` if the variable does not exist.</doc>
<status status="PASS" start="2025-02-24T16:26:01.850530" elapsed="0.000082"/>
</kw>
<kw name="Log To Console" owner="BuiltIn">
<arg>${var} : ${value}</arg>
<doc>Logs the given message to the console.</doc>
<status status="PASS" start="2025-02-24T16:26:01.850647" elapsed="0.000077"/>
</kw>
<var name="${var}">@{TEST_TAGS}</var>
<status status="PASS" start="2025-02-24T16:26:01.850498" elapsed="0.000240"/>
</iter>
<var>${var}</var>
<value>@{all_vars}</value>
<status status="PASS" start="2025-02-24T16:26:01.841977" elapsed="0.008775"/>
</for>
<status status="PASS" start="2025-02-24T16:26:01.840782" elapsed="0.010037"/>
</test>
<status status="PASS" start="2025-02-24T16:26:01.821304" elapsed="0.029717"/>
</suite>
<statistics>
<total>
<stat pass="6" fail="0" skip="0">All Tests</stat>
</total>
<tag>
</tag>
<suite>
<stat name="1 Scalar" id="s1" pass="6" fail="0" skip="0">1 Scalar</stat>
</suite>
</statistics>
<errors>
</errors>
</robot>
