<?xml version="1.0" encoding="UTF-8"?>
<robot generator="Robot 7.2.2 (Python 3.12.8 on darwin)" generated="2025-02-24T15:35:51.057656" rpa="false" schemaversion="5">
<suite id="s1" name="4 In Zip" source="/Users/user/Documents/PycharmProjects/robot-basic-pycharm/tests/F-FOR-Loops/4_in_zip/4_in_zip.robot">
<test id="s1-t1" name="Combine Two Loops" line="7">
<kw name="Log To Console" owner="BuiltIn">
<arg>Full Names:</arg>
<doc>Logs the given message to the console.</doc>
<status status="PASS" start="2025-02-24T15:35:51.074301" elapsed="0.000100"/>
</kw>
<for flavor="IN ZIP">
<iter>
<kw name="Log To Console" owner="BuiltIn">
<arg>\t${first} ${last}</arg>
<doc>Logs the given message to the console.</doc>
<status status="PASS" start="2025-02-24T15:35:51.074630" elapsed="0.000093"/>
</kw>
<var name="${first}">Bruce</var>
<var name="${last}">Banner</var>
<status status="PASS" start="2025-02-24T15:35:51.074590" elapsed="0.000154"/>
</iter>
<iter>
<kw name="Log To Console" owner="BuiltIn">
<arg>\t${first} ${last}</arg>
<doc>Logs the given message to the console.</doc>
<status status="PASS" start="2025-02-24T15:35:51.074821" elapsed="0.000073"/>
</kw>
<var name="${first}">Steve</var>
<var name="${last}">Rogers</var>
<status status="PASS" start="2025-02-24T15:35:51.074791" elapsed="0.000118"/>
</iter>
<iter>
<kw name="Log To Console" owner="BuiltIn">
<arg>\t${first} ${last}</arg>
<doc>Logs the given message to the console.</doc>
<status status="PASS" start="2025-02-24T15:35:51.074973" elapsed="0.000066"/>
</kw>
<var name="${first}">Peter</var>
<var name="${last}">Parker</var>
<status status="PASS" start="2025-02-24T15:35:51.074947" elapsed="0.000106"/>
</iter>
<var>${first}</var>
<var>${last}</var>
<value>${First Name}</value>
<value>${Last Name}</value>
<status status="PASS" start="2025-02-24T15:35:51.074477" elapsed="0.000590"/>
</for>
<status status="PASS" start="2025-02-24T15:35:51.073960" elapsed="0.001167"/>
</test>
<status status="PASS" start="2025-02-24T15:35:51.058447" elapsed="0.016852"/>
</suite>
<statistics>
<total>
<stat pass="1" fail="0" skip="0">All Tests</stat>
</total>
<tag>
</tag>
<suite>
<stat name="4 In Zip" id="s1" pass="1" fail="0" skip="0">4 In Zip</stat>
</suite>
</statistics>
<errors>
</errors>
</robot>
