<?xml version="1.0" encoding="UTF-8"?>
<robot generator="Robot 7.2.2 (Python 3.12.8 on darwin)" generated="2025-02-24T15:13:56.145772" rpa="false" schemaversion="5">
<suite id="s1" name="1 In" source="/Users/user/Documents/PycharmProjects/robot-basic-pycharm/tests/F-FOR-Loops/1_in/1_in.robot">
<test id="s1-t1" name="Loop over list" line="11">
<kw name="Log To Console" owner="BuiltIn">
<arg>Four mamals:</arg>
<doc>Logs the given message to the console.</doc>
<status status="PASS" start="2025-02-24T15:13:56.165836" elapsed="0.000128"/>
</kw>
<for flavor="IN">
<iter>
<kw name="Log To Console" owner="BuiltIn">
<arg>\t${var}</arg>
<doc>Logs the given message to the console.</doc>
<status status="PASS" start="2025-02-24T15:13:56.166202" elapsed="0.000095"/>
</kw>
<var name="${var}">cat</var>
<status status="PASS" start="2025-02-24T15:13:56.166154" elapsed="0.000166"/>
</iter>
<iter>
<kw name="Log To Console" owner="BuiltIn">
<arg>\t${var}</arg>
<doc>Logs the given message to the console.</doc>
<status status="PASS" start="2025-02-24T15:13:56.166400" elapsed="0.000091"/>
</kw>
<var name="${var}">dog</var>
<status status="PASS" start="2025-02-24T15:13:56.166365" elapsed="0.000144"/>
</iter>
<iter>
<kw name="Log To Console" owner="BuiltIn">
<arg>\t${var}</arg>
<doc>Logs the given message to the console.</doc>
<status status="PASS" start="2025-02-24T15:13:56.166574" elapsed="0.000069"/>
</kw>
<var name="${var}">cow</var>
<status status="PASS" start="2025-02-24T15:13:56.166545" elapsed="0.000114"/>
</iter>
<var>${var}</var>
<value>@{mammals}</value>
<status status="PASS" start="2025-02-24T15:13:56.166044" elapsed="0.000629"/>
</for>
<status status="PASS" start="2025-02-24T15:13:56.165395" elapsed="0.001343"/>
</test>
<test id="s1-t2" name="Loop over two lists after each other" line="17">
<kw name="Log To Console" owner="BuiltIn">
<arg>Four mamals &amp; four birds:</arg>
<doc>Logs the given message to the console.</doc>
<status status="PASS" start="2025-02-24T15:13:56.166975" elapsed="0.000052"/>
</kw>
<for flavor="IN">
<iter>
<kw name="Log To Console" owner="BuiltIn">
<arg>\t${var}</arg>
<doc>Logs the given message to the console.</doc>
<status status="PASS" start="2025-02-24T15:13:56.167161" elapsed="0.000141"/>
</kw>
<var name="${var}">cat</var>
<status status="PASS" start="2025-02-24T15:13:56.167131" elapsed="0.000188"/>
</iter>
<iter>
<kw name="Log To Console" owner="BuiltIn">
<arg>\t${var}</arg>
<doc>Logs the given message to the console.</doc>
<status status="PASS" start="2025-02-24T15:13:56.167385" elapsed="0.000064"/>
</kw>
<var name="${var}">dog</var>
<status status="PASS" start="2025-02-24T15:13:56.167356" elapsed="0.000108"/>
</iter>
<iter>
<kw name="Log To Console" owner="BuiltIn">
<arg>\t${var}</arg>
<doc>Logs the given message to the console.</doc>
<status status="PASS" start="2025-02-24T15:13:56.167524" elapsed="0.000061"/>
</kw>
<var name="${var}">cow</var>
<status status="PASS" start="2025-02-24T15:13:56.167495" elapsed="0.000105"/>
</iter>
<iter>
<kw name="Log To Console" owner="BuiltIn">
<arg>\t${var}</arg>
<doc>Logs the given message to the console.</doc>
<status status="PASS" start="2025-02-24T15:13:56.167658" elapsed="0.000058"/>
</kw>
<var name="${var}">eagle</var>
<status status="PASS" start="2025-02-24T15:13:56.167632" elapsed="0.000098"/>
</iter>
<iter>
<kw name="Log To Console" owner="BuiltIn">
<arg>\t${var}</arg>
<doc>Logs the given message to the console.</doc>
<status status="PASS" start="2025-02-24T15:13:56.167785" elapsed="0.000060"/>
</kw>
<var name="${var}">falcon</var>
<status status="PASS" start="2025-02-24T15:13:56.167759" elapsed="0.000101"/>
</iter>
<iter>
<kw name="Log To Console" owner="BuiltIn">
<arg>\t${var}</arg>
<doc>Logs the given message to the console.</doc>
<status status="PASS" start="2025-02-24T15:13:56.167917" elapsed="0.000062"/>
</kw>
<var name="${var}">ladybird</var>
<status status="PASS" start="2025-02-24T15:13:56.167890" elapsed="0.000103"/>
</iter>
<var>${var}</var>
<value>@{mammals}</value>
<value>@{birds}</value>
<status status="PASS" start="2025-02-24T15:13:56.167063" elapsed="0.000942"/>
</for>
<status status="PASS" start="2025-02-24T15:13:56.166836" elapsed="0.001227"/>
</test>
<test id="s1-t3" name="Loop over multiple values" line="23">
<kw name="Log To Console" owner="BuiltIn">
<arg>Four users:</arg>
<doc>Logs the given message to the console.</doc>
<status status="PASS" start="2025-02-24T15:13:56.168392" elapsed="0.000093"/>
</kw>
<for flavor="IN">
<iter>
<kw name="Log To Console" owner="BuiltIn">
<arg>\t${var}</arg>
<doc>Logs the given message to the console.</doc>
<status status="PASS" start="2025-02-24T15:13:56.168664" elapsed="0.000084"/>
</kw>
<var name="${var}">peter</var>
<status status="PASS" start="2025-02-24T15:13:56.168626" elapsed="0.000142"/>
</iter>
<iter>
<kw name="Log To Console" owner="BuiltIn">
<arg>\t${var}</arg>
<doc>Logs the given message to the console.</doc>
<status status="PASS" start="2025-02-24T15:13:56.168845" elapsed="0.000070"/>
</kw>
<var name="${var}">bruce</var>
<status status="PASS" start="2025-02-24T15:13:56.168808" elapsed="0.000124"/>
</iter>
<iter>
<kw name="Log To Console" owner="BuiltIn">
<arg>\t${var}</arg>
<doc>Logs the given message to the console.</doc>
<status status="PASS" start="2025-02-24T15:13:56.168998" elapsed="0.000065"/>
</kw>
<var name="${var}">tony</var>
<status status="PASS" start="2025-02-24T15:13:56.168968" elapsed="0.000110"/>
</iter>
<var>${var}</var>
<value>${user1}</value>
<value>${user2}</value>
<value>${user3}</value>
<status status="PASS" start="2025-02-24T15:13:56.168540" elapsed="0.000551"/>
</for>
<status status="PASS" start="2025-02-24T15:13:56.168197" elapsed="0.000955"/>
</test>
<status status="PASS" start="2025-02-24T15:13:56.146508" elapsed="0.022832"/>
</suite>
<statistics>
<total>
<stat pass="3" fail="0" skip="0">All Tests</stat>
</total>
<tag>
</tag>
<suite>
<stat name="1 In" id="s1" pass="3" fail="0" skip="0">1 In</stat>
</suite>
</statistics>
<errors>
</errors>
</robot>
